{"/Users/gayathrikanchinadham/Desktop/UBR Open NMS - Senao/services/auth-service/src/app.js": {"path":"/Users/gayathrikanchinadham/Desktop/UBR Open NMS - Senao/services/auth-service/src/app.js","statementMap":{"0":{"start":{"line":3,"column":16},"end":{"line":3,"column":34}},"1":{"start":{"line":4,"column":15},"end":{"line":4,"column":32}},"2":{"start":{"line":5,"column":13},"end":{"line":5,"column":28}},"3":{"start":{"line":6,"column":18},"end":{"line":6,"column":47}},"4":{"start":{"line":7,"column":15},"end":{"line":7,"column":34}},"5":{"start":{"line":8,"column":15},"end":{"line":8,"column":40}},"6":{"start":{"line":9,"column":19},"end":{"line":9,"column":50}},"7":{"start":{"line":10,"column":19},"end":{"line":10,"column":51}},"8":{"start":{"line":13,"column":14},"end":{"line":13,"column":23}},"9":{"start":{"line":16,"column":2},"end":{"line":16,"column":20}},"10":{"start":{"line":19,"column":2},"end":{"line":19,"column":86}},"11":{"start":{"line":22,"column":2},"end":{"line":22,"column":42}},"12":{"start":{"line":23,"column":2},"end":{"line":23,"column":51}},"13":{"start":{"line":26,"column":2},"end":{"line":26,"column":28}},"14":{"start":{"line":29,"column":22},"end":{"line":38,"column":4}},"15":{"start":{"line":39,"column":2},"end":{"line":39,"column":45}},"16":{"start":{"line":42,"column":2},"end":{"line":42,"column":77}},"17":{"start":{"line":42,"column":37},"end":{"line":42,"column":75}},"18":{"start":{"line":43,"column":2},"end":{"line":43,"column":76}},"19":{"start":{"line":43,"column":36},"end":{"line":43,"column":74}},"20":{"start":{"line":46,"column":2},"end":{"line":46,"column":38}},"21":{"start":{"line":47,"column":2},"end":{"line":47,"column":39}},"22":{"start":{"line":50,"column":2},"end":{"line":52,"column":5}},"23":{"start":{"line":51,"column":4},"end":{"line":51,"column":105}},"24":{"start":{"line":56,"column":2},"end":{"line":59,"column":5}},"25":{"start":{"line":57,"column":4},"end":{"line":57,"column":80}},"26":{"start":{"line":58,"column":4},"end":{"line":58,"column":123}},"27":{"start":{"line":61,"column":2},"end":{"line":61,"column":13}},"28":{"start":{"line":64,"column":0},"end":{"line":64,"column":31}}},"fnMap":{"0":{"name":"createApp","decl":{"start":{"line":12,"column":9},"end":{"line":12,"column":18}},"loc":{"start":{"line":12,"column":21},"end":{"line":62,"column":1}},"line":12},"1":{"name":"(anonymous_1)","decl":{"start":{"line":42,"column":22},"end":{"line":42,"column":23}},"loc":{"start":{"line":42,"column":37},"end":{"line":42,"column":75}},"line":42},"2":{"name":"(anonymous_2)","decl":{"start":{"line":43,"column":21},"end":{"line":43,"column":22}},"loc":{"start":{"line":43,"column":36},"end":{"line":43,"column":74}},"line":43},"3":{"name":"(anonymous_3)","decl":{"start":{"line":50,"column":10},"end":{"line":50,"column":11}},"loc":{"start":{"line":50,"column":25},"end":{"line":52,"column":3}},"line":50},"4":{"name":"(anonymous_4)","decl":{"start":{"line":56,"column":10},"end":{"line":56,"column":11}},"loc":{"start":{"line":56,"column":37},"end":{"line":59,"column":3}},"line":56}},"branchMap":{},"s":{"0":0,"1":0,"2":0,"3":0,"4":0,"5":0,"6":0,"7":0,"8":0,"9":0,"10":0,"11":0,"12":0,"13":0,"14":0,"15":0,"16":0,"17":0,"18":0,"19":0,"20":0,"21":0,"22":0,"23":0,"24":0,"25":0,"26":0,"27":0,"28":0},"f":{"0":0,"1":0,"2":0,"3":0,"4":0},"b":{}}
,"/Users/gayathrikanchinadham/Desktop/UBR Open NMS - Senao/services/auth-service/src/config/index.js": {"path":"/Users/gayathrikanchinadham/Desktop/UBR Open NMS - Senao/services/auth-service/src/config/index.js","statementMap":{"0":{"start":{"line":3,"column":0},"end":{"line":3,"column":27}},"1":{"start":{"line":5,"column":0},"end":{"line":71,"column":2}}},"fnMap":{},"branchMap":{"0":{"loc":{"start":{"line":6,"column":17},"end":{"line":6,"column":48}},"type":"binary-expr","locations":[{"start":{"line":6,"column":17},"end":{"line":6,"column":38}},{"start":{"line":6,"column":42},"end":{"line":6,"column":48}}],"line":6},"1":{"loc":{"start":{"line":7,"column":11},"end":{"line":7,"column":48}},"type":"binary-expr","locations":[{"start":{"line":7,"column":11},"end":{"line":7,"column":31}},{"start":{"line":7,"column":35},"end":{"line":7,"column":48}}],"line":7},"2":{"loc":{"start":{"line":10,"column":9},"end":{"line":10,"column":69}},"type":"binary-expr","locations":[{"start":{"line":10,"column":9},"end":{"line":10,"column":30}},{"start":{"line":10,"column":34},"end":{"line":10,"column":69}}],"line":10},"3":{"loc":{"start":{"line":15,"column":10},"end":{"line":15,"column":47}},"type":"binary-expr","locations":[{"start":{"line":15,"column":10},"end":{"line":15,"column":32}},{"start":{"line":15,"column":36},"end":{"line":15,"column":47}}],"line":15},"4":{"loc":{"start":{"line":16,"column":19},"end":{"line":16,"column":51}},"type":"binary-expr","locations":[{"start":{"line":16,"column":19},"end":{"line":16,"column":41}},{"start":{"line":16,"column":45},"end":{"line":16,"column":51}}],"line":16},"5":{"loc":{"start":{"line":17,"column":14},"end":{"line":17,"column":53}},"type":"binary-expr","locations":[{"start":{"line":17,"column":14},"end":{"line":17,"column":40}},{"start":{"line":17,"column":44},"end":{"line":17,"column":53}}],"line":17},"6":{"loc":{"start":{"line":18,"column":9},"end":{"line":18,"column":58}},"type":"cond-expr","locations":[{"start":{"line":18,"column":44},"end":{"line":18,"column":46}},{"start":{"line":18,"column":49},"end":{"line":18,"column":58}}],"line":18},"7":{"loc":{"start":{"line":23,"column":9},"end":{"line":23,"column":56}},"type":"binary-expr","locations":[{"start":{"line":23,"column":9},"end":{"line":23,"column":29}},{"start":{"line":23,"column":33},"end":{"line":23,"column":56}}],"line":23},"8":{"loc":{"start":{"line":24,"column":12},"end":{"line":24,"column":59}},"type":"binary-expr","locations":[{"start":{"line":24,"column":12},"end":{"line":24,"column":36}},{"start":{"line":24,"column":40},"end":{"line":24,"column":59}}],"line":24},"9":{"loc":{"start":{"line":25,"column":12},"end":{"line":25,"column":68}},"type":"binary-expr","locations":[{"start":{"line":25,"column":12},"end":{"line":25,"column":36}},{"start":{"line":25,"column":40},"end":{"line":25,"column":68}}],"line":25},"10":{"loc":{"start":{"line":26,"column":18},"end":{"line":26,"column":54}},"type":"binary-expr","locations":[{"start":{"line":26,"column":18},"end":{"line":26,"column":48}},{"start":{"line":26,"column":52},"end":{"line":26,"column":54}}],"line":26},"11":{"loc":{"start":{"line":27,"column":18},"end":{"line":27,"column":72}},"type":"binary-expr","locations":[{"start":{"line":27,"column":18},"end":{"line":27,"column":48}},{"start":{"line":27,"column":52},"end":{"line":27,"column":72}}],"line":27},"12":{"loc":{"start":{"line":39,"column":16},"end":{"line":41,"column":12}},"type":"cond-expr","locations":[{"start":{"line":40,"column":8},"end":{"line":40,"column":75}},{"start":{"line":41,"column":8},"end":{"line":41,"column":12}}],"line":39},"13":{"loc":{"start":{"line":42,"column":15},"end":{"line":44,"column":12}},"type":"cond-expr","locations":[{"start":{"line":43,"column":8},"end":{"line":43,"column":74}},{"start":{"line":44,"column":8},"end":{"line":44,"column":12}}],"line":42},"14":{"loc":{"start":{"line":54,"column":28},"end":{"line":54,"column":70}},"type":"binary-expr","locations":[{"start":{"line":54,"column":28},"end":{"line":54,"column":63}},{"start":{"line":54,"column":67},"end":{"line":54,"column":70}}],"line":54},"15":{"loc":{"start":{"line":55,"column":33},"end":{"line":55,"column":83}},"type":"binary-expr","locations":[{"start":{"line":55,"column":33},"end":{"line":55,"column":73}},{"start":{"line":55,"column":77},"end":{"line":55,"column":83}}],"line":55},"16":{"loc":{"start":{"line":68,"column":12},"end":{"line":68,"column":62}},"type":"binary-expr","locations":[{"start":{"line":68,"column":12},"end":{"line":68,"column":35}},{"start":{"line":68,"column":39},"end":{"line":68,"column":62}}],"line":68}},"s":{"0":9,"1":9},"f":{},"b":{"0":[9,9],"1":[9,0],"2":[9,9],"3":[9,9],"4":[9,9],"5":[9,9],"6":[0,9],"7":[9,9],"8":[9,9],"9":[9,9],"10":[9,9],"11":[9,9],"12":[0,9],"13":[0,9],"14":[9,9],"15":[9,9],"16":[9,9]},"_coverageSchema":"1a1c01bbd47fc00a2c39e90264f33305004495a9","hash":"022260178dfbabd280bbe18c2e3dfcd03e3bfc47"}
,"/Users/gayathrikanchinadham/Desktop/UBR Open NMS - Senao/services/auth-service/src/middleware/rbac.middleware.js": {"path":"/Users/gayathrikanchinadham/Desktop/UBR Open NMS - Senao/services/auth-service/src/middleware/rbac.middleware.js","statementMap":{"0":{"start":{"line":3,"column":19},"end":{"line":3,"column":53}},"1":{"start":{"line":4,"column":23},"end":{"line":4,"column":61}},"2":{"start":{"line":5,"column":15},"end":{"line":5,"column":41}},"3":{"start":{"line":12,"column":21},"end":{"line":12,"column":46}},"4":{"start":{"line":13,"column":2},"end":{"line":18,"column":3}},"5":{"start":{"line":14,"column":4},"end":{"line":17,"column":7}},"6":{"start":{"line":20,"column":16},"end":{"line":20,"column":35}},"7":{"start":{"line":21,"column":2},"end":{"line":36,"column":3}},"8":{"start":{"line":22,"column":20},"end":{"line":22,"column":55}},"9":{"start":{"line":23,"column":4},"end":{"line":23,"column":77}},"10":{"start":{"line":24,"column":4},"end":{"line":24,"column":11}},"11":{"start":{"line":26,"column":4},"end":{"line":31,"column":5}},"12":{"start":{"line":27,"column":6},"end":{"line":30,"column":9}},"13":{"start":{"line":32,"column":4},"end":{"line":35,"column":7}},"14":{"start":{"line":44,"column":16},"end":{"line":44,"column":75}},"15":{"start":{"line":45,"column":2},"end":{"line":60,"column":4}},"16":{"start":{"line":46,"column":4},"end":{"line":51,"column":5}},"17":{"start":{"line":47,"column":6},"end":{"line":50,"column":9}},"18":{"start":{"line":52,"column":4},"end":{"line":58,"column":5}},"19":{"start":{"line":53,"column":6},"end":{"line":53,"column":116}},"20":{"start":{"line":54,"column":6},"end":{"line":57,"column":9}},"21":{"start":{"line":59,"column":4},"end":{"line":59,"column":11}},"22":{"start":{"line":63,"column":0},"end":{"line":63,"column":47}}},"fnMap":{"0":{"name":"authenticate","decl":{"start":{"line":11,"column":9},"end":{"line":11,"column":21}},"loc":{"start":{"line":11,"column":38},"end":{"line":37,"column":1}},"line":11},"1":{"name":"requireRole","decl":{"start":{"line":43,"column":9},"end":{"line":43,"column":20}},"loc":{"start":{"line":43,"column":35},"end":{"line":61,"column":1}},"line":43},"2":{"name":"(anonymous_2)","decl":{"start":{"line":45,"column":9},"end":{"line":45,"column":10}},"loc":{"start":{"line":45,"column":29},"end":{"line":60,"column":3}},"line":45}},"branchMap":{"0":{"loc":{"start":{"line":13,"column":2},"end":{"line":18,"column":3}},"type":"if","locations":[{"start":{"line":13,"column":2},"end":{"line":18,"column":3}},{"start":{},"end":{}}],"line":13},"1":{"loc":{"start":{"line":13,"column":6},"end":{"line":13,"column":54}},"type":"binary-expr","locations":[{"start":{"line":13,"column":6},"end":{"line":13,"column":17}},{"start":{"line":13,"column":21},"end":{"line":13,"column":54}}],"line":13},"2":{"loc":{"start":{"line":26,"column":4},"end":{"line":31,"column":5}},"type":"if","locations":[{"start":{"line":26,"column":4},"end":{"line":31,"column":5}},{"start":{},"end":{}}],"line":26},"3":{"loc":{"start":{"line":44,"column":16},"end":{"line":44,"column":75}},"type":"cond-expr","locations":[{"start":{"line":44,"column":46},"end":{"line":44,"column":58}},{"start":{"line":44,"column":61},"end":{"line":44,"column":75}}],"line":44},"4":{"loc":{"start":{"line":46,"column":4},"end":{"line":51,"column":5}},"type":"if","locations":[{"start":{"line":46,"column":4},"end":{"line":51,"column":5}},{"start":{},"end":{}}],"line":46},"5":{"loc":{"start":{"line":52,"column":4},"end":{"line":58,"column":5}},"type":"if","locations":[{"start":{"line":52,"column":4},"end":{"line":58,"column":5}},{"start":{},"end":{}}],"line":52}},"s":{"0":1,"1":1,"2":1,"3":3,"4":3,"5":1,"6":2,"7":2,"8":2,"9":1,"10":1,"11":1,"12":1,"13":0,"14":4,"15":4,"16":4,"17":0,"18":4,"19":3,"20":3,"21":1,"22":1},"f":{"0":3,"1":4,"2":4},"b":{"0":[1,2],"1":[3,2],"2":[1,0],"3":[1,3],"4":[0,4],"5":[3,1]},"_coverageSchema":"1a1c01bbd47fc00a2c39e90264f33305004495a9","hash":"bd842b30928947db950f833624d2cbd23a21f68b"}
,"/Users/gayathrikanchinadham/Desktop/UBR Open NMS - Senao/services/auth-service/src/middleware/validate.middleware.js": {"path":"/Users/gayathrikanchinadham/Desktop/UBR Open NMS - Senao/services/auth-service/src/middleware/validate.middleware.js","statementMap":{"0":{"start":{"line":3,"column":35},"end":{"line":3,"column":63}},"1":{"start":{"line":9,"column":17},"end":{"line":9,"column":38}},"2":{"start":{"line":10,"column":2},"end":{"line":15,"column":3}},"3":{"start":{"line":11,"column":4},"end":{"line":14,"column":7}},"4":{"start":{"line":16,"column":2},"end":{"line":16,"column":9}},"5":{"start":{"line":19,"column":19},"end":{"line":22,"column":1}},"6":{"start":{"line":24,"column":21},"end":{"line":26,"column":1}},"7":{"start":{"line":28,"column":24},"end":{"line":33,"column":1}},"8":{"start":{"line":35,"column":28},"end":{"line":38,"column":1}},"9":{"start":{"line":40,"column":0},"end":{"line":46,"column":2}}},"fnMap":{"0":{"name":"handleValidationErrors","decl":{"start":{"line":8,"column":9},"end":{"line":8,"column":31}},"loc":{"start":{"line":8,"column":48},"end":{"line":17,"column":1}},"line":8}},"branchMap":{"0":{"loc":{"start":{"line":10,"column":2},"end":{"line":15,"column":3}},"type":"if","locations":[{"start":{"line":10,"column":2},"end":{"line":15,"column":3}},{"start":{},"end":{}}],"line":10}},"s":{"0":0,"1":0,"2":0,"3":0,"4":0,"5":0,"6":0,"7":0,"8":0,"9":0},"f":{"0":0},"b":{"0":[0,0]}}
,"/Users/gayathrikanchinadham/Desktop/UBR Open NMS - Senao/services/auth-service/src/models/user.model.js": {"path":"/Users/gayathrikanchinadham/Desktop/UBR Open NMS - Senao/services/auth-service/src/models/user.model.js","statementMap":{"0":{"start":{"line":3,"column":17},"end":{"line":3,"column":36}},"1":{"start":{"line":4,"column":15},"end":{"line":4,"column":32}},"2":{"start":{"line":5,"column":15},"end":{"line":5,"column":35}},"3":{"start":{"line":7,"column":14},"end":{"line":7,"column":58}},"4":{"start":{"line":9,"column":19},"end":{"line":81,"column":1}},"5":{"start":{"line":74,"column":8},"end":{"line":74,"column":32}},"6":{"start":{"line":75,"column":8},"end":{"line":75,"column":35}},"7":{"start":{"line":76,"column":8},"end":{"line":76,"column":23}},"8":{"start":{"line":77,"column":8},"end":{"line":77,"column":19}},"9":{"start":{"line":87,"column":0},"end":{"line":90,"column":2}},"10":{"start":{"line":88,"column":2},"end":{"line":88,"column":39}},"11":{"start":{"line":88,"column":26},"end":{"line":88,"column":39}},"12":{"start":{"line":89,"column":2},"end":{"line":89,"column":50}},"13":{"start":{"line":96,"column":0},"end":{"line":115,"column":2}},"14":{"start":{"line":97,"column":15},"end":{"line":97,"column":69}},"15":{"start":{"line":100,"column":14},"end":{"line":100,"column":70}},"16":{"start":{"line":101,"column":18},"end":{"line":101,"column":48}},"17":{"start":{"line":103,"column":2},"end":{"line":109,"column":3}},"18":{"start":{"line":104,"column":4},"end":{"line":108,"column":5}},"19":{"start":{"line":105,"column":18},"end":{"line":105,"column":87}},"20":{"start":{"line":106,"column":6},"end":{"line":106,"column":34}},"21":{"start":{"line":107,"column":6},"end":{"line":107,"column":16}},"22":{"start":{"line":111,"column":25},"end":{"line":111,"column":82}},"23":{"start":{"line":112,"column":2},"end":{"line":112,"column":27}},"24":{"start":{"line":113,"column":2},"end":{"line":113,"column":40}},"25":{"start":{"line":114,"column":2},"end":{"line":114,"column":38}},"26":{"start":{"line":120,"column":0},"end":{"line":122,"column":2}},"27":{"start":{"line":121,"column":2},"end":{"line":121,"column":61}},"28":{"start":{"line":129,"column":2},"end":{"line":131,"column":3}},"29":{"start":{"line":130,"column":4},"end":{"line":130,"column":59}},"30":{"start":{"line":132,"column":2},"end":{"line":132,"column":93}},"31":{"start":{"line":132,"column":31},"end":{"line":132,"column":93}},"32":{"start":{"line":133,"column":2},"end":{"line":133,"column":93}},"33":{"start":{"line":133,"column":31},"end":{"line":133,"column":93}},"34":{"start":{"line":134,"column":2},"end":{"line":134,"column":82}},"35":{"start":{"line":134,"column":31},"end":{"line":134,"column":82}},"36":{"start":{"line":135,"column":2},"end":{"line":137,"column":3}},"37":{"start":{"line":136,"column":4},"end":{"line":136,"column":67}},"38":{"start":{"line":138,"column":2},"end":{"line":138,"column":14}},"39":{"start":{"line":141,"column":13},"end":{"line":141,"column":47}},"40":{"start":{"line":143,"column":0},"end":{"line":143,"column":61}}},"fnMap":{"0":{"name":"(anonymous_0)","decl":{"start":{"line":73,"column":6},"end":{"line":73,"column":7}},"loc":{"start":{"line":73,"column":26},"end":{"line":78,"column":7}},"line":73},"1":{"name":"verifyPassword","decl":{"start":{"line":87,"column":51},"end":{"line":87,"column":65}},"loc":{"start":{"line":87,"column":73},"end":{"line":90,"column":1}},"line":87},"2":{"name":"setPassword","decl":{"start":{"line":96,"column":48},"end":{"line":96,"column":59}},"loc":{"start":{"line":96,"column":67},"end":{"line":115,"column":1}},"line":96},"3":{"name":"isLockedOut","decl":{"start":{"line":120,"column":42},"end":{"line":120,"column":53}},"loc":{"start":{"line":120,"column":56},"end":{"line":122,"column":1}},"line":120},"4":{"name":"validatePasswordComplexity","decl":{"start":{"line":128,"column":9},"end":{"line":128,"column":35}},"loc":{"start":{"line":128,"column":46},"end":{"line":139,"column":1}},"line":128}},"branchMap":{"0":{"loc":{"start":{"line":88,"column":2},"end":{"line":88,"column":39}},"type":"if","locations":[{"start":{"line":88,"column":2},"end":{"line":88,"column":39}},{"start":{},"end":{}}],"line":88},"1":{"loc":{"start":{"line":101,"column":18},"end":{"line":101,"column":48}},"type":"cond-expr","locations":[{"start":{"line":101,"column":24},"end":{"line":101,"column":43}},{"start":{"line":101,"column":46},"end":{"line":101,"column":48}}],"line":101},"2":{"loc":{"start":{"line":104,"column":4},"end":{"line":108,"column":5}},"type":"if","locations":[{"start":{"line":104,"column":4},"end":{"line":108,"column":5}},{"start":{},"end":{}}],"line":104},"3":{"loc":{"start":{"line":121,"column":9},"end":{"line":121,"column":60}},"type":"binary-expr","locations":[{"start":{"line":121,"column":9},"end":{"line":121,"column":26}},{"start":{"line":121,"column":30},"end":{"line":121,"column":60}}],"line":121},"4":{"loc":{"start":{"line":129,"column":2},"end":{"line":131,"column":3}},"type":"if","locations":[{"start":{"line":129,"column":2},"end":{"line":131,"column":3}},{"start":{},"end":{}}],"line":129},"5":{"loc":{"start":{"line":129,"column":6},"end":{"line":129,"column":39}},"type":"binary-expr","locations":[{"start":{"line":129,"column":6},"end":{"line":129,"column":15}},{"start":{"line":129,"column":19},"end":{"line":129,"column":39}}],"line":129},"6":{"loc":{"start":{"line":132,"column":2},"end":{"line":132,"column":93}},"type":"if","locations":[{"start":{"line":132,"column":2},"end":{"line":132,"column":93}},{"start":{},"end":{}}],"line":132},"7":{"loc":{"start":{"line":133,"column":2},"end":{"line":133,"column":93}},"type":"if","locations":[{"start":{"line":133,"column":2},"end":{"line":133,"column":93}},{"start":{},"end":{}}],"line":133},"8":{"loc":{"start":{"line":134,"column":2},"end":{"line":134,"column":82}},"type":"if","locations":[{"start":{"line":134,"column":2},"end":{"line":134,"column":82}},{"start":{},"end":{}}],"line":134},"9":{"loc":{"start":{"line":135,"column":2},"end":{"line":137,"column":3}},"type":"if","locations":[{"start":{"line":135,"column":2},"end":{"line":137,"column":3}},{"start":{},"end":{}}],"line":135}},"s":{"0":2,"1":2,"2":2,"3":2,"4":2,"5":0,"6":0,"7":0,"8":0,"9":2,"10":0,"11":0,"12":0,"13":2,"14":0,"15":0,"16":0,"17":0,"18":0,"19":0,"20":0,"21":0,"22":0,"23":0,"24":0,"25":0,"26":2,"27":0,"28":9,"29":3,"30":6,"31":1,"32":5,"33":1,"34":4,"35":1,"36":3,"37":1,"38":2,"39":2,"40":2},"f":{"0":0,"1":0,"2":0,"3":0,"4":9},"b":{"0":[0,0],"1":[0,0],"2":[0,0],"3":[0,0],"4":[3,6],"5":[9,7],"6":[1,5],"7":[1,4],"8":[1,3],"9":[1,2]},"_coverageSchema":"1a1c01bbd47fc00a2c39e90264f33305004495a9","hash":"59856ebabb1a44af9b19a40ac2acd67a36bdefb4"}
,"/Users/gayathrikanchinadham/Desktop/UBR Open NMS - Senao/services/auth-service/src/routes/auth.routes.js": {"path":"/Users/gayathrikanchinadham/Desktop/UBR Open NMS - Senao/services/auth-service/src/routes/auth.routes.js","statementMap":{"0":{"start":{"line":3,"column":16},"end":{"line":3,"column":34}},"1":{"start":{"line":4,"column":20},"end":{"line":4,"column":55}},"2":{"start":{"line":5,"column":25},"end":{"line":5,"column":65}},"3":{"start":{"line":10,"column":4},"end":{"line":10,"column":48}},"4":{"start":{"line":11,"column":15},"end":{"line":11,"column":41}},"5":{"start":{"line":13,"column":15},"end":{"line":13,"column":31}},"6":{"start":{"line":19,"column":0},"end":{"line":34,"column":3}},"7":{"start":{"line":20,"column":2},"end":{"line":33,"column":3}},"8":{"start":{"line":21,"column":35},"end":{"line":21,"column":43}},"9":{"start":{"line":22,"column":15},"end":{"line":22,"column":68}},"10":{"start":{"line":23,"column":22},"end":{"line":23,"column":53}},"11":{"start":{"line":25,"column":19},"end":{"line":25,"column":77}},"12":{"start":{"line":26,"column":4},"end":{"line":26,"column":57}},"13":{"start":{"line":28,"column":19},"end":{"line":28,"column":36}},"14":{"start":{"line":29,"column":4},"end":{"line":32,"column":7}},"15":{"start":{"line":40,"column":0},"end":{"line":51,"column":3}},"16":{"start":{"line":41,"column":2},"end":{"line":50,"column":3}},"17":{"start":{"line":42,"column":29},"end":{"line":42,"column":37}},"18":{"start":{"line":43,"column":19},"end":{"line":43,"column":58}},"19":{"start":{"line":44,"column":4},"end":{"line":44,"column":57}},"20":{"start":{"line":46,"column":4},"end":{"line":49,"column":7}},"21":{"start":{"line":57,"column":0},"end":{"line":68,"column":3}},"22":{"start":{"line":58,"column":2},"end":{"line":67,"column":3}},"23":{"start":{"line":59,"column":29},"end":{"line":59,"column":37}},"24":{"start":{"line":60,"column":4},"end":{"line":60,"column":79}},"25":{"start":{"line":61,"column":4},"end":{"line":61,"column":85}},"26":{"start":{"line":63,"column":4},"end":{"line":66,"column":7}},"27":{"start":{"line":70,"column":0},"end":{"line":70,"column":24}}},"fnMap":{"0":{"name":"(anonymous_0)","decl":{"start":{"line":19,"column":58},"end":{"line":19,"column":59}},"loc":{"start":{"line":19,"column":78},"end":{"line":34,"column":1}},"line":19},"1":{"name":"(anonymous_1)","decl":{"start":{"line":40,"column":62},"end":{"line":40,"column":63}},"loc":{"start":{"line":40,"column":82},"end":{"line":51,"column":1}},"line":40},"2":{"name":"(anonymous_2)","decl":{"start":{"line":57,"column":75},"end":{"line":57,"column":76}},"loc":{"start":{"line":57,"column":95},"end":{"line":68,"column":1}},"line":57}},"branchMap":{"0":{"loc":{"start":{"line":22,"column":15},"end":{"line":22,"column":68}},"type":"binary-expr","locations":[{"start":{"line":22,"column":15},"end":{"line":22,"column":21}},{"start":{"line":22,"column":25},"end":{"line":22,"column":55}},{"start":{"line":22,"column":59},"end":{"line":22,"column":68}}],"line":22},"1":{"loc":{"start":{"line":23,"column":22},"end":{"line":23,"column":53}},"type":"binary-expr","locations":[{"start":{"line":23,"column":22},"end":{"line":23,"column":47}},{"start":{"line":23,"column":51},"end":{"line":23,"column":53}}],"line":23},"2":{"loc":{"start":{"line":28,"column":19},"end":{"line":28,"column":36}},"type":"binary-expr","locations":[{"start":{"line":28,"column":19},"end":{"line":28,"column":29}},{"start":{"line":28,"column":33},"end":{"line":28,"column":36}}],"line":28},"3":{"loc":{"start":{"line":31,"column":21},"end":{"line":31,"column":46}},"type":"binary-expr","locations":[{"start":{"line":31,"column":21},"end":{"line":31,"column":29}},{"start":{"line":31,"column":33},"end":{"line":31,"column":46}}],"line":31},"4":{"loc":{"start":{"line":46,"column":15},"end":{"line":46,"column":32}},"type":"binary-expr","locations":[{"start":{"line":46,"column":15},"end":{"line":46,"column":25}},{"start":{"line":46,"column":29},"end":{"line":46,"column":32}}],"line":46},"5":{"loc":{"start":{"line":48,"column":21},"end":{"line":48,"column":49}},"type":"binary-expr","locations":[{"start":{"line":48,"column":21},"end":{"line":48,"column":29}},{"start":{"line":48,"column":33},"end":{"line":48,"column":49}}],"line":48}},"s":{"0":0,"1":0,"2":0,"3":0,"4":0,"5":0,"6":0,"7":0,"8":0,"9":0,"10":0,"11":0,"12":0,"13":0,"14":0,"15":0,"16":0,"17":0,"18":0,"19":0,"20":0,"21":0,"22":0,"23":0,"24":0,"25":0,"26":0,"27":0},"f":{"0":0,"1":0,"2":0},"b":{"0":[0,0,0],"1":[0,0],"2":[0,0],"3":[0,0],"4":[0,0],"5":[0,0]}}
,"/Users/gayathrikanchinadham/Desktop/UBR Open NMS - Senao/services/auth-service/src/routes/users.routes.js": {"path":"/Users/gayathrikanchinadham/Desktop/UBR Open NMS - Senao/services/auth-service/src/routes/users.routes.js","statementMap":{"0":{"start":{"line":3,"column":16},"end":{"line":3,"column":34}},"1":{"start":{"line":4,"column":20},"end":{"line":4,"column":55}},"2":{"start":{"line":5,"column":38},"end":{"line":5,"column":78}},"3":{"start":{"line":10,"column":4},"end":{"line":10,"column":48}},"4":{"start":{"line":11,"column":39},"end":{"line":11,"column":70}},"5":{"start":{"line":13,"column":15},"end":{"line":13,"column":31}},"6":{"start":{"line":16,"column":0},"end":{"line":16,"column":25}},"7":{"start":{"line":19,"column":0},"end":{"line":19,"column":33}},"8":{"start":{"line":25,"column":0},"end":{"line":34,"column":3}},"9":{"start":{"line":26,"column":2},"end":{"line":33,"column":3}},"10":{"start":{"line":27,"column":17},"end":{"line":27,"column":52}},"11":{"start":{"line":28,"column":18},"end":{"line":28,"column":70}},"12":{"start":{"line":29,"column":19},"end":{"line":29,"column":63}},"13":{"start":{"line":30,"column":4},"end":{"line":30,"column":57}},"14":{"start":{"line":32,"column":4},"end":{"line":32,"column":99}},"15":{"start":{"line":40,"column":0},"end":{"line":66,"column":3}},"16":{"start":{"line":41,"column":2},"end":{"line":65,"column":3}},"17":{"start":{"line":42,"column":61},"end":{"line":42,"column":69}},"18":{"start":{"line":44,"column":26},"end":{"line":44,"column":62}},"19":{"start":{"line":45,"column":4},"end":{"line":50,"column":5}},"20":{"start":{"line":46,"column":6},"end":{"line":49,"column":9}},"21":{"start":{"line":52,"column":17},"end":{"line":52,"column":95}},"22":{"start":{"line":53,"column":4},"end":{"line":53,"column":55}},"23":{"start":{"line":55,"column":4},"end":{"line":60,"column":5}},"24":{"start":{"line":56,"column":6},"end":{"line":59,"column":9}},"25":{"start":{"line":61,"column":4},"end":{"line":64,"column":7}},"26":{"start":{"line":72,"column":0},"end":{"line":82,"column":3}},"27":{"start":{"line":73,"column":2},"end":{"line":81,"column":3}},"28":{"start":{"line":74,"column":17},"end":{"line":74,"column":61}},"29":{"start":{"line":75,"column":4},"end":{"line":75,"column":55}},"30":{"start":{"line":77,"column":4},"end":{"line":80,"column":7}},"31":{"start":{"line":88,"column":0},"end":{"line":98,"column":3}},"32":{"start":{"line":89,"column":2},"end":{"line":97,"column":3}},"33":{"start":{"line":90,"column":17},"end":{"line":90,"column":70}},"34":{"start":{"line":91,"column":4},"end":{"line":91,"column":55}},"35":{"start":{"line":93,"column":4},"end":{"line":96,"column":7}},"36":{"start":{"line":104,"column":0},"end":{"line":114,"column":3}},"37":{"start":{"line":105,"column":2},"end":{"line":113,"column":3}},"38":{"start":{"line":106,"column":4},"end":{"line":106,"column":48}},"39":{"start":{"line":107,"column":4},"end":{"line":107,"column":27}},"40":{"start":{"line":109,"column":4},"end":{"line":112,"column":7}},"41":{"start":{"line":120,"column":0},"end":{"line":131,"column":3}},"42":{"start":{"line":121,"column":2},"end":{"line":130,"column":3}},"43":{"start":{"line":122,"column":45},"end":{"line":122,"column":53}},"44":{"start":{"line":123,"column":4},"end":{"line":123,"column":82}},"45":{"start":{"line":124,"column":4},"end":{"line":124,"column":119}},"46":{"start":{"line":126,"column":4},"end":{"line":129,"column":7}},"47":{"start":{"line":133,"column":0},"end":{"line":133,"column":24}}},"fnMap":{"0":{"name":"(anonymous_0)","decl":{"start":{"line":25,"column":16},"end":{"line":25,"column":17}},"loc":{"start":{"line":25,"column":36},"end":{"line":34,"column":1}},"line":25},"1":{"name":"(anonymous_1)","decl":{"start":{"line":40,"column":58},"end":{"line":40,"column":59}},"loc":{"start":{"line":40,"column":78},"end":{"line":66,"column":1}},"line":40},"2":{"name":"(anonymous_2)","decl":{"start":{"line":72,"column":19},"end":{"line":72,"column":20}},"loc":{"start":{"line":72,"column":39},"end":{"line":82,"column":1}},"line":72},"3":{"name":"(anonymous_3)","decl":{"start":{"line":88,"column":19},"end":{"line":88,"column":20}},"loc":{"start":{"line":88,"column":39},"end":{"line":98,"column":1}},"line":88},"4":{"name":"(anonymous_4)","decl":{"start":{"line":104,"column":22},"end":{"line":104,"column":23}},"loc":{"start":{"line":104,"column":42},"end":{"line":114,"column":1}},"line":104},"5":{"name":"(anonymous_5)","decl":{"start":{"line":120,"column":73},"end":{"line":120,"column":74}},"loc":{"start":{"line":120,"column":93},"end":{"line":131,"column":1}},"line":120}},"branchMap":{"0":{"loc":{"start":{"line":27,"column":26},"end":{"line":27,"column":47}},"type":"binary-expr","locations":[{"start":{"line":27,"column":26},"end":{"line":27,"column":40}},{"start":{"line":27,"column":44},"end":{"line":27,"column":47}}],"line":27},"1":{"loc":{"start":{"line":28,"column":36},"end":{"line":28,"column":59}},"type":"binary-expr","locations":[{"start":{"line":28,"column":36},"end":{"line":28,"column":51}},{"start":{"line":28,"column":55},"end":{"line":28,"column":59}}],"line":28},"2":{"loc":{"start":{"line":45,"column":4},"end":{"line":50,"column":5}},"type":"if","locations":[{"start":{"line":45,"column":4},"end":{"line":50,"column":5}},{"start":{},"end":{}}],"line":45},"3":{"loc":{"start":{"line":55,"column":4},"end":{"line":60,"column":5}},"type":"if","locations":[{"start":{"line":55,"column":4},"end":{"line":60,"column":5}},{"start":{},"end":{}}],"line":55},"4":{"loc":{"start":{"line":61,"column":15},"end":{"line":61,"column":32}},"type":"binary-expr","locations":[{"start":{"line":61,"column":15},"end":{"line":61,"column":25}},{"start":{"line":61,"column":29},"end":{"line":61,"column":32}}],"line":61},"5":{"loc":{"start":{"line":63,"column":21},"end":{"line":63,"column":47}},"type":"binary-expr","locations":[{"start":{"line":63,"column":21},"end":{"line":63,"column":29}},{"start":{"line":63,"column":33},"end":{"line":63,"column":47}}],"line":63},"6":{"loc":{"start":{"line":77,"column":15},"end":{"line":77,"column":32}},"type":"binary-expr","locations":[{"start":{"line":77,"column":15},"end":{"line":77,"column":25}},{"start":{"line":77,"column":29},"end":{"line":77,"column":32}}],"line":77},"7":{"loc":{"start":{"line":79,"column":21},"end":{"line":79,"column":46}},"type":"binary-expr","locations":[{"start":{"line":79,"column":21},"end":{"line":79,"column":29}},{"start":{"line":79,"column":33},"end":{"line":79,"column":46}}],"line":79},"8":{"loc":{"start":{"line":93,"column":15},"end":{"line":93,"column":32}},"type":"binary-expr","locations":[{"start":{"line":93,"column":15},"end":{"line":93,"column":25}},{"start":{"line":93,"column":29},"end":{"line":93,"column":32}}],"line":93},"9":{"loc":{"start":{"line":95,"column":21},"end":{"line":95,"column":47}},"type":"binary-expr","locations":[{"start":{"line":95,"column":21},"end":{"line":95,"column":29}},{"start":{"line":95,"column":33},"end":{"line":95,"column":47}}],"line":95},"10":{"loc":{"start":{"line":109,"column":15},"end":{"line":109,"column":32}},"type":"binary-expr","locations":[{"start":{"line":109,"column":15},"end":{"line":109,"column":25}},{"start":{"line":109,"column":29},"end":{"line":109,"column":32}}],"line":109},"11":{"loc":{"start":{"line":111,"column":21},"end":{"line":111,"column":47}},"type":"binary-expr","locations":[{"start":{"line":111,"column":21},"end":{"line":111,"column":29}},{"start":{"line":111,"column":33},"end":{"line":111,"column":47}}],"line":111},"12":{"loc":{"start":{"line":126,"column":15},"end":{"line":126,"column":32}},"type":"binary-expr","locations":[{"start":{"line":126,"column":15},"end":{"line":126,"column":25}},{"start":{"line":126,"column":29},"end":{"line":126,"column":32}}],"line":126},"13":{"loc":{"start":{"line":128,"column":21},"end":{"line":128,"column":49}},"type":"binary-expr","locations":[{"start":{"line":128,"column":21},"end":{"line":128,"column":29}},{"start":{"line":128,"column":33},"end":{"line":128,"column":49}}],"line":128}},"s":{"0":0,"1":0,"2":0,"3":0,"4":0,"5":0,"6":0,"7":0,"8":0,"9":0,"10":0,"11":0,"12":0,"13":0,"14":0,"15":0,"16":0,"17":0,"18":0,"19":0,"20":0,"21":0,"22":0,"23":0,"24":0,"25":0,"26":0,"27":0,"28":0,"29":0,"30":0,"31":0,"32":0,"33":0,"34":0,"35":0,"36":0,"37":0,"38":0,"39":0,"40":0,"41":0,"42":0,"43":0,"44":0,"45":0,"46":0,"47":0},"f":{"0":0,"1":0,"2":0,"3":0,"4":0,"5":0},"b":{"0":[0,0],"1":[0,0],"2":[0,0],"3":[0,0],"4":[0,0],"5":[0,0],"6":[0,0],"7":[0,0],"8":[0,0],"9":[0,0],"10":[0,0],"11":[0,0],"12":[0,0],"13":[0,0]}}
,"/Users/gayathrikanchinadham/Desktop/UBR Open NMS - Senao/services/auth-service/src/services/auth.service.js": {"path":"/Users/gayathrikanchinadham/Desktop/UBR Open NMS - Senao/services/auth-service/src/services/auth.service.js","statementMap":{"0":{"start":{"line":3,"column":20},"end":{"line":3,"column":45}},"1":{"start":{"line":4,"column":19},"end":{"line":4,"column":43}},"2":{"start":{"line":5,"column":23},"end":{"line":5,"column":51}},"3":{"start":{"line":6,"column":45},"end":{"line":6,"column":76}},"4":{"start":{"line":7,"column":15},"end":{"line":7,"column":35}},"5":{"start":{"line":8,"column":15},"end":{"line":8,"column":41}},"6":{"start":{"line":17,"column":20},"end":{"line":17,"column":68}},"7":{"start":{"line":18,"column":2},"end":{"line":23,"column":3}},"8":{"start":{"line":19,"column":16},"end":{"line":19,"column":88}},"9":{"start":{"line":20,"column":4},"end":{"line":20,"column":32}},"10":{"start":{"line":21,"column":4},"end":{"line":21,"column":21}},"11":{"start":{"line":22,"column":4},"end":{"line":22,"column":14}},"12":{"start":{"line":27,"column":20},"end":{"line":27,"column":25}},"13":{"start":{"line":29,"column":2},"end":{"line":82,"column":3}},"14":{"start":{"line":31,"column":22},"end":{"line":31,"column":72}},"15":{"start":{"line":32,"column":4},"end":{"line":32,"column":23}},"16":{"start":{"line":35,"column":15},"end":{"line":35,"column":47}},"17":{"start":{"line":36,"column":4},"end":{"line":44,"column":5}},"18":{"start":{"line":37,"column":6},"end":{"line":42,"column":9}},"19":{"start":{"line":43,"column":6},"end":{"line":43,"column":24}},"20":{"start":{"line":46,"column":4},"end":{"line":46,"column":21}},"21":{"start":{"line":47,"column":4},"end":{"line":47,"column":33}},"22":{"start":{"line":50,"column":4},"end":{"line":81,"column":5}},"23":{"start":{"line":51,"column":6},"end":{"line":51,"column":75}},"24":{"start":{"line":52,"column":19},"end":{"line":52,"column":67}},"25":{"start":{"line":54,"column":6},"end":{"line":57,"column":7}},"26":{"start":{"line":55,"column":8},"end":{"line":55,"column":81}},"27":{"start":{"line":56,"column":8},"end":{"line":56,"column":35}},"28":{"start":{"line":59,"column":6},"end":{"line":64,"column":7}},"29":{"start":{"line":60,"column":20},"end":{"line":60,"column":60}},"30":{"start":{"line":61,"column":8},"end":{"line":61,"column":36}},"31":{"start":{"line":62,"column":8},"end":{"line":62,"column":25}},"32":{"start":{"line":63,"column":8},"end":{"line":63,"column":18}},"33":{"start":{"line":66,"column":20},"end":{"line":66,"column":55}},"34":{"start":{"line":67,"column":6},"end":{"line":70,"column":7}},"35":{"start":{"line":68,"column":8},"end":{"line":68,"column":80}},"36":{"start":{"line":69,"column":8},"end":{"line":69,"column":35}},"37":{"start":{"line":72,"column":6},"end":{"line":72,"column":23}},"38":{"start":{"line":73,"column":6},"end":{"line":73,"column":35}},"39":{"start":{"line":74,"column":11},"end":{"line":81,"column":5}},"40":{"start":{"line":75,"column":6},"end":{"line":75,"column":66}},"41":{"start":{"line":76,"column":6},"end":{"line":76,"column":33}},"42":{"start":{"line":78,"column":6},"end":{"line":78,"column":82}},"43":{"start":{"line":79,"column":6},"end":{"line":79,"column":66}},"44":{"start":{"line":80,"column":6},"end":{"line":80,"column":33}},"45":{"start":{"line":85,"column":2},"end":{"line":85,"column":53}},"46":{"start":{"line":87,"column":22},"end":{"line":87,"column":66}},"47":{"start":{"line":88,"column":23},"end":{"line":88,"column":56}},"48":{"start":{"line":90,"column":2},"end":{"line":90,"column":84}},"49":{"start":{"line":93,"column":2},"end":{"line":93,"column":66}},"50":{"start":{"line":95,"column":2},"end":{"line":95,"column":74}},"51":{"start":{"line":97,"column":2},"end":{"line":103,"column":4}},"52":{"start":{"line":110,"column":26},"end":{"line":110,"column":59}},"53":{"start":{"line":111,"column":18},"end":{"line":111,"column":102}},"54":{"start":{"line":113,"column":2},"end":{"line":118,"column":3}},"55":{"start":{"line":114,"column":16},"end":{"line":114,"column":62}},"56":{"start":{"line":115,"column":4},"end":{"line":115,"column":39}},"57":{"start":{"line":116,"column":4},"end":{"line":116,"column":21}},"58":{"start":{"line":117,"column":4},"end":{"line":117,"column":14}},"59":{"start":{"line":120,"column":22},"end":{"line":120,"column":82}},"60":{"start":{"line":121,"column":2},"end":{"line":126,"column":4}},"61":{"start":{"line":133,"column":2},"end":{"line":133,"column":52}},"62":{"start":{"line":134,"column":2},"end":{"line":134,"column":46}},"63":{"start":{"line":140,"column":17},"end":{"line":140,"column":67}},"64":{"start":{"line":141,"column":2},"end":{"line":141,"column":110}},"65":{"start":{"line":143,"column":2},"end":{"line":150,"column":3}},"66":{"start":{"line":145,"column":4},"end":{"line":149,"column":7}},"67":{"start":{"line":154,"column":14},"end":{"line":154,"column":56}},"68":{"start":{"line":155,"column":2},"end":{"line":155,"column":35}},"69":{"start":{"line":156,"column":2},"end":{"line":156,"column":19}},"70":{"start":{"line":157,"column":2},"end":{"line":157,"column":12}},"71":{"start":{"line":160,"column":0},"end":{"line":160,"column":44}}},"fnMap":{"0":{"name":"login","decl":{"start":{"line":15,"column":15},"end":{"line":15,"column":20}},"loc":{"start":{"line":15,"column":56},"end":{"line":104,"column":1}},"line":15},"1":{"name":"refresh","decl":{"start":{"line":109,"column":15},"end":{"line":109,"column":22}},"loc":{"start":{"line":109,"column":40},"end":{"line":127,"column":1}},"line":109},"2":{"name":"logout","decl":{"start":{"line":132,"column":15},"end":{"line":132,"column":21}},"loc":{"start":{"line":132,"column":54},"end":{"line":135,"column":1}},"line":132},"3":{"name":"_recordFailure","decl":{"start":{"line":139,"column":15},"end":{"line":139,"column":29}},"loc":{"start":{"line":139,"column":63},"end":{"line":151,"column":1}},"line":139},"4":{"name":"_throwInvalidCredentials","decl":{"start":{"line":153,"column":9},"end":{"line":153,"column":33}},"loc":{"start":{"line":153,"column":36},"end":{"line":158,"column":1}},"line":153}},"branchMap":{"0":{"loc":{"start":{"line":18,"column":2},"end":{"line":23,"column":3}},"type":"if","locations":[{"start":{"line":18,"column":2},"end":{"line":23,"column":3}},{"start":{},"end":{}}],"line":18},"1":{"loc":{"start":{"line":36,"column":4},"end":{"line":44,"column":5}},"type":"if","locations":[{"start":{"line":36,"column":4},"end":{"line":44,"column":5}},{"start":{},"end":{}}],"line":36},"2":{"loc":{"start":{"line":39,"column":15},"end":{"line":39,"column":56}},"type":"binary-expr","locations":[{"start":{"line":39,"column":15},"end":{"line":39,"column":29}},{"start":{"line":39,"column":33},"end":{"line":39,"column":56}}],"line":39},"3":{"loc":{"start":{"line":50,"column":4},"end":{"line":81,"column":5}},"type":"if","locations":[{"start":{"line":50,"column":4},"end":{"line":81,"column":5}},{"start":{"line":74,"column":11},"end":{"line":81,"column":5}}],"line":50},"4":{"loc":{"start":{"line":50,"column":8},"end":{"line":50,"column":67}},"type":"binary-expr","locations":[{"start":{"line":50,"column":8},"end":{"line":50,"column":28}},{"start":{"line":50,"column":32},"end":{"line":50,"column":67}}],"line":50},"5":{"loc":{"start":{"line":54,"column":6},"end":{"line":57,"column":7}},"type":"if","locations":[{"start":{"line":54,"column":6},"end":{"line":57,"column":7}},{"start":{},"end":{}}],"line":54},"6":{"loc":{"start":{"line":54,"column":10},"end":{"line":54,"column":37}},"type":"binary-expr","locations":[{"start":{"line":54,"column":10},"end":{"line":54,"column":15}},{"start":{"line":54,"column":19},"end":{"line":54,"column":37}}],"line":54},"7":{"loc":{"start":{"line":59,"column":6},"end":{"line":64,"column":7}},"type":"if","locations":[{"start":{"line":59,"column":6},"end":{"line":64,"column":7}},{"start":{},"end":{}}],"line":59},"8":{"loc":{"start":{"line":67,"column":6},"end":{"line":70,"column":7}},"type":"if","locations":[{"start":{"line":67,"column":6},"end":{"line":70,"column":7}},{"start":{},"end":{}}],"line":67},"9":{"loc":{"start":{"line":74,"column":11},"end":{"line":81,"column":5}},"type":"if","locations":[{"start":{"line":74,"column":11},"end":{"line":81,"column":5}},{"start":{"line":77,"column":11},"end":{"line":81,"column":5}}],"line":74},"10":{"loc":{"start":{"line":74,"column":15},"end":{"line":74,"column":90}},"type":"binary-expr","locations":[{"start":{"line":74,"column":15},"end":{"line":74,"column":53}},{"start":{"line":74,"column":57},"end":{"line":74,"column":90}}],"line":74},"11":{"loc":{"start":{"line":113,"column":2},"end":{"line":118,"column":3}},"type":"if","locations":[{"start":{"line":113,"column":2},"end":{"line":118,"column":3}},{"start":{},"end":{}}],"line":113},"12":{"loc":{"start":{"line":143,"column":2},"end":{"line":150,"column":3}},"type":"if","locations":[{"start":{"line":143,"column":2},"end":{"line":150,"column":3}},{"start":{},"end":{}}],"line":143},"13":{"loc":{"start":{"line":147,"column":10},"end":{"line":147,"column":71}},"type":"cond-expr","locations":[{"start":{"line":147,"column":15},"end":{"line":147,"column":59}},{"start":{"line":147,"column":62},"end":{"line":147,"column":71}}],"line":147}},"s":{"0":1,"1":1,"2":1,"3":1,"4":1,"5":1,"6":5,"7":5,"8":1,"9":1,"10":1,"11":1,"12":4,"13":4,"14":4,"15":2,"16":2,"17":2,"18":0,"19":0,"20":2,"21":2,"22":2,"23":1,"24":1,"25":1,"26":0,"27":0,"28":1,"29":0,"30":0,"31":0,"32":0,"33":1,"34":1,"35":0,"36":0,"37":1,"38":1,"39":1,"40":1,"41":1,"42":0,"43":0,"44":0,"45":3,"46":3,"47":3,"48":3,"49":2,"50":2,"51":2,"52":2,"53":2,"54":2,"55":1,"56":1,"57":1,"58":1,"59":1,"60":1,"61":1,"62":1,"63":1,"64":1,"65":1,"66":0,"67":1,"68":1,"69":1,"70":1,"71":1},"f":{"0":5,"1":2,"2":1,"3":1,"4":1},"b":{"0":[1,4],"1":[0,2],"2":[0,0],"3":[1,1],"4":[2,1],"5":[0,1],"6":[1,1],"7":[0,1],"8":[0,1],"9":[1,0],"10":[1,0],"11":[1,1],"12":[0,1],"13":[0,0]},"_coverageSchema":"1a1c01bbd47fc00a2c39e90264f33305004495a9","hash":"d1f49bc992063c714b771618258e7ce8f85cbacc"}
,"/Users/gayathrikanchinadham/Desktop/UBR Open NMS - Senao/services/auth-service/src/services/jwt.service.js": {"path":"/Users/gayathrikanchinadham/Desktop/UBR Open NMS - Senao/services/auth-service/src/services/jwt.service.js","statementMap":{"0":{"start":{"line":3,"column":12},"end":{"line":3,"column":35}},"1":{"start":{"line":4,"column":23},"end":{"line":4,"column":38}},"2":{"start":{"line":5,"column":15},"end":{"line":5,"column":35}},"3":{"start":{"line":6,"column":15},"end":{"line":6,"column":41}},"4":{"start":{"line":13,"column":2},"end":{"line":15,"column":3}},"5":{"start":{"line":14,"column":4},"end":{"line":14,"column":54}},"6":{"start":{"line":16,"column":2},"end":{"line":25,"column":4}},"7":{"start":{"line":33,"column":2},"end":{"line":35,"column":3}},"8":{"start":{"line":34,"column":4},"end":{"line":34,"column":53}},"9":{"start":{"line":36,"column":2},"end":{"line":40,"column":5}},"10":{"start":{"line":47,"column":2},"end":{"line":47,"column":65}},"11":{"start":{"line":50,"column":0},"end":{"line":50,"column":82}}},"fnMap":{"0":{"name":"generateAccessToken","decl":{"start":{"line":12,"column":9},"end":{"line":12,"column":28}},"loc":{"start":{"line":12,"column":43},"end":{"line":26,"column":1}},"line":12},"1":{"name":"verifyAccessToken","decl":{"start":{"line":32,"column":9},"end":{"line":32,"column":26}},"loc":{"start":{"line":32,"column":34},"end":{"line":41,"column":1}},"line":32},"2":{"name":"generateRefreshToken","decl":{"start":{"line":46,"column":9},"end":{"line":46,"column":29}},"loc":{"start":{"line":46,"column":32},"end":{"line":48,"column":1}},"line":46}},"branchMap":{"0":{"loc":{"start":{"line":13,"column":2},"end":{"line":15,"column":3}},"type":"if","locations":[{"start":{"line":13,"column":2},"end":{"line":15,"column":3}},{"start":{},"end":{}}],"line":13},"1":{"loc":{"start":{"line":33,"column":2},"end":{"line":35,"column":3}},"type":"if","locations":[{"start":{"line":33,"column":2},"end":{"line":35,"column":3}},{"start":{},"end":{}}],"line":33}},"s":{"0":3,"1":3,"2":3,"3":3,"4":3,"5":1,"6":2,"7":2,"8":0,"9":2,"10":101,"11":3},"f":{"0":3,"1":2,"2":101},"b":{"0":[1,2],"1":[0,2]},"_coverageSchema":"1a1c01bbd47fc00a2c39e90264f33305004495a9","hash":"a1d13a0b955fd1b830e8b85037b020a4bb70c786"}
,"/Users/gayathrikanchinadham/Desktop/UBR Open NMS - Senao/services/auth-service/src/services/ldap.service.js": {"path":"/Users/gayathrikanchinadham/Desktop/UBR Open NMS - Senao/services/auth-service/src/services/ldap.service.js","statementMap":{"0":{"start":{"line":3,"column":13},"end":{"line":3,"column":30}},"1":{"start":{"line":4,"column":23},"end":{"line":4,"column":41}},"2":{"start":{"line":5,"column":15},"end":{"line":5,"column":35}},"3":{"start":{"line":6,"column":15},"end":{"line":6,"column":41}},"4":{"start":{"line":8,"column":13},"end":{"line":8,"column":17}},"5":{"start":{"line":11,"column":2},"end":{"line":17,"column":5}},"6":{"start":{"line":25,"column":2},"end":{"line":77,"column":5}},"7":{"start":{"line":26,"column":14},"end":{"line":26,"column":28}},"8":{"start":{"line":28,"column":4},"end":{"line":30,"column":7}},"9":{"start":{"line":29,"column":6},"end":{"line":29,"column":18}},"10":{"start":{"line":32,"column":4},"end":{"line":76,"column":7}},"11":{"start":{"line":33,"column":6},"end":{"line":36,"column":7}},"12":{"start":{"line":34,"column":8},"end":{"line":34,"column":20}},"13":{"start":{"line":35,"column":8},"end":{"line":35,"column":81}},"14":{"start":{"line":38,"column":21},"end":{"line":38,"column":92}},"15":{"start":{"line":39,"column":19},"end":{"line":39,"column":90}},"16":{"start":{"line":41,"column":6},"end":{"line":75,"column":9}},"17":{"start":{"line":42,"column":8},"end":{"line":45,"column":9}},"18":{"start":{"line":43,"column":10},"end":{"line":43,"column":22}},"19":{"start":{"line":44,"column":10},"end":{"line":44,"column":35}},"20":{"start":{"line":47,"column":24},"end":{"line":47,"column":26}},"21":{"start":{"line":49,"column":8},"end":{"line":51,"column":11}},"22":{"start":{"line":50,"column":10},"end":{"line":50,"column":37}},"23":{"start":{"line":53,"column":8},"end":{"line":56,"column":11}},"24":{"start":{"line":54,"column":10},"end":{"line":54,"column":22}},"25":{"start":{"line":55,"column":10},"end":{"line":55,"column":22}},"26":{"start":{"line":58,"column":8},"end":{"line":74,"column":11}},"27":{"start":{"line":59,"column":10},"end":{"line":62,"column":11}},"28":{"start":{"line":60,"column":12},"end":{"line":60,"column":24}},"29":{"start":{"line":61,"column":12},"end":{"line":61,"column":111}},"30":{"start":{"line":64,"column":25},"end":{"line":64,"column":38}},"31":{"start":{"line":67,"column":10},"end":{"line":73,"column":13}},"32":{"start":{"line":68,"column":12},"end":{"line":68,"column":24}},"33":{"start":{"line":69,"column":12},"end":{"line":71,"column":13}},"34":{"start":{"line":70,"column":14},"end":{"line":70,"column":110}},"35":{"start":{"line":72,"column":12},"end":{"line":72,"column":32}},"36":{"start":{"line":80,"column":16},"end":{"line":85,"column":2}},"37":{"start":{"line":87,"column":0},"end":{"line":87,"column":94}},"38":{"start":{"line":87,"column":25},"end":{"line":87,"column":92}},"39":{"start":{"line":88,"column":0},"end":{"line":88,"column":97}},"40":{"start":{"line":88,"column":29},"end":{"line":88,"column":95}},"41":{"start":{"line":89,"column":0},"end":{"line":89,"column":87}},"42":{"start":{"line":89,"column":26},"end":{"line":89,"column":85}},"43":{"start":{"line":90,"column":0},"end":{"line":90,"column":85}},"44":{"start":{"line":90,"column":29},"end":{"line":90,"column":83}},"45":{"start":{"line":97,"column":2},"end":{"line":97,"column":42}},"46":{"start":{"line":101,"column":2},"end":{"line":101,"column":24}},"47":{"start":{"line":104,"column":0},"end":{"line":104,"column":42}}},"fnMap":{"0":{"name":"createClient","decl":{"start":{"line":10,"column":9},"end":{"line":10,"column":21}},"loc":{"start":{"line":10,"column":24},"end":{"line":18,"column":1}},"line":10},"1":{"name":"ldapAuthenticate","decl":{"start":{"line":24,"column":15},"end":{"line":24,"column":31}},"loc":{"start":{"line":24,"column":52},"end":{"line":78,"column":1}},"line":24},"2":{"name":"(anonymous_2)","decl":{"start":{"line":25,"column":21},"end":{"line":25,"column":22}},"loc":{"start":{"line":25,"column":42},"end":{"line":77,"column":3}},"line":25},"3":{"name":"(anonymous_3)","decl":{"start":{"line":28,"column":18},"end":{"line":28,"column":19}},"loc":{"start":{"line":28,"column":27},"end":{"line":30,"column":5}},"line":28},"4":{"name":"(anonymous_4)","decl":{"start":{"line":32,"column":57},"end":{"line":32,"column":58}},"loc":{"start":{"line":32,"column":70},"end":{"line":76,"column":5}},"line":32},"5":{"name":"(anonymous_5)","decl":{"start":{"line":41,"column":41},"end":{"line":41,"column":42}},"loc":{"start":{"line":41,"column":61},"end":{"line":75,"column":7}},"line":41},"6":{"name":"(anonymous_6)","decl":{"start":{"line":49,"column":30},"end":{"line":49,"column":31}},"loc":{"start":{"line":49,"column":41},"end":{"line":51,"column":9}},"line":49},"7":{"name":"(anonymous_7)","decl":{"start":{"line":53,"column":24},"end":{"line":53,"column":25}},"loc":{"start":{"line":53,"column":33},"end":{"line":56,"column":9}},"line":53},"8":{"name":"(anonymous_8)","decl":{"start":{"line":58,"column":22},"end":{"line":58,"column":23}},"loc":{"start":{"line":58,"column":28},"end":{"line":74,"column":9}},"line":58},"9":{"name":"(anonymous_9)","decl":{"start":{"line":67,"column":35},"end":{"line":67,"column":36}},"loc":{"start":{"line":67,"column":52},"end":{"line":73,"column":11}},"line":67},"10":{"name":"(anonymous_10)","decl":{"start":{"line":87,"column":19},"end":{"line":87,"column":20}},"loc":{"start":{"line":87,"column":25},"end":{"line":87,"column":92}},"line":87},"11":{"name":"(anonymous_11)","decl":{"start":{"line":88,"column":23},"end":{"line":88,"column":24}},"loc":{"start":{"line":88,"column":29},"end":{"line":88,"column":95}},"line":88},"12":{"name":"(anonymous_12)","decl":{"start":{"line":89,"column":20},"end":{"line":89,"column":21}},"loc":{"start":{"line":89,"column":26},"end":{"line":89,"column":85}},"line":89},"13":{"name":"(anonymous_13)","decl":{"start":{"line":90,"column":23},"end":{"line":90,"column":24}},"loc":{"start":{"line":90,"column":29},"end":{"line":90,"column":83}},"line":90},"14":{"name":"authenticate","decl":{"start":{"line":96,"column":15},"end":{"line":96,"column":27}},"loc":{"start":{"line":96,"column":48},"end":{"line":98,"column":1}},"line":96},"15":{"name":"isOpen","decl":{"start":{"line":100,"column":9},"end":{"line":100,"column":15}},"loc":{"start":{"line":100,"column":18},"end":{"line":102,"column":1}},"line":100}},"branchMap":{"0":{"loc":{"start":{"line":33,"column":6},"end":{"line":36,"column":7}},"type":"if","locations":[{"start":{"line":33,"column":6},"end":{"line":36,"column":7}},{"start":{},"end":{}}],"line":33},"1":{"loc":{"start":{"line":42,"column":8},"end":{"line":45,"column":9}},"type":"if","locations":[{"start":{"line":42,"column":8},"end":{"line":45,"column":9}},{"start":{},"end":{}}],"line":42},"2":{"loc":{"start":{"line":59,"column":10},"end":{"line":62,"column":11}},"type":"if","locations":[{"start":{"line":59,"column":10},"end":{"line":62,"column":11}},{"start":{},"end":{}}],"line":59},"3":{"loc":{"start":{"line":69,"column":12},"end":{"line":71,"column":13}},"type":"if","locations":[{"start":{"line":69,"column":12},"end":{"line":71,"column":13}},{"start":{},"end":{}}],"line":69}},"s":{"0":1,"1":1,"2":1,"3":1,"4":1,"5":0,"6":0,"7":0,"8":0,"9":0,"10":0,"11":0,"12":0,"13":0,"14":0,"15":0,"16":0,"17":0,"18":0,"19":0,"20":0,"21":0,"22":0,"23":0,"24":0,"25":0,"26":0,"27":0,"28":0,"29":0,"30":0,"31":0,"32":0,"33":0,"34":0,"35":0,"36":1,"37":1,"38":0,"39":1,"40":0,"41":1,"42":0,"43":1,"44":0,"45":0,"46":0,"47":1},"f":{"0":0,"1":0,"2":0,"3":0,"4":0,"5":0,"6":0,"7":0,"8":0,"9":0,"10":0,"11":0,"12":0,"13":0,"14":0,"15":0},"b":{"0":[0,0],"1":[0,0],"2":[0,0],"3":[0,0]},"_coverageSchema":"1a1c01bbd47fc00a2c39e90264f33305004495a9","hash":"38a0b8a2583c6f1f169bdbbaef21e387a9980100"}
,"/Users/gayathrikanchinadham/Desktop/UBR Open NMS - Senao/services/auth-service/src/services/session.service.js": {"path":"/Users/gayathrikanchinadham/Desktop/UBR Open NMS - Senao/services/auth-service/src/services/session.service.js","statementMap":{"0":{"start":{"line":3,"column":23},"end":{"line":3,"column":38}},"1":{"start":{"line":4,"column":15},"end":{"line":4,"column":35}},"2":{"start":{"line":5,"column":15},"end":{"line":5,"column":41}},"3":{"start":{"line":7,"column":18},"end":{"line":7,"column":22}},"4":{"start":{"line":10,"column":2},"end":{"line":10,"column":23}},"5":{"start":{"line":14,"column":2},"end":{"line":14,"column":68}},"6":{"start":{"line":14,"column":20},"end":{"line":14,"column":68}},"7":{"start":{"line":15,"column":2},"end":{"line":15,"column":21}},"8":{"start":{"line":19,"column":13},"end":{"line":25,"column":1}},"9":{"start":{"line":20,"column":27},"end":{"line":20,"column":40}},"10":{"start":{"line":21,"column":28},"end":{"line":21,"column":42}},"11":{"start":{"line":22,"column":26},"end":{"line":22,"column":40}},"12":{"start":{"line":23,"column":34},"end":{"line":23,"column":51}},"13":{"start":{"line":24,"column":32},"end":{"line":24,"column":48}},"14":{"start":{"line":33,"column":16},"end":{"line":33,"column":26}},"15":{"start":{"line":34,"column":20},"end":{"line":34,"column":28}},"16":{"start":{"line":35,"column":14},"end":{"line":35,"column":24}},"17":{"start":{"line":38,"column":21},"end":{"line":38,"column":44}},"18":{"start":{"line":39,"column":22},"end":{"line":39,"column":54}},"19":{"start":{"line":42,"column":2},"end":{"line":45,"column":3}},"20":{"start":{"line":43,"column":17},"end":{"line":43,"column":59}},"21":{"start":{"line":44,"column":4},"end":{"line":44,"column":49}},"22":{"start":{"line":44,"column":15},"end":{"line":44,"column":49}},"23":{"start":{"line":47,"column":25},"end":{"line":47,"column":57}},"24":{"start":{"line":48,"column":2},"end":{"line":55,"column":3}},"25":{"start":{"line":49,"column":16},"end":{"line":52,"column":5}},"26":{"start":{"line":53,"column":4},"end":{"line":53,"column":40}},"27":{"start":{"line":54,"column":4},"end":{"line":54,"column":14}},"28":{"start":{"line":57,"column":19},"end":{"line":57,"column":35}},"29":{"start":{"line":60,"column":2},"end":{"line":65,"column":4}},"30":{"start":{"line":68,"column":2},"end":{"line":68,"column":39}},"31":{"start":{"line":69,"column":2},"end":{"line":69,"column":65}},"32":{"start":{"line":72,"column":2},"end":{"line":77,"column":4}},"33":{"start":{"line":79,"column":2},"end":{"line":79,"column":24}},"34":{"start":{"line":80,"column":2},"end":{"line":80,"column":19}},"35":{"start":{"line":88,"column":16},"end":{"line":88,"column":26}},"36":{"start":{"line":89,"column":15},"end":{"line":89,"column":59}},"37":{"start":{"line":90,"column":2},"end":{"line":90,"column":25}},"38":{"start":{"line":90,"column":13},"end":{"line":90,"column":25}},"39":{"start":{"line":92,"column":18},"end":{"line":92,"column":34}},"40":{"start":{"line":93,"column":19},"end":{"line":93,"column":35}},"41":{"start":{"line":96,"column":2},"end":{"line":96,"column":44}},"42":{"start":{"line":99,"column":2},"end":{"line":104,"column":4}},"43":{"start":{"line":107,"column":2},"end":{"line":112,"column":4}},"44":{"start":{"line":114,"column":2},"end":{"line":114,"column":24}},"45":{"start":{"line":115,"column":2},"end":{"line":115,"column":17}},"46":{"start":{"line":122,"column":16},"end":{"line":122,"column":26}},"47":{"start":{"line":123,"column":15},"end":{"line":123,"column":63}},"48":{"start":{"line":124,"column":2},"end":{"line":124,"column":20}},"49":{"start":{"line":124,"column":13},"end":{"line":124,"column":20}},"50":{"start":{"line":126,"column":32},"end":{"line":126,"column":48}},"51":{"start":{"line":127,"column":19},"end":{"line":127,"column":35}},"52":{"start":{"line":128,"column":2},"end":{"line":128,"column":48}},"53":{"start":{"line":129,"column":2},"end":{"line":129,"column":52}},"54":{"start":{"line":130,"column":2},"end":{"line":130,"column":48}},"55":{"start":{"line":131,"column":2},"end":{"line":131,"column":24}},"56":{"start":{"line":138,"column":16},"end":{"line":138,"column":26}},"57":{"start":{"line":139,"column":19},"end":{"line":139,"column":64}},"58":{"start":{"line":140,"column":2},"end":{"line":140,"column":36}},"59":{"start":{"line":140,"column":29},"end":{"line":140,"column":36}},"60":{"start":{"line":142,"column":19},"end":{"line":142,"column":35}},"61":{"start":{"line":143,"column":2},"end":{"line":145,"column":3}},"62":{"start":{"line":144,"column":4},"end":{"line":144,"column":44}},"63":{"start":{"line":146,"column":2},"end":{"line":146,"column":40}},"64":{"start":{"line":147,"column":2},"end":{"line":147,"column":24}},"65":{"start":{"line":154,"column":16},"end":{"line":154,"column":26}},"66":{"start":{"line":155,"column":2},"end":{"line":160,"column":4}},"67":{"start":{"line":168,"column":16},"end":{"line":168,"column":26}},"68":{"start":{"line":169,"column":17},"end":{"line":169,"column":20}},"69":{"start":{"line":170,"column":18},"end":{"line":170,"column":49}},"70":{"start":{"line":171,"column":14},"end":{"line":171,"column":24}},"71":{"start":{"line":172,"column":25},"end":{"line":172,"column":65}},"72":{"start":{"line":174,"column":19},"end":{"line":174,"column":25}},"73":{"start":{"line":175,"column":2},"end":{"line":186,"column":31}},"74":{"start":{"line":176,"column":25},"end":{"line":176,"column":85}},"75":{"start":{"line":177,"column":4},"end":{"line":177,"column":21}},"76":{"start":{"line":178,"column":4},"end":{"line":185,"column":5}},"77":{"start":{"line":179,"column":19},"end":{"line":179,"column":39}},"78":{"start":{"line":180,"column":6},"end":{"line":180,"column":26}},"79":{"start":{"line":180,"column":17},"end":{"line":180,"column":26}},"80":{"start":{"line":181,"column":6},"end":{"line":184,"column":7}},"81":{"start":{"line":182,"column":8},"end":{"line":182,"column":29}},"82":{"start":{"line":183,"column":8},"end":{"line":183,"column":54}},"83":{"start":{"line":194,"column":16},"end":{"line":194,"column":26}},"84":{"start":{"line":195,"column":14},"end":{"line":195,"column":43}},"85":{"start":{"line":196,"column":19},"end":{"line":196,"column":40}},"86":{"start":{"line":198,"column":2},"end":{"line":200,"column":3}},"87":{"start":{"line":199,"column":4},"end":{"line":199,"column":68}},"88":{"start":{"line":202,"column":2},"end":{"line":204,"column":3}},"89":{"start":{"line":203,"column":4},"end":{"line":203,"column":94}},"90":{"start":{"line":205,"column":2},"end":{"line":205,"column":37}},"91":{"start":{"line":209,"column":16},"end":{"line":209,"column":26}},"92":{"start":{"line":210,"column":2},"end":{"line":210,"column":49}},"93":{"start":{"line":214,"column":16},"end":{"line":214,"column":26}},"94":{"start":{"line":215,"column":14},"end":{"line":215,"column":60}},"95":{"start":{"line":216,"column":2},"end":{"line":216,"column":37}},"96":{"start":{"line":219,"column":0},"end":{"line":230,"column":2}}},"fnMap":{"0":{"name":"setRedis","decl":{"start":{"line":9,"column":9},"end":{"line":9,"column":17}},"loc":{"start":{"line":9,"column":26},"end":{"line":11,"column":1}},"line":9},"1":{"name":"getRedis","decl":{"start":{"line":13,"column":9},"end":{"line":13,"column":17}},"loc":{"start":{"line":13,"column":20},"end":{"line":16,"column":1}},"line":13},"2":{"name":"(anonymous_2)","decl":{"start":{"line":20,"column":16},"end":{"line":20,"column":17}},"loc":{"start":{"line":20,"column":27},"end":{"line":20,"column":40}},"line":20},"3":{"name":"(anonymous_3)","decl":{"start":{"line":21,"column":16},"end":{"line":21,"column":17}},"loc":{"start":{"line":21,"column":28},"end":{"line":21,"column":42}},"line":21},"4":{"name":"(anonymous_4)","decl":{"start":{"line":22,"column":14},"end":{"line":22,"column":15}},"loc":{"start":{"line":22,"column":26},"end":{"line":22,"column":40}},"line":22},"5":{"name":"(anonymous_5)","decl":{"start":{"line":23,"column":19},"end":{"line":23,"column":20}},"loc":{"start":{"line":23,"column":34},"end":{"line":23,"column":51}},"line":23},"6":{"name":"(anonymous_6)","decl":{"start":{"line":24,"column":18},"end":{"line":24,"column":19}},"loc":{"start":{"line":24,"column":32},"end":{"line":24,"column":48}},"line":24},"7":{"name":"createSession","decl":{"start":{"line":32,"column":15},"end":{"line":32,"column":28}},"loc":{"start":{"line":32,"column":68},"end":{"line":81,"column":1}},"line":32},"8":{"name":"validateAndRotateRefreshToken","decl":{"start":{"line":87,"column":15},"end":{"line":87,"column":44}},"loc":{"start":{"line":87,"column":65},"end":{"line":116,"column":1}},"line":87},"9":{"name":"destroySession","decl":{"start":{"line":121,"column":15},"end":{"line":121,"column":29}},"loc":{"start":{"line":121,"column":44},"end":{"line":132,"column":1}},"line":121},"10":{"name":"destroyAllSessions","decl":{"start":{"line":137,"column":15},"end":{"line":137,"column":33}},"loc":{"start":{"line":137,"column":42},"end":{"line":148,"column":1}},"line":137},"11":{"name":"touchSession","decl":{"start":{"line":153,"column":15},"end":{"line":153,"column":27}},"loc":{"start":{"line":153,"column":39},"end":{"line":161,"column":1}},"line":153},"12":{"name":"cleanStaleSessions","decl":{"start":{"line":167,"column":15},"end":{"line":167,"column":33}},"loc":{"start":{"line":167,"column":36},"end":{"line":187,"column":1}},"line":167},"13":{"name":"recordFailedAttempt","decl":{"start":{"line":193,"column":15},"end":{"line":193,"column":34}},"loc":{"start":{"line":193,"column":45},"end":{"line":206,"column":1}},"line":193},"14":{"name":"clearFailedAttempts","decl":{"start":{"line":208,"column":15},"end":{"line":208,"column":34}},"loc":{"start":{"line":208,"column":45},"end":{"line":211,"column":1}},"line":208},"15":{"name":"getFailedAttempts","decl":{"start":{"line":213,"column":15},"end":{"line":213,"column":32}},"loc":{"start":{"line":213,"column":43},"end":{"line":217,"column":1}},"line":213}},"branchMap":{"0":{"loc":{"start":{"line":14,"column":2},"end":{"line":14,"column":68}},"type":"if","locations":[{"start":{"line":14,"column":2},"end":{"line":14,"column":68}},{"start":{},"end":{}}],"line":14},"1":{"loc":{"start":{"line":32,"column":57},"end":{"line":32,"column":66}},"type":"default-arg","locations":[{"start":{"line":32,"column":64},"end":{"line":32,"column":66}}],"line":32},"2":{"loc":{"start":{"line":44,"column":4},"end":{"line":44,"column":49}},"type":"if","locations":[{"start":{"line":44,"column":4},"end":{"line":44,"column":49}},{"start":{},"end":{}}],"line":44},"3":{"loc":{"start":{"line":48,"column":2},"end":{"line":55,"column":3}},"type":"if","locations":[{"start":{"line":48,"column":2},"end":{"line":55,"column":3}},{"start":{},"end":{}}],"line":48},"4":{"loc":{"start":{"line":90,"column":2},"end":{"line":90,"column":25}},"type":"if","locations":[{"start":{"line":90,"column":2},"end":{"line":90,"column":25}},{"start":{},"end":{}}],"line":90},"5":{"loc":{"start":{"line":124,"column":2},"end":{"line":124,"column":20}},"type":"if","locations":[{"start":{"line":124,"column":2},"end":{"line":124,"column":20}},{"start":{},"end":{}}],"line":124},"6":{"loc":{"start":{"line":140,"column":2},"end":{"line":140,"column":36}},"type":"if","locations":[{"start":{"line":140,"column":2},"end":{"line":140,"column":36}},{"start":{},"end":{}}],"line":140},"7":{"loc":{"start":{"line":180,"column":6},"end":{"line":180,"column":26}},"type":"if","locations":[{"start":{"line":180,"column":6},"end":{"line":180,"column":26}},{"start":{},"end":{}}],"line":180},"8":{"loc":{"start":{"line":181,"column":6},"end":{"line":184,"column":7}},"type":"if","locations":[{"start":{"line":181,"column":6},"end":{"line":184,"column":7}},{"start":{},"end":{}}],"line":181},"9":{"loc":{"start":{"line":198,"column":2},"end":{"line":200,"column":3}},"type":"if","locations":[{"start":{"line":198,"column":2},"end":{"line":200,"column":3}},{"start":{},"end":{}}],"line":198},"10":{"loc":{"start":{"line":202,"column":2},"end":{"line":204,"column":3}},"type":"if","locations":[{"start":{"line":202,"column":2},"end":{"line":204,"column":3}},{"start":{},"end":{}}],"line":202},"11":{"loc":{"start":{"line":216,"column":9},"end":{"line":216,"column":36}},"type":"cond-expr","locations":[{"start":{"line":216,"column":15},"end":{"line":216,"column":32}},{"start":{"line":216,"column":35},"end":{"line":216,"column":36}}],"line":216}},"s":{"0":3,"1":3,"2":3,"3":3,"4":7,"5":7,"6":0,"7":7,"8":3,"9":6,"10":0,"11":2,"12":6,"13":3,"14":2,"15":2,"16":2,"17":2,"18":2,"19":2,"20":3,"21":3,"22":0,"23":2,"24":2,"25":0,"26":0,"27":0,"28":2,"29":2,"30":2,"31":2,"32":2,"33":2,"34":2,"35":2,"36":2,"37":2,"38":1,"39":1,"40":1,"41":1,"42":1,"43":1,"44":1,"45":1,"46":0,"47":0,"48":0,"49":0,"50":0,"51":0,"52":0,"53":0,"54":0,"55":0,"56":0,"57":0,"58":0,"59":0,"60":0,"61":0,"62":0,"63":0,"64":0,"65":0,"66":0,"67":0,"68":0,"69":0,"70":0,"71":0,"72":0,"73":0,"74":0,"75":0,"76":0,"77":0,"78":0,"79":0,"80":0,"81":0,"82":0,"83":2,"84":2,"85":2,"86":2,"87":1,"88":2,"89":1,"90":1,"91":1,"92":1,"93":0,"94":0,"95":0,"96":3},"f":{"0":7,"1":7,"2":6,"3":0,"4":2,"5":6,"6":3,"7":2,"8":2,"9":0,"10":0,"11":0,"12":0,"13":2,"14":1,"15":0},"b":{"0":[0,7],"1":[2],"2":[0,3],"3":[0,2],"4":[1,1],"5":[0,0],"6":[0,0],"7":[0,0],"8":[0,0],"9":[1,1],"10":[1,1],"11":[0,0]},"_coverageSchema":"1a1c01bbd47fc00a2c39e90264f33305004495a9","hash":"81df5e08019634bda09fb0f23745d61a0944aa23"}
,"/Users/gayathrikanchinadham/Desktop/UBR Open NMS - Senao/services/auth-service/src/services/user.service.js": {"path":"/Users/gayathrikanchinadham/Desktop/UBR Open NMS - Senao/services/auth-service/src/services/user.service.js","statementMap":{"0":{"start":{"line":3,"column":52},"end":{"line":3,"column":83}},"1":{"start":{"line":4,"column":23},"end":{"line":4,"column":51}},"2":{"start":{"line":5,"column":15},"end":{"line":5,"column":41}},"3":{"start":{"line":8,"column":26},"end":{"line":8,"column":62}},"4":{"start":{"line":9,"column":2},"end":{"line":14,"column":3}},"5":{"start":{"line":10,"column":16},"end":{"line":10,"column":42}},"6":{"start":{"line":11,"column":4},"end":{"line":11,"column":31}},"7":{"start":{"line":12,"column":4},"end":{"line":12,"column":21}},"8":{"start":{"line":13,"column":4},"end":{"line":13,"column":14}},"9":{"start":{"line":16,"column":15},"end":{"line":16,"column":98}},"10":{"start":{"line":17,"column":2},"end":{"line":17,"column":35}},"11":{"start":{"line":18,"column":2},"end":{"line":18,"column":20}},"12":{"start":{"line":19,"column":2},"end":{"line":19,"column":23}},"13":{"start":{"line":23,"column":15},"end":{"line":23,"column":38}},"14":{"start":{"line":24,"column":2},"end":{"line":29,"column":3}},"15":{"start":{"line":25,"column":16},"end":{"line":25,"column":44}},"16":{"start":{"line":26,"column":4},"end":{"line":26,"column":27}},"17":{"start":{"line":27,"column":4},"end":{"line":27,"column":21}},"18":{"start":{"line":28,"column":4},"end":{"line":28,"column":14}},"19":{"start":{"line":30,"column":2},"end":{"line":30,"column":23}},"20":{"start":{"line":34,"column":15},"end":{"line":34,"column":33}},"21":{"start":{"line":35,"column":25},"end":{"line":38,"column":4}},"22":{"start":{"line":39,"column":2},"end":{"line":39,"column":39}},"23":{"start":{"line":43,"column":24},"end":{"line":43,"column":68}},"24":{"start":{"line":44,"column":19},"end":{"line":44,"column":21}},"25":{"start":{"line":45,"column":2},"end":{"line":47,"column":3}},"26":{"start":{"line":46,"column":4},"end":{"line":46,"column":59}},"27":{"start":{"line":46,"column":34},"end":{"line":46,"column":59}},"28":{"start":{"line":49,"column":2},"end":{"line":54,"column":3}},"29":{"start":{"line":50,"column":16},"end":{"line":50,"column":78}},"30":{"start":{"line":51,"column":4},"end":{"line":51,"column":30}},"31":{"start":{"line":52,"column":4},"end":{"line":52,"column":21}},"32":{"start":{"line":53,"column":4},"end":{"line":53,"column":14}},"33":{"start":{"line":56,"column":15},"end":{"line":56,"column":93}},"34":{"start":{"line":57,"column":2},"end":{"line":62,"column":3}},"35":{"start":{"line":58,"column":16},"end":{"line":58,"column":44}},"36":{"start":{"line":59,"column":4},"end":{"line":59,"column":27}},"37":{"start":{"line":60,"column":4},"end":{"line":60,"column":21}},"38":{"start":{"line":61,"column":4},"end":{"line":61,"column":14}},"39":{"start":{"line":65,"column":2},"end":{"line":68,"column":3}},"40":{"start":{"line":66,"column":4},"end":{"line":66,"column":48}},"41":{"start":{"line":67,"column":4},"end":{"line":67,"column":98}},"42":{"start":{"line":70,"column":2},"end":{"line":70,"column":23}},"43":{"start":{"line":74,"column":15},"end":{"line":74,"column":47}},"44":{"start":{"line":75,"column":2},"end":{"line":80,"column":3}},"45":{"start":{"line":76,"column":16},"end":{"line":76,"column":44}},"46":{"start":{"line":77,"column":4},"end":{"line":77,"column":27}},"47":{"start":{"line":78,"column":4},"end":{"line":78,"column":21}},"48":{"start":{"line":79,"column":4},"end":{"line":79,"column":14}},"49":{"start":{"line":81,"column":2},"end":{"line":81,"column":46}},"50":{"start":{"line":82,"column":2},"end":{"line":82,"column":46}},"51":{"start":{"line":86,"column":26},"end":{"line":86,"column":65}},"52":{"start":{"line":87,"column":2},"end":{"line":92,"column":3}},"53":{"start":{"line":88,"column":16},"end":{"line":88,"column":42}},"54":{"start":{"line":89,"column":4},"end":{"line":89,"column":31}},"55":{"start":{"line":90,"column":4},"end":{"line":90,"column":21}},"56":{"start":{"line":91,"column":4},"end":{"line":91,"column":14}},"57":{"start":{"line":94,"column":15},"end":{"line":94,"column":79}},"58":{"start":{"line":95,"column":2},"end":{"line":100,"column":3}},"59":{"start":{"line":96,"column":16},"end":{"line":96,"column":44}},"60":{"start":{"line":97,"column":4},"end":{"line":97,"column":27}},"61":{"start":{"line":98,"column":4},"end":{"line":98,"column":21}},"62":{"start":{"line":99,"column":4},"end":{"line":99,"column":14}},"63":{"start":{"line":102,"column":2},"end":{"line":110,"column":3}},"64":{"start":{"line":103,"column":18},"end":{"line":103,"column":60}},"65":{"start":{"line":104,"column":4},"end":{"line":109,"column":5}},"66":{"start":{"line":105,"column":18},"end":{"line":105,"column":61}},"67":{"start":{"line":106,"column":6},"end":{"line":106,"column":39}},"68":{"start":{"line":107,"column":6},"end":{"line":107,"column":23}},"69":{"start":{"line":108,"column":6},"end":{"line":108,"column":16}},"70":{"start":{"line":112,"column":2},"end":{"line":112,"column":38}},"71":{"start":{"line":113,"column":2},"end":{"line":113,"column":20}},"72":{"start":{"line":114,"column":2},"end":{"line":114,"column":46}},"73":{"start":{"line":115,"column":2},"end":{"line":115,"column":77}},"74":{"start":{"line":118,"column":0},"end":{"line":118,"column":96}}},"fnMap":{"0":{"name":"createUser","decl":{"start":{"line":7,"column":15},"end":{"line":7,"column":25}},"loc":{"start":{"line":7,"column":76},"end":{"line":20,"column":1}},"line":7},"1":{"name":"getUserById","decl":{"start":{"line":22,"column":15},"end":{"line":22,"column":26}},"loc":{"start":{"line":22,"column":31},"end":{"line":31,"column":1}},"line":22},"2":{"name":"listUsers","decl":{"start":{"line":33,"column":15},"end":{"line":33,"column":24}},"loc":{"start":{"line":33,"column":56},"end":{"line":40,"column":1}},"line":33},"3":{"name":"updateUser","decl":{"start":{"line":42,"column":15},"end":{"line":42,"column":25}},"loc":{"start":{"line":42,"column":39},"end":{"line":71,"column":1}},"line":42},"4":{"name":"deleteUser","decl":{"start":{"line":73,"column":15},"end":{"line":73,"column":25}},"loc":{"start":{"line":73,"column":30},"end":{"line":83,"column":1}},"line":73},"5":{"name":"changePassword","decl":{"start":{"line":85,"column":15},"end":{"line":85,"column":29}},"loc":{"start":{"line":85,"column":64},"end":{"line":116,"column":1}},"line":85}},"branchMap":{"0":{"loc":{"start":{"line":9,"column":2},"end":{"line":14,"column":3}},"type":"if","locations":[{"start":{"line":9,"column":2},"end":{"line":14,"column":3}},{"start":{},"end":{}}],"line":9},"1":{"loc":{"start":{"line":16,"column":49},"end":{"line":16,"column":63}},"type":"binary-expr","locations":[{"start":{"line":16,"column":49},"end":{"line":16,"column":53}},{"start":{"line":16,"column":57},"end":{"line":16,"column":63}}],"line":16},"2":{"loc":{"start":{"line":16,"column":78},"end":{"line":16,"column":95}},"type":"binary-expr","locations":[{"start":{"line":16,"column":78},"end":{"line":16,"column":89}},{"start":{"line":16,"column":93},"end":{"line":16,"column":95}}],"line":16},"3":{"loc":{"start":{"line":24,"column":2},"end":{"line":29,"column":3}},"type":"if","locations":[{"start":{"line":24,"column":2},"end":{"line":29,"column":3}},{"start":{},"end":{}}],"line":24},"4":{"loc":{"start":{"line":33,"column":25},"end":{"line":33,"column":54}},"type":"default-arg","locations":[{"start":{"line":33,"column":52},"end":{"line":33,"column":54}}],"line":33},"5":{"loc":{"start":{"line":33,"column":27},"end":{"line":33,"column":35}},"type":"default-arg","locations":[{"start":{"line":33,"column":34},"end":{"line":33,"column":35}}],"line":33},"6":{"loc":{"start":{"line":33,"column":37},"end":{"line":33,"column":47}},"type":"default-arg","locations":[{"start":{"line":33,"column":45},"end":{"line":33,"column":47}}],"line":33},"7":{"loc":{"start":{"line":46,"column":4},"end":{"line":46,"column":59}},"type":"if","locations":[{"start":{"line":46,"column":4},"end":{"line":46,"column":59}},{"start":{},"end":{}}],"line":46},"8":{"loc":{"start":{"line":49,"column":2},"end":{"line":54,"column":3}},"type":"if","locations":[{"start":{"line":49,"column":2},"end":{"line":54,"column":3}},{"start":{},"end":{}}],"line":49},"9":{"loc":{"start":{"line":49,"column":6},"end":{"line":49,"column":53}},"type":"binary-expr","locations":[{"start":{"line":49,"column":6},"end":{"line":49,"column":19}},{"start":{"line":49,"column":23},"end":{"line":49,"column":53}}],"line":49},"10":{"loc":{"start":{"line":57,"column":2},"end":{"line":62,"column":3}},"type":"if","locations":[{"start":{"line":57,"column":2},"end":{"line":62,"column":3}},{"start":{},"end":{}}],"line":57},"11":{"loc":{"start":{"line":65,"column":2},"end":{"line":68,"column":3}},"type":"if","locations":[{"start":{"line":65,"column":2},"end":{"line":68,"column":3}},{"start":{},"end":{}}],"line":65},"12":{"loc":{"start":{"line":75,"column":2},"end":{"line":80,"column":3}},"type":"if","locations":[{"start":{"line":75,"column":2},"end":{"line":80,"column":3}},{"start":{},"end":{}}],"line":75},"13":{"loc":{"start":{"line":87,"column":2},"end":{"line":92,"column":3}},"type":"if","locations":[{"start":{"line":87,"column":2},"end":{"line":92,"column":3}},{"start":{},"end":{}}],"line":87},"14":{"loc":{"start":{"line":95,"column":2},"end":{"line":100,"column":3}},"type":"if","locations":[{"start":{"line":95,"column":2},"end":{"line":100,"column":3}},{"start":{},"end":{}}],"line":95},"15":{"loc":{"start":{"line":102,"column":2},"end":{"line":110,"column":3}},"type":"if","locations":[{"start":{"line":102,"column":2},"end":{"line":110,"column":3}},{"start":{},"end":{}}],"line":102},"16":{"loc":{"start":{"line":104,"column":4},"end":{"line":109,"column":5}},"type":"if","locations":[{"start":{"line":104,"column":4},"end":{"line":109,"column":5}},{"start":{},"end":{}}],"line":104}},"s":{"0":0,"1":0,"2":0,"3":0,"4":0,"5":0,"6":0,"7":0,"8":0,"9":0,"10":0,"11":0,"12":0,"13":0,"14":0,"15":0,"16":0,"17":0,"18":0,"19":0,"20":0,"21":0,"22":0,"23":0,"24":0,"25":0,"26":0,"27":0,"28":0,"29":0,"30":0,"31":0,"32":0,"33":0,"34":0,"35":0,"36":0,"37":0,"38":0,"39":0,"40":0,"41":0,"42":0,"43":0,"44":0,"45":0,"46":0,"47":0,"48":0,"49":0,"50":0,"51":0,"52":0,"53":0,"54":0,"55":0,"56":0,"57":0,"58":0,"59":0,"60":0,"61":0,"62":0,"63":0,"64":0,"65":0,"66":0,"67":0,"68":0,"69":0,"70":0,"71":0,"72":0,"73":0,"74":0},"f":{"0":0,"1":0,"2":0,"3":0,"4":0,"5":0},"b":{"0":[0,0],"1":[0,0],"2":[0,0],"3":[0,0],"4":[0],"5":[0],"6":[0],"7":[0,0],"8":[0,0],"9":[0,0],"10":[0,0],"11":[0,0],"12":[0,0],"13":[0,0],"14":[0,0],"15":[0,0],"16":[0,0]}}
,"/Users/gayathrikanchinadham/Desktop/UBR Open NMS - Senao/services/auth-service/src/utils/logger.js": {"path":"/Users/gayathrikanchinadham/Desktop/UBR Open NMS - Senao/services/auth-service/src/utils/logger.js","statementMap":{"0":{"start":{"line":3,"column":16},"end":{"line":3,"column":34}},"1":{"start":{"line":4,"column":15},"end":{"line":4,"column":35}},"2":{"start":{"line":6,"column":63},"end":{"line":6,"column":77}},"3":{"start":{"line":8,"column":15},"end":{"line":23,"column":2}},"4":{"start":{"line":28,"column":0},"end":{"line":40,"column":2}},"5":{"start":{"line":29,"column":2},"end":{"line":29,"column":50}},"6":{"start":{"line":29,"column":39},"end":{"line":29,"column":50}},"7":{"start":{"line":30,"column":17},"end":{"line":30,"column":27}},"8":{"start":{"line":31,"column":24},"end":{"line":31,"column":92}},"9":{"start":{"line":32,"column":2},"end":{"line":34,"column":3}},"10":{"start":{"line":33,"column":4},"end":{"line":33,"column":48}},"11":{"start":{"line":33,"column":21},"end":{"line":33,"column":48}},"12":{"start":{"line":35,"column":2},"end":{"line":38,"column":3}},"13":{"start":{"line":36,"column":18},"end":{"line":36,"column":38}},"14":{"start":{"line":37,"column":4},"end":{"line":37,"column":70}},"15":{"start":{"line":37,"column":28},"end":{"line":37,"column":70}},"16":{"start":{"line":39,"column":2},"end":{"line":39,"column":16}},"17":{"start":{"line":42,"column":0},"end":{"line":42,"column":24}}},"fnMap":{"0":{"name":"(anonymous_0)","decl":{"start":{"line":28,"column":17},"end":{"line":28,"column":18}},"loc":{"start":{"line":28,"column":26},"end":{"line":40,"column":1}},"line":28}},"branchMap":{"0":{"loc":{"start":{"line":9,"column":9},"end":{"line":9,"column":59}},"type":"cond-expr","locations":[{"start":{"line":9,"column":43},"end":{"line":9,"column":49}},{"start":{"line":9,"column":52},"end":{"line":9,"column":59}}],"line":9},"1":{"loc":{"start":{"line":18,"column":14},"end":{"line":20,"column":39}},"type":"cond-expr","locations":[{"start":{"line":19,"column":10},"end":{"line":19,"column":38}},{"start":{"line":20,"column":10},"end":{"line":20,"column":39}}],"line":18},"2":{"loc":{"start":{"line":29,"column":2},"end":{"line":29,"column":50}},"type":"if","locations":[{"start":{"line":29,"column":2},"end":{"line":29,"column":50}},{"start":{},"end":{}}],"line":29},"3":{"loc":{"start":{"line":29,"column":6},"end":{"line":29,"column":37}},"type":"binary-expr","locations":[{"start":{"line":29,"column":6},"end":{"line":29,"column":10}},{"start":{"line":29,"column":14},"end":{"line":29,"column":37}}],"line":29},"4":{"loc":{"start":{"line":33,"column":4},"end":{"line":33,"column":48}},"type":"if","locations":[{"start":{"line":33,"column":4},"end":{"line":33,"column":48}},{"start":{},"end":{}}],"line":33},"5":{"loc":{"start":{"line":35,"column":2},"end":{"line":38,"column":3}},"type":"if","locations":[{"start":{"line":35,"column":2},"end":{"line":38,"column":3}},{"start":{},"end":{}}],"line":35},"6":{"loc":{"start":{"line":35,"column":6},"end":{"line":35,"column":48}},"type":"binary-expr","locations":[{"start":{"line":35,"column":6},"end":{"line":35,"column":15}},{"start":{"line":35,"column":19},"end":{"line":35,"column":48}}],"line":35},"7":{"loc":{"start":{"line":37,"column":4},"end":{"line":37,"column":70}},"type":"if","locations":[{"start":{"line":37,"column":4},"end":{"line":37,"column":70}},{"start":{},"end":{}}],"line":37}},"s":{"0":8,"1":8,"2":8,"3":8,"4":8,"5":3,"6":0,"7":3,"8":3,"9":3,"10":15,"11":0,"12":3,"13":3,"14":3,"15":3,"16":3,"17":8},"f":{"0":3},"b":{"0":[0,8],"1":[0,8],"2":[0,3],"3":[3,3],"4":[0,15],"5":[3,0],"6":[3,3],"7":[3,0]},"_coverageSchema":"1a1c01bbd47fc00a2c39e90264f33305004495a9","hash":"8b237d9de35b4dd4a4c7c5afdd10737f0892142d"}
}
