{"/Users/gayathrikanchinadham/Desktop/UBR Open NMS - Senaooriginal for demo video/services/auth-service/src/app.js": {"path":"/Users/gayathrikanchinadham/Desktop/UBR Open NMS - Senaooriginal for demo video/services/auth-service/src/app.js","statementMap":{"0":{"start":{"line":3,"column":16},"end":{"line":3,"column":34}},"1":{"start":{"line":4,"column":15},"end":{"line":4,"column":32}},"2":{"start":{"line":5,"column":13},"end":{"line":5,"column":28}},"3":{"start":{"line":6,"column":18},"end":{"line":6,"column":47}},"4":{"start":{"line":7,"column":15},"end":{"line":7,"column":34}},"5":{"start":{"line":8,"column":15},"end":{"line":8,"column":40}},"6":{"start":{"line":9,"column":19},"end":{"line":9,"column":50}},"7":{"start":{"line":10,"column":19},"end":{"line":10,"column":49}},"8":{"start":{"line":11,"column":19},"end":{"line":11,"column":51}},"9":{"start":{"line":15,"column":0},"end":{"line":23,"column":1}},"10":{"start":{"line":16,"column":21},"end":{"line":16,"column":47}},"11":{"start":{"line":17,"column":2},"end":{"line":17,"column":51}},"12":{"start":{"line":18,"column":2},"end":{"line":18,"column":47}},"13":{"start":{"line":21,"column":2},"end":{"line":21,"column":51}},"14":{"start":{"line":21,"column":44},"end":{"line":21,"column":50}},"15":{"start":{"line":22,"column":2},"end":{"line":22,"column":79}},"16":{"start":{"line":22,"column":35},"end":{"line":22,"column":78}},"17":{"start":{"line":26,"column":14},"end":{"line":26,"column":23}},"18":{"start":{"line":29,"column":2},"end":{"line":29,"column":20}},"19":{"start":{"line":32,"column":2},"end":{"line":32,"column":86}},"20":{"start":{"line":35,"column":2},"end":{"line":35,"column":29}},"21":{"start":{"line":38,"column":2},"end":{"line":38,"column":42}},"22":{"start":{"line":39,"column":2},"end":{"line":39,"column":51}},"23":{"start":{"line":42,"column":2},"end":{"line":42,"column":28}},"24":{"start":{"line":45,"column":22},"end":{"line":54,"column":4}},"25":{"start":{"line":55,"column":2},"end":{"line":55,"column":45}},"26":{"start":{"line":57,"column":2},"end":{"line":57,"column":53}},"27":{"start":{"line":60,"column":2},"end":{"line":60,"column":77}},"28":{"start":{"line":60,"column":37},"end":{"line":60,"column":75}},"29":{"start":{"line":61,"column":2},"end":{"line":61,"column":76}},"30":{"start":{"line":61,"column":36},"end":{"line":61,"column":74}},"31":{"start":{"line":62,"column":2},"end":{"line":62,"column":39}},"32":{"start":{"line":65,"column":2},"end":{"line":65,"column":38}},"33":{"start":{"line":66,"column":2},"end":{"line":66,"column":41}},"34":{"start":{"line":67,"column":2},"end":{"line":67,"column":39}},"35":{"start":{"line":70,"column":2},"end":{"line":72,"column":5}},"36":{"start":{"line":71,"column":4},"end":{"line":71,"column":105}},"37":{"start":{"line":76,"column":2},"end":{"line":79,"column":5}},"38":{"start":{"line":77,"column":4},"end":{"line":77,"column":80}},"39":{"start":{"line":78,"column":4},"end":{"line":78,"column":123}},"40":{"start":{"line":81,"column":2},"end":{"line":81,"column":13}},"41":{"start":{"line":84,"column":0},"end":{"line":84,"column":31}}},"fnMap":{"0":{"name":"(anonymous_0)","decl":{"start":{"line":21,"column":22},"end":{"line":21,"column":23}},"loc":{"start":{"line":21,"column":44},"end":{"line":21,"column":50}},"line":21},"1":{"name":"(anonymous_1)","decl":{"start":{"line":22,"column":20},"end":{"line":22,"column":21}},"loc":{"start":{"line":22,"column":35},"end":{"line":22,"column":78}},"line":22},"2":{"name":"createApp","decl":{"start":{"line":25,"column":9},"end":{"line":25,"column":18}},"loc":{"start":{"line":25,"column":21},"end":{"line":82,"column":1}},"line":25},"3":{"name":"(anonymous_3)","decl":{"start":{"line":60,"column":22},"end":{"line":60,"column":23}},"loc":{"start":{"line":60,"column":37},"end":{"line":60,"column":75}},"line":60},"4":{"name":"(anonymous_4)","decl":{"start":{"line":61,"column":21},"end":{"line":61,"column":22}},"loc":{"start":{"line":61,"column":36},"end":{"line":61,"column":74}},"line":61},"5":{"name":"(anonymous_5)","decl":{"start":{"line":70,"column":10},"end":{"line":70,"column":11}},"loc":{"start":{"line":70,"column":25},"end":{"line":72,"column":3}},"line":70},"6":{"name":"(anonymous_6)","decl":{"start":{"line":76,"column":10},"end":{"line":76,"column":11}},"loc":{"start":{"line":76,"column":37},"end":{"line":79,"column":3}},"line":76}},"branchMap":{},"s":{"0":0,"1":0,"2":0,"3":0,"4":0,"5":0,"6":0,"7":0,"8":0,"9":0,"10":0,"11":0,"12":0,"13":0,"14":0,"15":0,"16":0,"17":0,"18":0,"19":0,"20":0,"21":0,"22":0,"23":0,"24":0,"25":0,"26":0,"27":0,"28":0,"29":0,"30":0,"31":0,"32":0,"33":0,"34":0,"35":0,"36":0,"37":0,"38":0,"39":0,"40":0,"41":0},"f":{"0":0,"1":0,"2":0,"3":0,"4":0,"5":0,"6":0},"b":{}}
,"/Users/gayathrikanchinadham/Desktop/UBR Open NMS - Senaooriginal for demo video/services/auth-service/src/config/index.js": {"path":"/Users/gayathrikanchinadham/Desktop/UBR Open NMS - Senaooriginal for demo video/services/auth-service/src/config/index.js","statementMap":{"0":{"start":{"line":3,"column":0},"end":{"line":3,"column":27}},"1":{"start":{"line":5,"column":0},"end":{"line":79,"column":2}}},"fnMap":{},"branchMap":{"0":{"loc":{"start":{"line":6,"column":17},"end":{"line":6,"column":48}},"type":"binary-expr","locations":[{"start":{"line":6,"column":17},"end":{"line":6,"column":38}},{"start":{"line":6,"column":42},"end":{"line":6,"column":48}}],"line":6},"1":{"loc":{"start":{"line":7,"column":11},"end":{"line":7,"column":48}},"type":"binary-expr","locations":[{"start":{"line":7,"column":11},"end":{"line":7,"column":31}},{"start":{"line":7,"column":35},"end":{"line":7,"column":48}}],"line":7},"2":{"loc":{"start":{"line":10,"column":9},"end":{"line":10,"column":69}},"type":"binary-expr","locations":[{"start":{"line":10,"column":9},"end":{"line":10,"column":30}},{"start":{"line":10,"column":34},"end":{"line":10,"column":69}}],"line":10},"3":{"loc":{"start":{"line":15,"column":10},"end":{"line":15,"column":47}},"type":"binary-expr","locations":[{"start":{"line":15,"column":10},"end":{"line":15,"column":32}},{"start":{"line":15,"column":36},"end":{"line":15,"column":47}}],"line":15},"4":{"loc":{"start":{"line":16,"column":19},"end":{"line":16,"column":51}},"type":"binary-expr","locations":[{"start":{"line":16,"column":19},"end":{"line":16,"column":41}},{"start":{"line":16,"column":45},"end":{"line":16,"column":51}}],"line":16},"5":{"loc":{"start":{"line":17,"column":14},"end":{"line":17,"column":53}},"type":"binary-expr","locations":[{"start":{"line":17,"column":14},"end":{"line":17,"column":40}},{"start":{"line":17,"column":44},"end":{"line":17,"column":53}}],"line":17},"6":{"loc":{"start":{"line":18,"column":9},"end":{"line":18,"column":58}},"type":"cond-expr","locations":[{"start":{"line":18,"column":44},"end":{"line":18,"column":46}},{"start":{"line":18,"column":49},"end":{"line":18,"column":58}}],"line":18},"7":{"loc":{"start":{"line":23,"column":9},"end":{"line":23,"column":56}},"type":"binary-expr","locations":[{"start":{"line":23,"column":9},"end":{"line":23,"column":29}},{"start":{"line":23,"column":33},"end":{"line":23,"column":56}}],"line":23},"8":{"loc":{"start":{"line":24,"column":12},"end":{"line":24,"column":59}},"type":"binary-expr","locations":[{"start":{"line":24,"column":12},"end":{"line":24,"column":36}},{"start":{"line":24,"column":40},"end":{"line":24,"column":59}}],"line":24},"9":{"loc":{"start":{"line":25,"column":12},"end":{"line":25,"column":68}},"type":"binary-expr","locations":[{"start":{"line":25,"column":12},"end":{"line":25,"column":36}},{"start":{"line":25,"column":40},"end":{"line":25,"column":68}}],"line":25},"10":{"loc":{"start":{"line":26,"column":18},"end":{"line":26,"column":54}},"type":"binary-expr","locations":[{"start":{"line":26,"column":18},"end":{"line":26,"column":48}},{"start":{"line":26,"column":52},"end":{"line":26,"column":54}}],"line":26},"11":{"loc":{"start":{"line":27,"column":18},"end":{"line":27,"column":72}},"type":"binary-expr","locations":[{"start":{"line":27,"column":18},"end":{"line":27,"column":48}},{"start":{"line":27,"column":52},"end":{"line":27,"column":72}}],"line":27},"12":{"loc":{"start":{"line":39,"column":16},"end":{"line":41,"column":12}},"type":"cond-expr","locations":[{"start":{"line":40,"column":8},"end":{"line":40,"column":75}},{"start":{"line":41,"column":8},"end":{"line":41,"column":12}}],"line":39},"13":{"loc":{"start":{"line":42,"column":15},"end":{"line":44,"column":12}},"type":"cond-expr","locations":[{"start":{"line":43,"column":8},"end":{"line":43,"column":74}},{"start":{"line":44,"column":8},"end":{"line":44,"column":12}}],"line":42},"14":{"loc":{"start":{"line":54,"column":28},"end":{"line":54,"column":71}},"type":"binary-expr","locations":[{"start":{"line":54,"column":28},"end":{"line":54,"column":63}},{"start":{"line":54,"column":67},"end":{"line":54,"column":71}}],"line":54},"15":{"loc":{"start":{"line":55,"column":33},"end":{"line":55,"column":83}},"type":"binary-expr","locations":[{"start":{"line":55,"column":33},"end":{"line":55,"column":73}},{"start":{"line":55,"column":77},"end":{"line":55,"column":83}}],"line":55},"16":{"loc":{"start":{"line":62,"column":32},"end":{"line":62,"column":72}},"type":"binary-expr","locations":[{"start":{"line":62,"column":32},"end":{"line":62,"column":63}},{"start":{"line":62,"column":67},"end":{"line":62,"column":72}}],"line":62},"17":{"loc":{"start":{"line":63,"column":37},"end":{"line":63,"column":92}},"type":"binary-expr","locations":[{"start":{"line":63,"column":37},"end":{"line":63,"column":73}},{"start":{"line":63,"column":77},"end":{"line":63,"column":92}}],"line":63},"18":{"loc":{"start":{"line":68,"column":12},"end":{"line":68,"column":62}},"type":"binary-expr","locations":[{"start":{"line":68,"column":12},"end":{"line":68,"column":35}},{"start":{"line":68,"column":39},"end":{"line":68,"column":62}}],"line":68},"19":{"loc":{"start":{"line":75,"column":21},"end":{"line":75,"column":98}},"type":"binary-expr","locations":[{"start":{"line":75,"column":21},"end":{"line":75,"column":53}},{"start":{"line":75,"column":57},"end":{"line":75,"column":98}}],"line":75}},"s":{"0":10,"1":10},"f":{},"b":{"0":[10,10],"1":[10,0],"2":[10,10],"3":[10,10],"4":[10,10],"5":[10,10],"6":[0,10],"7":[10,10],"8":[10,10],"9":[10,10],"10":[10,10],"11":[10,10],"12":[0,10],"13":[0,10],"14":[10,10],"15":[10,10],"16":[10,10],"17":[10,10],"18":[10,10],"19":[10,10]},"_coverageSchema":"1a1c01bbd47fc00a2c39e90264f33305004495a9","hash":"ad5d98f237545dfd5832df99109c8dc79f3c4e9a"}
,"/Users/gayathrikanchinadham/Desktop/UBR Open NMS - Senaooriginal for demo video/services/auth-service/src/middleware/rbac.middleware.js": {"path":"/Users/gayathrikanchinadham/Desktop/UBR Open NMS - Senaooriginal for demo video/services/auth-service/src/middleware/rbac.middleware.js","statementMap":{"0":{"start":{"line":3,"column":19},"end":{"line":3,"column":53}},"1":{"start":{"line":4,"column":23},"end":{"line":4,"column":61}},"2":{"start":{"line":5,"column":15},"end":{"line":5,"column":41}},"3":{"start":{"line":12,"column":21},"end":{"line":12,"column":46}},"4":{"start":{"line":13,"column":2},"end":{"line":18,"column":3}},"5":{"start":{"line":14,"column":4},"end":{"line":17,"column":7}},"6":{"start":{"line":20,"column":16},"end":{"line":20,"column":35}},"7":{"start":{"line":21,"column":2},"end":{"line":36,"column":3}},"8":{"start":{"line":22,"column":20},"end":{"line":22,"column":55}},"9":{"start":{"line":23,"column":4},"end":{"line":23,"column":77}},"10":{"start":{"line":24,"column":4},"end":{"line":24,"column":11}},"11":{"start":{"line":26,"column":4},"end":{"line":31,"column":5}},"12":{"start":{"line":27,"column":6},"end":{"line":30,"column":9}},"13":{"start":{"line":32,"column":4},"end":{"line":35,"column":7}},"14":{"start":{"line":44,"column":16},"end":{"line":44,"column":75}},"15":{"start":{"line":45,"column":2},"end":{"line":63,"column":4}},"16":{"start":{"line":46,"column":4},"end":{"line":51,"column":5}},"17":{"start":{"line":47,"column":6},"end":{"line":50,"column":9}},"18":{"start":{"line":53,"column":31},"end":{"line":53,"column":66}},"19":{"start":{"line":54,"column":31},"end":{"line":54,"column":64}},"20":{"start":{"line":54,"column":48},"end":{"line":54,"column":63}},"21":{"start":{"line":55,"column":4},"end":{"line":61,"column":5}},"22":{"start":{"line":56,"column":6},"end":{"line":56,"column":116}},"23":{"start":{"line":57,"column":6},"end":{"line":60,"column":9}},"24":{"start":{"line":62,"column":4},"end":{"line":62,"column":11}},"25":{"start":{"line":66,"column":0},"end":{"line":66,"column":47}}},"fnMap":{"0":{"name":"authenticate","decl":{"start":{"line":11,"column":9},"end":{"line":11,"column":21}},"loc":{"start":{"line":11,"column":38},"end":{"line":37,"column":1}},"line":11},"1":{"name":"requireRole","decl":{"start":{"line":43,"column":9},"end":{"line":43,"column":20}},"loc":{"start":{"line":43,"column":35},"end":{"line":64,"column":1}},"line":43},"2":{"name":"(anonymous_2)","decl":{"start":{"line":45,"column":9},"end":{"line":45,"column":10}},"loc":{"start":{"line":45,"column":29},"end":{"line":63,"column":3}},"line":45},"3":{"name":"(anonymous_3)","decl":{"start":{"line":54,"column":41},"end":{"line":54,"column":42}},"loc":{"start":{"line":54,"column":48},"end":{"line":54,"column":63}},"line":54}},"branchMap":{"0":{"loc":{"start":{"line":13,"column":2},"end":{"line":18,"column":3}},"type":"if","locations":[{"start":{"line":13,"column":2},"end":{"line":18,"column":3}},{"start":{},"end":{}}],"line":13},"1":{"loc":{"start":{"line":13,"column":6},"end":{"line":13,"column":54}},"type":"binary-expr","locations":[{"start":{"line":13,"column":6},"end":{"line":13,"column":17}},{"start":{"line":13,"column":21},"end":{"line":13,"column":54}}],"line":13},"2":{"loc":{"start":{"line":26,"column":4},"end":{"line":31,"column":5}},"type":"if","locations":[{"start":{"line":26,"column":4},"end":{"line":31,"column":5}},{"start":{},"end":{}}],"line":26},"3":{"loc":{"start":{"line":44,"column":16},"end":{"line":44,"column":75}},"type":"cond-expr","locations":[{"start":{"line":44,"column":46},"end":{"line":44,"column":58}},{"start":{"line":44,"column":61},"end":{"line":44,"column":75}}],"line":44},"4":{"loc":{"start":{"line":46,"column":4},"end":{"line":51,"column":5}},"type":"if","locations":[{"start":{"line":46,"column":4},"end":{"line":51,"column":5}},{"start":{},"end":{}}],"line":46},"5":{"loc":{"start":{"line":53,"column":32},"end":{"line":53,"column":51}},"type":"binary-expr","locations":[{"start":{"line":53,"column":32},"end":{"line":53,"column":45}},{"start":{"line":53,"column":49},"end":{"line":53,"column":51}}],"line":53},"6":{"loc":{"start":{"line":55,"column":4},"end":{"line":61,"column":5}},"type":"if","locations":[{"start":{"line":55,"column":4},"end":{"line":61,"column":5}},{"start":{},"end":{}}],"line":55}},"s":{"0":1,"1":1,"2":1,"3":3,"4":3,"5":1,"6":2,"7":2,"8":2,"9":1,"10":1,"11":1,"12":1,"13":0,"14":4,"15":4,"16":4,"17":0,"18":4,"19":4,"20":5,"21":4,"22":3,"23":3,"24":1,"25":1},"f":{"0":3,"1":4,"2":4,"3":5},"b":{"0":[1,2],"1":[3,2],"2":[1,0],"3":[1,3],"4":[0,4],"5":[4,0],"6":[3,1]},"_coverageSchema":"1a1c01bbd47fc00a2c39e90264f33305004495a9","hash":"1a2ea3396ca978120762af08e779f7fca0aebd88"}
,"/Users/gayathrikanchinadham/Desktop/UBR Open NMS - Senaooriginal for demo video/services/auth-service/src/middleware/validate.middleware.js": {"path":"/Users/gayathrikanchinadham/Desktop/UBR Open NMS - Senaooriginal for demo video/services/auth-service/src/middleware/validate.middleware.js","statementMap":{"0":{"start":{"line":3,"column":35},"end":{"line":3,"column":63}},"1":{"start":{"line":9,"column":17},"end":{"line":9,"column":38}},"2":{"start":{"line":10,"column":2},"end":{"line":15,"column":3}},"3":{"start":{"line":11,"column":4},"end":{"line":14,"column":7}},"4":{"start":{"line":16,"column":2},"end":{"line":16,"column":9}},"5":{"start":{"line":19,"column":19},"end":{"line":22,"column":1}},"6":{"start":{"line":24,"column":21},"end":{"line":26,"column":1}},"7":{"start":{"line":28,"column":24},"end":{"line":33,"column":1}},"8":{"start":{"line":35,"column":28},"end":{"line":38,"column":1}},"9":{"start":{"line":40,"column":0},"end":{"line":46,"column":2}}},"fnMap":{"0":{"name":"handleValidationErrors","decl":{"start":{"line":8,"column":9},"end":{"line":8,"column":31}},"loc":{"start":{"line":8,"column":48},"end":{"line":17,"column":1}},"line":8}},"branchMap":{"0":{"loc":{"start":{"line":10,"column":2},"end":{"line":15,"column":3}},"type":"if","locations":[{"start":{"line":10,"column":2},"end":{"line":15,"column":3}},{"start":{},"end":{}}],"line":10}},"s":{"0":0,"1":0,"2":0,"3":0,"4":0,"5":0,"6":0,"7":0,"8":0,"9":0},"f":{"0":0},"b":{"0":[0,0]}}
,"/Users/gayathrikanchinadham/Desktop/UBR Open NMS - Senaooriginal for demo video/services/auth-service/src/models/user.model.js": {"path":"/Users/gayathrikanchinadham/Desktop/UBR Open NMS - Senaooriginal for demo video/services/auth-service/src/models/user.model.js","statementMap":{"0":{"start":{"line":3,"column":17},"end":{"line":3,"column":36}},"1":{"start":{"line":4,"column":15},"end":{"line":4,"column":32}},"2":{"start":{"line":5,"column":15},"end":{"line":5,"column":35}},"3":{"start":{"line":7,"column":14},"end":{"line":7,"column":58}},"4":{"start":{"line":9,"column":19},"end":{"line":103,"column":1}},"5":{"start":{"line":94,"column":8},"end":{"line":94,"column":32}},"6":{"start":{"line":95,"column":8},"end":{"line":95,"column":35}},"7":{"start":{"line":96,"column":8},"end":{"line":96,"column":29}},"8":{"start":{"line":97,"column":8},"end":{"line":97,"column":36}},"9":{"start":{"line":98,"column":8},"end":{"line":98,"column":23}},"10":{"start":{"line":99,"column":8},"end":{"line":99,"column":19}},"11":{"start":{"line":109,"column":0},"end":{"line":112,"column":2}},"12":{"start":{"line":110,"column":2},"end":{"line":110,"column":39}},"13":{"start":{"line":110,"column":26},"end":{"line":110,"column":39}},"14":{"start":{"line":111,"column":2},"end":{"line":111,"column":50}},"15":{"start":{"line":118,"column":0},"end":{"line":137,"column":2}},"16":{"start":{"line":119,"column":15},"end":{"line":119,"column":69}},"17":{"start":{"line":122,"column":14},"end":{"line":122,"column":70}},"18":{"start":{"line":123,"column":18},"end":{"line":123,"column":48}},"19":{"start":{"line":125,"column":2},"end":{"line":131,"column":3}},"20":{"start":{"line":126,"column":4},"end":{"line":130,"column":5}},"21":{"start":{"line":127,"column":18},"end":{"line":127,"column":87}},"22":{"start":{"line":128,"column":6},"end":{"line":128,"column":34}},"23":{"start":{"line":129,"column":6},"end":{"line":129,"column":16}},"24":{"start":{"line":133,"column":25},"end":{"line":133,"column":82}},"25":{"start":{"line":134,"column":2},"end":{"line":134,"column":27}},"26":{"start":{"line":135,"column":2},"end":{"line":135,"column":40}},"27":{"start":{"line":136,"column":2},"end":{"line":136,"column":38}},"28":{"start":{"line":142,"column":0},"end":{"line":144,"column":2}},"29":{"start":{"line":143,"column":2},"end":{"line":143,"column":61}},"30":{"start":{"line":151,"column":2},"end":{"line":153,"column":3}},"31":{"start":{"line":152,"column":4},"end":{"line":152,"column":59}},"32":{"start":{"line":154,"column":2},"end":{"line":154,"column":93}},"33":{"start":{"line":154,"column":31},"end":{"line":154,"column":93}},"34":{"start":{"line":155,"column":2},"end":{"line":155,"column":93}},"35":{"start":{"line":155,"column":31},"end":{"line":155,"column":93}},"36":{"start":{"line":156,"column":2},"end":{"line":156,"column":82}},"37":{"start":{"line":156,"column":31},"end":{"line":156,"column":82}},"38":{"start":{"line":157,"column":2},"end":{"line":159,"column":3}},"39":{"start":{"line":158,"column":4},"end":{"line":158,"column":67}},"40":{"start":{"line":160,"column":2},"end":{"line":160,"column":14}},"41":{"start":{"line":163,"column":13},"end":{"line":163,"column":47}},"42":{"start":{"line":165,"column":0},"end":{"line":165,"column":61}}},"fnMap":{"0":{"name":"(anonymous_0)","decl":{"start":{"line":93,"column":6},"end":{"line":93,"column":7}},"loc":{"start":{"line":93,"column":26},"end":{"line":100,"column":7}},"line":93},"1":{"name":"verifyPassword","decl":{"start":{"line":109,"column":51},"end":{"line":109,"column":65}},"loc":{"start":{"line":109,"column":73},"end":{"line":112,"column":1}},"line":109},"2":{"name":"setPassword","decl":{"start":{"line":118,"column":48},"end":{"line":118,"column":59}},"loc":{"start":{"line":118,"column":67},"end":{"line":137,"column":1}},"line":118},"3":{"name":"isLockedOut","decl":{"start":{"line":142,"column":42},"end":{"line":142,"column":53}},"loc":{"start":{"line":142,"column":56},"end":{"line":144,"column":1}},"line":142},"4":{"name":"validatePasswordComplexity","decl":{"start":{"line":150,"column":9},"end":{"line":150,"column":35}},"loc":{"start":{"line":150,"column":46},"end":{"line":161,"column":1}},"line":150}},"branchMap":{"0":{"loc":{"start":{"line":110,"column":2},"end":{"line":110,"column":39}},"type":"if","locations":[{"start":{"line":110,"column":2},"end":{"line":110,"column":39}},{"start":{},"end":{}}],"line":110},"1":{"loc":{"start":{"line":123,"column":18},"end":{"line":123,"column":48}},"type":"cond-expr","locations":[{"start":{"line":123,"column":24},"end":{"line":123,"column":43}},{"start":{"line":123,"column":46},"end":{"line":123,"column":48}}],"line":123},"2":{"loc":{"start":{"line":126,"column":4},"end":{"line":130,"column":5}},"type":"if","locations":[{"start":{"line":126,"column":4},"end":{"line":130,"column":5}},{"start":{},"end":{}}],"line":126},"3":{"loc":{"start":{"line":143,"column":9},"end":{"line":143,"column":60}},"type":"binary-expr","locations":[{"start":{"line":143,"column":9},"end":{"line":143,"column":26}},{"start":{"line":143,"column":30},"end":{"line":143,"column":60}}],"line":143},"4":{"loc":{"start":{"line":151,"column":2},"end":{"line":153,"column":3}},"type":"if","locations":[{"start":{"line":151,"column":2},"end":{"line":153,"column":3}},{"start":{},"end":{}}],"line":151},"5":{"loc":{"start":{"line":151,"column":6},"end":{"line":151,"column":39}},"type":"binary-expr","locations":[{"start":{"line":151,"column":6},"end":{"line":151,"column":15}},{"start":{"line":151,"column":19},"end":{"line":151,"column":39}}],"line":151},"6":{"loc":{"start":{"line":154,"column":2},"end":{"line":154,"column":93}},"type":"if","locations":[{"start":{"line":154,"column":2},"end":{"line":154,"column":93}},{"start":{},"end":{}}],"line":154},"7":{"loc":{"start":{"line":155,"column":2},"end":{"line":155,"column":93}},"type":"if","locations":[{"start":{"line":155,"column":2},"end":{"line":155,"column":93}},{"start":{},"end":{}}],"line":155},"8":{"loc":{"start":{"line":156,"column":2},"end":{"line":156,"column":82}},"type":"if","locations":[{"start":{"line":156,"column":2},"end":{"line":156,"column":82}},{"start":{},"end":{}}],"line":156},"9":{"loc":{"start":{"line":157,"column":2},"end":{"line":159,"column":3}},"type":"if","locations":[{"start":{"line":157,"column":2},"end":{"line":159,"column":3}},{"start":{},"end":{}}],"line":157}},"s":{"0":2,"1":2,"2":2,"3":2,"4":2,"5":0,"6":0,"7":0,"8":0,"9":0,"10":0,"11":2,"12":0,"13":0,"14":0,"15":2,"16":0,"17":0,"18":0,"19":0,"20":0,"21":0,"22":0,"23":0,"24":0,"25":0,"26":0,"27":0,"28":2,"29":0,"30":9,"31":3,"32":6,"33":1,"34":5,"35":1,"36":4,"37":1,"38":3,"39":1,"40":2,"41":2,"42":2},"f":{"0":0,"1":0,"2":0,"3":0,"4":9},"b":{"0":[0,0],"1":[0,0],"2":[0,0],"3":[0,0],"4":[3,6],"5":[9,7],"6":[1,5],"7":[1,4],"8":[1,3],"9":[1,2]},"_coverageSchema":"1a1c01bbd47fc00a2c39e90264f33305004495a9","hash":"6008e5beba7ed81b0bfece961aa734d1196610ca"}
,"/Users/gayathrikanchinadham/Desktop/UBR Open NMS - Senaooriginal for demo video/services/auth-service/src/routes/auth.routes.js": {"path":"/Users/gayathrikanchinadham/Desktop/UBR Open NMS - Senaooriginal for demo video/services/auth-service/src/routes/auth.routes.js","statementMap":{"0":{"start":{"line":3,"column":16},"end":{"line":3,"column":34}},"1":{"start":{"line":4,"column":20},"end":{"line":4,"column":55}},"2":{"start":{"line":5,"column":23},"end":{"line":5,"column":61}},"3":{"start":{"line":6,"column":38},"end":{"line":6,"column":78}},"4":{"start":{"line":11,"column":4},"end":{"line":11,"column":48}},"5":{"start":{"line":12,"column":15},"end":{"line":12,"column":41}},"6":{"start":{"line":14,"column":15},"end":{"line":14,"column":31}},"7":{"start":{"line":20,"column":0},"end":{"line":35,"column":3}},"8":{"start":{"line":21,"column":2},"end":{"line":34,"column":3}},"9":{"start":{"line":22,"column":35},"end":{"line":22,"column":43}},"10":{"start":{"line":23,"column":15},"end":{"line":23,"column":68}},"11":{"start":{"line":24,"column":22},"end":{"line":24,"column":53}},"12":{"start":{"line":26,"column":19},"end":{"line":26,"column":77}},"13":{"start":{"line":27,"column":4},"end":{"line":27,"column":57}},"14":{"start":{"line":29,"column":19},"end":{"line":29,"column":36}},"15":{"start":{"line":30,"column":4},"end":{"line":33,"column":7}},"16":{"start":{"line":41,"column":0},"end":{"line":52,"column":3}},"17":{"start":{"line":42,"column":2},"end":{"line":51,"column":3}},"18":{"start":{"line":43,"column":29},"end":{"line":43,"column":37}},"19":{"start":{"line":44,"column":19},"end":{"line":44,"column":58}},"20":{"start":{"line":45,"column":4},"end":{"line":45,"column":57}},"21":{"start":{"line":47,"column":4},"end":{"line":50,"column":7}},"22":{"start":{"line":58,"column":0},"end":{"line":69,"column":3}},"23":{"start":{"line":59,"column":2},"end":{"line":68,"column":3}},"24":{"start":{"line":60,"column":29},"end":{"line":60,"column":37}},"25":{"start":{"line":61,"column":4},"end":{"line":61,"column":79}},"26":{"start":{"line":62,"column":4},"end":{"line":62,"column":85}},"27":{"start":{"line":64,"column":4},"end":{"line":67,"column":7}},"28":{"start":{"line":75,"column":0},"end":{"line":83,"column":3}},"29":{"start":{"line":76,"column":2},"end":{"line":82,"column":3}},"30":{"start":{"line":77,"column":21},"end":{"line":77,"column":59}},"31":{"start":{"line":78,"column":4},"end":{"line":78,"column":59}},"32":{"start":{"line":80,"column":4},"end":{"line":80,"column":70}},"33":{"start":{"line":81,"column":4},"end":{"line":81,"column":53}},"34":{"start":{"line":89,"column":0},"end":{"line":99,"column":3}},"35":{"start":{"line":90,"column":2},"end":{"line":98,"column":3}},"36":{"start":{"line":91,"column":4},"end":{"line":91,"column":68}},"37":{"start":{"line":92,"column":4},"end":{"line":92,"column":85}},"38":{"start":{"line":94,"column":4},"end":{"line":97,"column":7}},"39":{"start":{"line":101,"column":0},"end":{"line":101,"column":24}}},"fnMap":{"0":{"name":"(anonymous_0)","decl":{"start":{"line":20,"column":58},"end":{"line":20,"column":59}},"loc":{"start":{"line":20,"column":78},"end":{"line":35,"column":1}},"line":20},"1":{"name":"(anonymous_1)","decl":{"start":{"line":41,"column":62},"end":{"line":41,"column":63}},"loc":{"start":{"line":41,"column":82},"end":{"line":52,"column":1}},"line":41},"2":{"name":"(anonymous_2)","decl":{"start":{"line":58,"column":75},"end":{"line":58,"column":76}},"loc":{"start":{"line":58,"column":95},"end":{"line":69,"column":1}},"line":58},"3":{"name":"(anonymous_3)","decl":{"start":{"line":75,"column":60},"end":{"line":75,"column":61}},"loc":{"start":{"line":75,"column":80},"end":{"line":83,"column":1}},"line":75},"4":{"name":"(anonymous_4)","decl":{"start":{"line":89,"column":74},"end":{"line":89,"column":75}},"loc":{"start":{"line":89,"column":94},"end":{"line":99,"column":1}},"line":89}},"branchMap":{"0":{"loc":{"start":{"line":23,"column":15},"end":{"line":23,"column":68}},"type":"binary-expr","locations":[{"start":{"line":23,"column":15},"end":{"line":23,"column":21}},{"start":{"line":23,"column":25},"end":{"line":23,"column":55}},{"start":{"line":23,"column":59},"end":{"line":23,"column":68}}],"line":23},"1":{"loc":{"start":{"line":24,"column":22},"end":{"line":24,"column":53}},"type":"binary-expr","locations":[{"start":{"line":24,"column":22},"end":{"line":24,"column":47}},{"start":{"line":24,"column":51},"end":{"line":24,"column":53}}],"line":24},"2":{"loc":{"start":{"line":29,"column":19},"end":{"line":29,"column":36}},"type":"binary-expr","locations":[{"start":{"line":29,"column":19},"end":{"line":29,"column":29}},{"start":{"line":29,"column":33},"end":{"line":29,"column":36}}],"line":29},"3":{"loc":{"start":{"line":32,"column":21},"end":{"line":32,"column":46}},"type":"binary-expr","locations":[{"start":{"line":32,"column":21},"end":{"line":32,"column":29}},{"start":{"line":32,"column":33},"end":{"line":32,"column":46}}],"line":32},"4":{"loc":{"start":{"line":47,"column":15},"end":{"line":47,"column":32}},"type":"binary-expr","locations":[{"start":{"line":47,"column":15},"end":{"line":47,"column":25}},{"start":{"line":47,"column":29},"end":{"line":47,"column":32}}],"line":47},"5":{"loc":{"start":{"line":49,"column":21},"end":{"line":49,"column":49}},"type":"binary-expr","locations":[{"start":{"line":49,"column":21},"end":{"line":49,"column":29}},{"start":{"line":49,"column":33},"end":{"line":49,"column":49}}],"line":49}},"s":{"0":0,"1":0,"2":0,"3":0,"4":0,"5":0,"6":0,"7":0,"8":0,"9":0,"10":0,"11":0,"12":0,"13":0,"14":0,"15":0,"16":0,"17":0,"18":0,"19":0,"20":0,"21":0,"22":0,"23":0,"24":0,"25":0,"26":0,"27":0,"28":0,"29":0,"30":0,"31":0,"32":0,"33":0,"34":0,"35":0,"36":0,"37":0,"38":0,"39":0},"f":{"0":0,"1":0,"2":0,"3":0,"4":0},"b":{"0":[0,0,0],"1":[0,0],"2":[0,0],"3":[0,0],"4":[0,0],"5":[0,0]}}
,"/Users/gayathrikanchinadham/Desktop/UBR Open NMS - Senaooriginal for demo video/services/auth-service/src/routes/mfa.routes.js": {"path":"/Users/gayathrikanchinadham/Desktop/UBR Open NMS - Senaooriginal for demo video/services/auth-service/src/routes/mfa.routes.js","statementMap":{"0":{"start":{"line":3,"column":16},"end":{"line":3,"column":34}},"1":{"start":{"line":4,"column":35},"end":{"line":4,"column":63}},"2":{"start":{"line":5,"column":19},"end":{"line":5,"column":53}},"3":{"start":{"line":6,"column":19},"end":{"line":6,"column":53}},"4":{"start":{"line":7,"column":23},"end":{"line":7,"column":61}},"5":{"start":{"line":8,"column":38},"end":{"line":8,"column":78}},"6":{"start":{"line":9,"column":17},"end":{"line":9,"column":48}},"7":{"start":{"line":10,"column":15},"end":{"line":10,"column":41}},"8":{"start":{"line":11,"column":15},"end":{"line":11,"column":35}},"9":{"start":{"line":13,"column":15},"end":{"line":13,"column":31}},"10":{"start":{"line":17,"column":16},"end":{"line":20,"column":52}},"11":{"start":{"line":23,"column":17},"end":{"line":23,"column":38}},"12":{"start":{"line":24,"column":2},"end":{"line":29,"column":3}},"13":{"start":{"line":25,"column":4},"end":{"line":28,"column":7}},"14":{"start":{"line":30,"column":2},"end":{"line":30,"column":14}},"15":{"start":{"line":37,"column":0},"end":{"line":47,"column":3}},"16":{"start":{"line":38,"column":2},"end":{"line":46,"column":3}},"17":{"start":{"line":39,"column":19},"end":{"line":39,"column":65}},"18":{"start":{"line":40,"column":4},"end":{"line":40,"column":45}},"19":{"start":{"line":42,"column":4},"end":{"line":45,"column":7}},"20":{"start":{"line":55,"column":0},"end":{"line":78,"column":3}},"21":{"start":{"line":56,"column":2},"end":{"line":77,"column":3}},"22":{"start":{"line":57,"column":19},"end":{"line":57,"column":99}},"23":{"start":{"line":58,"column":4},"end":{"line":71,"column":7}},"24":{"start":{"line":73,"column":4},"end":{"line":76,"column":7}},"25":{"start":{"line":85,"column":0},"end":{"line":103,"column":3}},"26":{"start":{"line":86,"column":24},"end":{"line":86,"column":50}},"27":{"start":{"line":87,"column":2},"end":{"line":87,"column":28}},"28":{"start":{"line":87,"column":21},"end":{"line":87,"column":28}},"29":{"start":{"line":89,"column":2},"end":{"line":102,"column":3}},"30":{"start":{"line":90,"column":4},"end":{"line":90,"column":63}},"31":{"start":{"line":91,"column":4},"end":{"line":96,"column":7}},"32":{"start":{"line":98,"column":4},"end":{"line":101,"column":7}},"33":{"start":{"line":111,"column":0},"end":{"line":167,"column":3}},"34":{"start":{"line":115,"column":24},"end":{"line":115,"column":50}},"35":{"start":{"line":116,"column":2},"end":{"line":116,"column":28}},"36":{"start":{"line":116,"column":21},"end":{"line":116,"column":28}},"37":{"start":{"line":118,"column":29},"end":{"line":118,"column":37}},"38":{"start":{"line":121,"column":18},"end":{"line":121,"column":62}},"39":{"start":{"line":122,"column":2},"end":{"line":130,"column":3}},"40":{"start":{"line":123,"column":4},"end":{"line":129,"column":7}},"41":{"start":{"line":132,"column":42},"end":{"line":132,"column":49}},"42":{"start":{"line":134,"column":2},"end":{"line":166,"column":3}},"43":{"start":{"line":136,"column":4},"end":{"line":136,"column":45}},"44":{"start":{"line":139,"column":24},"end":{"line":139,"column":68}},"45":{"start":{"line":140,"column":25},"end":{"line":140,"column":58}},"46":{"start":{"line":142,"column":4},"end":{"line":145,"column":7}},"47":{"start":{"line":147,"column":4},"end":{"line":147,"column":68}},"48":{"start":{"line":149,"column":4},"end":{"line":149,"column":80}},"49":{"start":{"line":151,"column":4},"end":{"line":160,"column":7}},"50":{"start":{"line":162,"column":4},"end":{"line":165,"column":7}},"51":{"start":{"line":174,"column":0},"end":{"line":190,"column":3}},"52":{"start":{"line":175,"column":24},"end":{"line":175,"column":50}},"53":{"start":{"line":176,"column":2},"end":{"line":176,"column":28}},"54":{"start":{"line":176,"column":21},"end":{"line":176,"column":28}},"55":{"start":{"line":178,"column":2},"end":{"line":189,"column":3}},"56":{"start":{"line":179,"column":4},"end":{"line":179,"column":71}},"57":{"start":{"line":180,"column":4},"end":{"line":183,"column":7}},"58":{"start":{"line":185,"column":4},"end":{"line":188,"column":7}},"59":{"start":{"line":197,"column":0},"end":{"line":211,"column":3}},"60":{"start":{"line":198,"column":2},"end":{"line":210,"column":3}},"61":{"start":{"line":199,"column":4},"end":{"line":199,"column":63}},"62":{"start":{"line":200,"column":4},"end":{"line":200,"column":98}},"63":{"start":{"line":201,"column":4},"end":{"line":204,"column":7}},"64":{"start":{"line":206,"column":4},"end":{"line":209,"column":7}},"65":{"start":{"line":213,"column":0},"end":{"line":213,"column":24}}},"fnMap":{"0":{"name":"handleValidation","decl":{"start":{"line":22,"column":9},"end":{"line":22,"column":25}},"loc":{"start":{"line":22,"column":36},"end":{"line":31,"column":1}},"line":22},"1":{"name":"(anonymous_1)","decl":{"start":{"line":37,"column":36},"end":{"line":37,"column":37}},"loc":{"start":{"line":37,"column":56},"end":{"line":47,"column":1}},"line":37},"2":{"name":"(anonymous_2)","decl":{"start":{"line":55,"column":36},"end":{"line":55,"column":37}},"loc":{"start":{"line":55,"column":56},"end":{"line":78,"column":1}},"line":55},"3":{"name":"(anonymous_3)","decl":{"start":{"line":85,"column":52},"end":{"line":85,"column":53}},"loc":{"start":{"line":85,"column":72},"end":{"line":103,"column":1}},"line":85},"4":{"name":"(anonymous_4)","decl":{"start":{"line":114,"column":3},"end":{"line":114,"column":4}},"loc":{"start":{"line":114,"column":23},"end":{"line":167,"column":1}},"line":114},"5":{"name":"(anonymous_5)","decl":{"start":{"line":174,"column":49},"end":{"line":174,"column":50}},"loc":{"start":{"line":174,"column":69},"end":{"line":190,"column":1}},"line":174},"6":{"name":"(anonymous_6)","decl":{"start":{"line":197,"column":74},"end":{"line":197,"column":75}},"loc":{"start":{"line":197,"column":94},"end":{"line":211,"column":1}},"line":197}},"branchMap":{"0":{"loc":{"start":{"line":24,"column":2},"end":{"line":29,"column":3}},"type":"if","locations":[{"start":{"line":24,"column":2},"end":{"line":29,"column":3}},{"start":{},"end":{}}],"line":24},"1":{"loc":{"start":{"line":42,"column":15},"end":{"line":42,"column":32}},"type":"binary-expr","locations":[{"start":{"line":42,"column":15},"end":{"line":42,"column":25}},{"start":{"line":42,"column":29},"end":{"line":42,"column":32}}],"line":42},"2":{"loc":{"start":{"line":44,"column":21},"end":{"line":44,"column":51}},"type":"binary-expr","locations":[{"start":{"line":44,"column":21},"end":{"line":44,"column":29}},{"start":{"line":44,"column":33},"end":{"line":44,"column":51}}],"line":44},"3":{"loc":{"start":{"line":57,"column":62},"end":{"line":57,"column":98}},"type":"binary-expr","locations":[{"start":{"line":57,"column":62},"end":{"line":57,"column":79}},{"start":{"line":57,"column":83},"end":{"line":57,"column":98}}],"line":57},"4":{"loc":{"start":{"line":73,"column":15},"end":{"line":73,"column":32}},"type":"binary-expr","locations":[{"start":{"line":73,"column":15},"end":{"line":73,"column":25}},{"start":{"line":73,"column":29},"end":{"line":73,"column":32}}],"line":73},"5":{"loc":{"start":{"line":75,"column":21},"end":{"line":75,"column":50}},"type":"binary-expr","locations":[{"start":{"line":75,"column":21},"end":{"line":75,"column":29}},{"start":{"line":75,"column":33},"end":{"line":75,"column":50}}],"line":75},"6":{"loc":{"start":{"line":87,"column":2},"end":{"line":87,"column":28}},"type":"if","locations":[{"start":{"line":87,"column":2},"end":{"line":87,"column":28}},{"start":{},"end":{}}],"line":87},"7":{"loc":{"start":{"line":98,"column":15},"end":{"line":98,"column":32}},"type":"binary-expr","locations":[{"start":{"line":98,"column":15},"end":{"line":98,"column":25}},{"start":{"line":98,"column":29},"end":{"line":98,"column":32}}],"line":98},"8":{"loc":{"start":{"line":100,"column":21},"end":{"line":100,"column":51}},"type":"binary-expr","locations":[{"start":{"line":100,"column":21},"end":{"line":100,"column":29}},{"start":{"line":100,"column":33},"end":{"line":100,"column":51}}],"line":100},"9":{"loc":{"start":{"line":116,"column":2},"end":{"line":116,"column":28}},"type":"if","locations":[{"start":{"line":116,"column":2},"end":{"line":116,"column":28}},{"start":{},"end":{}}],"line":116},"10":{"loc":{"start":{"line":122,"column":2},"end":{"line":130,"column":3}},"type":"if","locations":[{"start":{"line":122,"column":2},"end":{"line":130,"column":3}},{"start":{},"end":{}}],"line":122},"11":{"loc":{"start":{"line":143,"column":10},"end":{"line":143,"column":63}},"type":"binary-expr","locations":[{"start":{"line":143,"column":10},"end":{"line":143,"column":16}},{"start":{"line":143,"column":20},"end":{"line":143,"column":50}},{"start":{"line":143,"column":54},"end":{"line":143,"column":63}}],"line":143},"12":{"loc":{"start":{"line":144,"column":17},"end":{"line":144,"column":48}},"type":"binary-expr","locations":[{"start":{"line":144,"column":17},"end":{"line":144,"column":42}},{"start":{"line":144,"column":46},"end":{"line":144,"column":48}}],"line":144},"13":{"loc":{"start":{"line":162,"column":15},"end":{"line":162,"column":32}},"type":"binary-expr","locations":[{"start":{"line":162,"column":15},"end":{"line":162,"column":25}},{"start":{"line":162,"column":29},"end":{"line":162,"column":32}}],"line":162},"14":{"loc":{"start":{"line":164,"column":21},"end":{"line":164,"column":55}},"type":"binary-expr","locations":[{"start":{"line":164,"column":21},"end":{"line":164,"column":29}},{"start":{"line":164,"column":33},"end":{"line":164,"column":55}}],"line":164},"15":{"loc":{"start":{"line":176,"column":2},"end":{"line":176,"column":28}},"type":"if","locations":[{"start":{"line":176,"column":2},"end":{"line":176,"column":28}},{"start":{},"end":{}}],"line":176},"16":{"loc":{"start":{"line":185,"column":15},"end":{"line":185,"column":32}},"type":"binary-expr","locations":[{"start":{"line":185,"column":15},"end":{"line":185,"column":25}},{"start":{"line":185,"column":29},"end":{"line":185,"column":32}}],"line":185},"17":{"loc":{"start":{"line":187,"column":21},"end":{"line":187,"column":52}},"type":"binary-expr","locations":[{"start":{"line":187,"column":21},"end":{"line":187,"column":29}},{"start":{"line":187,"column":33},"end":{"line":187,"column":52}}],"line":187},"18":{"loc":{"start":{"line":206,"column":15},"end":{"line":206,"column":32}},"type":"binary-expr","locations":[{"start":{"line":206,"column":15},"end":{"line":206,"column":25}},{"start":{"line":206,"column":29},"end":{"line":206,"column":32}}],"line":206},"19":{"loc":{"start":{"line":208,"column":21},"end":{"line":208,"column":56}},"type":"binary-expr","locations":[{"start":{"line":208,"column":21},"end":{"line":208,"column":29}},{"start":{"line":208,"column":33},"end":{"line":208,"column":56}}],"line":208}},"s":{"0":0,"1":0,"2":0,"3":0,"4":0,"5":0,"6":0,"7":0,"8":0,"9":0,"10":0,"11":0,"12":0,"13":0,"14":0,"15":0,"16":0,"17":0,"18":0,"19":0,"20":0,"21":0,"22":0,"23":0,"24":0,"25":0,"26":0,"27":0,"28":0,"29":0,"30":0,"31":0,"32":0,"33":0,"34":0,"35":0,"36":0,"37":0,"38":0,"39":0,"40":0,"41":0,"42":0,"43":0,"44":0,"45":0,"46":0,"47":0,"48":0,"49":0,"50":0,"51":0,"52":0,"53":0,"54":0,"55":0,"56":0,"57":0,"58":0,"59":0,"60":0,"61":0,"62":0,"63":0,"64":0,"65":0},"f":{"0":0,"1":0,"2":0,"3":0,"4":0,"5":0,"6":0},"b":{"0":[0,0],"1":[0,0],"2":[0,0],"3":[0,0],"4":[0,0],"5":[0,0],"6":[0,0],"7":[0,0],"8":[0,0],"9":[0,0],"10":[0,0],"11":[0,0,0],"12":[0,0],"13":[0,0],"14":[0,0],"15":[0,0],"16":[0,0],"17":[0,0],"18":[0,0],"19":[0,0]}}
,"/Users/gayathrikanchinadham/Desktop/UBR Open NMS - Senaooriginal for demo video/services/auth-service/src/routes/users.routes.js": {"path":"/Users/gayathrikanchinadham/Desktop/UBR Open NMS - Senaooriginal for demo video/services/auth-service/src/routes/users.routes.js","statementMap":{"0":{"start":{"line":3,"column":16},"end":{"line":3,"column":34}},"1":{"start":{"line":4,"column":20},"end":{"line":4,"column":55}},"2":{"start":{"line":5,"column":38},"end":{"line":5,"column":78}},"3":{"start":{"line":10,"column":4},"end":{"line":10,"column":48}},"4":{"start":{"line":11,"column":39},"end":{"line":11,"column":70}},"5":{"start":{"line":13,"column":15},"end":{"line":13,"column":31}},"6":{"start":{"line":16,"column":0},"end":{"line":16,"column":25}},"7":{"start":{"line":19,"column":0},"end":{"line":19,"column":33}},"8":{"start":{"line":25,"column":0},"end":{"line":34,"column":3}},"9":{"start":{"line":26,"column":2},"end":{"line":33,"column":3}},"10":{"start":{"line":27,"column":17},"end":{"line":27,"column":52}},"11":{"start":{"line":28,"column":18},"end":{"line":28,"column":70}},"12":{"start":{"line":29,"column":19},"end":{"line":29,"column":63}},"13":{"start":{"line":30,"column":4},"end":{"line":30,"column":57}},"14":{"start":{"line":32,"column":4},"end":{"line":32,"column":99}},"15":{"start":{"line":40,"column":0},"end":{"line":66,"column":3}},"16":{"start":{"line":41,"column":2},"end":{"line":65,"column":3}},"17":{"start":{"line":42,"column":61},"end":{"line":42,"column":69}},"18":{"start":{"line":44,"column":26},"end":{"line":44,"column":62}},"19":{"start":{"line":45,"column":4},"end":{"line":50,"column":5}},"20":{"start":{"line":46,"column":6},"end":{"line":49,"column":9}},"21":{"start":{"line":52,"column":17},"end":{"line":52,"column":95}},"22":{"start":{"line":53,"column":4},"end":{"line":53,"column":55}},"23":{"start":{"line":55,"column":4},"end":{"line":60,"column":5}},"24":{"start":{"line":56,"column":6},"end":{"line":59,"column":9}},"25":{"start":{"line":61,"column":4},"end":{"line":64,"column":7}},"26":{"start":{"line":72,"column":0},"end":{"line":82,"column":3}},"27":{"start":{"line":73,"column":2},"end":{"line":81,"column":3}},"28":{"start":{"line":74,"column":17},"end":{"line":74,"column":61}},"29":{"start":{"line":75,"column":4},"end":{"line":75,"column":55}},"30":{"start":{"line":77,"column":4},"end":{"line":80,"column":7}},"31":{"start":{"line":88,"column":0},"end":{"line":98,"column":3}},"32":{"start":{"line":89,"column":2},"end":{"line":97,"column":3}},"33":{"start":{"line":90,"column":17},"end":{"line":90,"column":70}},"34":{"start":{"line":91,"column":4},"end":{"line":91,"column":55}},"35":{"start":{"line":93,"column":4},"end":{"line":96,"column":7}},"36":{"start":{"line":104,"column":0},"end":{"line":114,"column":3}},"37":{"start":{"line":105,"column":2},"end":{"line":113,"column":3}},"38":{"start":{"line":106,"column":4},"end":{"line":106,"column":48}},"39":{"start":{"line":107,"column":4},"end":{"line":107,"column":27}},"40":{"start":{"line":109,"column":4},"end":{"line":112,"column":7}},"41":{"start":{"line":120,"column":0},"end":{"line":131,"column":3}},"42":{"start":{"line":121,"column":2},"end":{"line":130,"column":3}},"43":{"start":{"line":122,"column":45},"end":{"line":122,"column":53}},"44":{"start":{"line":123,"column":4},"end":{"line":123,"column":88}},"45":{"start":{"line":124,"column":4},"end":{"line":124,"column":119}},"46":{"start":{"line":126,"column":4},"end":{"line":129,"column":7}},"47":{"start":{"line":133,"column":0},"end":{"line":133,"column":24}}},"fnMap":{"0":{"name":"(anonymous_0)","decl":{"start":{"line":25,"column":16},"end":{"line":25,"column":17}},"loc":{"start":{"line":25,"column":36},"end":{"line":34,"column":1}},"line":25},"1":{"name":"(anonymous_1)","decl":{"start":{"line":40,"column":58},"end":{"line":40,"column":59}},"loc":{"start":{"line":40,"column":78},"end":{"line":66,"column":1}},"line":40},"2":{"name":"(anonymous_2)","decl":{"start":{"line":72,"column":19},"end":{"line":72,"column":20}},"loc":{"start":{"line":72,"column":39},"end":{"line":82,"column":1}},"line":72},"3":{"name":"(anonymous_3)","decl":{"start":{"line":88,"column":19},"end":{"line":88,"column":20}},"loc":{"start":{"line":88,"column":39},"end":{"line":98,"column":1}},"line":88},"4":{"name":"(anonymous_4)","decl":{"start":{"line":104,"column":22},"end":{"line":104,"column":23}},"loc":{"start":{"line":104,"column":42},"end":{"line":114,"column":1}},"line":104},"5":{"name":"(anonymous_5)","decl":{"start":{"line":120,"column":73},"end":{"line":120,"column":74}},"loc":{"start":{"line":120,"column":93},"end":{"line":131,"column":1}},"line":120}},"branchMap":{"0":{"loc":{"start":{"line":27,"column":26},"end":{"line":27,"column":47}},"type":"binary-expr","locations":[{"start":{"line":27,"column":26},"end":{"line":27,"column":40}},{"start":{"line":27,"column":44},"end":{"line":27,"column":47}}],"line":27},"1":{"loc":{"start":{"line":28,"column":36},"end":{"line":28,"column":59}},"type":"binary-expr","locations":[{"start":{"line":28,"column":36},"end":{"line":28,"column":51}},{"start":{"line":28,"column":55},"end":{"line":28,"column":59}}],"line":28},"2":{"loc":{"start":{"line":45,"column":4},"end":{"line":50,"column":5}},"type":"if","locations":[{"start":{"line":45,"column":4},"end":{"line":50,"column":5}},{"start":{},"end":{}}],"line":45},"3":{"loc":{"start":{"line":55,"column":4},"end":{"line":60,"column":5}},"type":"if","locations":[{"start":{"line":55,"column":4},"end":{"line":60,"column":5}},{"start":{},"end":{}}],"line":55},"4":{"loc":{"start":{"line":61,"column":15},"end":{"line":61,"column":32}},"type":"binary-expr","locations":[{"start":{"line":61,"column":15},"end":{"line":61,"column":25}},{"start":{"line":61,"column":29},"end":{"line":61,"column":32}}],"line":61},"5":{"loc":{"start":{"line":63,"column":21},"end":{"line":63,"column":47}},"type":"binary-expr","locations":[{"start":{"line":63,"column":21},"end":{"line":63,"column":29}},{"start":{"line":63,"column":33},"end":{"line":63,"column":47}}],"line":63},"6":{"loc":{"start":{"line":77,"column":15},"end":{"line":77,"column":32}},"type":"binary-expr","locations":[{"start":{"line":77,"column":15},"end":{"line":77,"column":25}},{"start":{"line":77,"column":29},"end":{"line":77,"column":32}}],"line":77},"7":{"loc":{"start":{"line":79,"column":21},"end":{"line":79,"column":46}},"type":"binary-expr","locations":[{"start":{"line":79,"column":21},"end":{"line":79,"column":29}},{"start":{"line":79,"column":33},"end":{"line":79,"column":46}}],"line":79},"8":{"loc":{"start":{"line":93,"column":15},"end":{"line":93,"column":32}},"type":"binary-expr","locations":[{"start":{"line":93,"column":15},"end":{"line":93,"column":25}},{"start":{"line":93,"column":29},"end":{"line":93,"column":32}}],"line":93},"9":{"loc":{"start":{"line":95,"column":21},"end":{"line":95,"column":47}},"type":"binary-expr","locations":[{"start":{"line":95,"column":21},"end":{"line":95,"column":29}},{"start":{"line":95,"column":33},"end":{"line":95,"column":47}}],"line":95},"10":{"loc":{"start":{"line":109,"column":15},"end":{"line":109,"column":32}},"type":"binary-expr","locations":[{"start":{"line":109,"column":15},"end":{"line":109,"column":25}},{"start":{"line":109,"column":29},"end":{"line":109,"column":32}}],"line":109},"11":{"loc":{"start":{"line":111,"column":21},"end":{"line":111,"column":47}},"type":"binary-expr","locations":[{"start":{"line":111,"column":21},"end":{"line":111,"column":29}},{"start":{"line":111,"column":33},"end":{"line":111,"column":47}}],"line":111},"12":{"loc":{"start":{"line":123,"column":52},"end":{"line":123,"column":73}},"type":"binary-expr","locations":[{"start":{"line":123,"column":52},"end":{"line":123,"column":67}},{"start":{"line":123,"column":71},"end":{"line":123,"column":73}}],"line":123},"13":{"loc":{"start":{"line":126,"column":15},"end":{"line":126,"column":32}},"type":"binary-expr","locations":[{"start":{"line":126,"column":15},"end":{"line":126,"column":25}},{"start":{"line":126,"column":29},"end":{"line":126,"column":32}}],"line":126},"14":{"loc":{"start":{"line":128,"column":21},"end":{"line":128,"column":49}},"type":"binary-expr","locations":[{"start":{"line":128,"column":21},"end":{"line":128,"column":29}},{"start":{"line":128,"column":33},"end":{"line":128,"column":49}}],"line":128}},"s":{"0":0,"1":0,"2":0,"3":0,"4":0,"5":0,"6":0,"7":0,"8":0,"9":0,"10":0,"11":0,"12":0,"13":0,"14":0,"15":0,"16":0,"17":0,"18":0,"19":0,"20":0,"21":0,"22":0,"23":0,"24":0,"25":0,"26":0,"27":0,"28":0,"29":0,"30":0,"31":0,"32":0,"33":0,"34":0,"35":0,"36":0,"37":0,"38":0,"39":0,"40":0,"41":0,"42":0,"43":0,"44":0,"45":0,"46":0,"47":0},"f":{"0":0,"1":0,"2":0,"3":0,"4":0,"5":0},"b":{"0":[0,0],"1":[0,0],"2":[0,0],"3":[0,0],"4":[0,0],"5":[0,0],"6":[0,0],"7":[0,0],"8":[0,0],"9":[0,0],"10":[0,0],"11":[0,0],"12":[0,0],"13":[0,0],"14":[0,0]}}
,"/Users/gayathrikanchinadham/Desktop/UBR Open NMS - Senaooriginal for demo video/services/auth-service/src/services/auth.service.js": {"path":"/Users/gayathrikanchinadham/Desktop/UBR Open NMS - Senaooriginal for demo video/services/auth-service/src/services/auth.service.js","statementMap":{"0":{"start":{"line":3,"column":20},"end":{"line":3,"column":45}},"1":{"start":{"line":4,"column":19},"end":{"line":4,"column":43}},"2":{"start":{"line":5,"column":23},"end":{"line":5,"column":51}},"3":{"start":{"line":6,"column":45},"end":{"line":6,"column":76}},"4":{"start":{"line":7,"column":15},"end":{"line":7,"column":35}},"5":{"start":{"line":8,"column":15},"end":{"line":8,"column":41}},"6":{"start":{"line":11,"column":22},"end":{"line":11,"column":52}},"7":{"start":{"line":11,"column":28},"end":{"line":11,"column":52}},"8":{"start":{"line":20,"column":20},"end":{"line":20,"column":68}},"9":{"start":{"line":21,"column":2},"end":{"line":26,"column":3}},"10":{"start":{"line":22,"column":16},"end":{"line":22,"column":88}},"11":{"start":{"line":23,"column":4},"end":{"line":23,"column":32}},"12":{"start":{"line":24,"column":4},"end":{"line":24,"column":21}},"13":{"start":{"line":25,"column":4},"end":{"line":25,"column":14}},"14":{"start":{"line":30,"column":20},"end":{"line":30,"column":25}},"15":{"start":{"line":32,"column":2},"end":{"line":88,"column":3}},"16":{"start":{"line":34,"column":22},"end":{"line":34,"column":72}},"17":{"start":{"line":35,"column":4},"end":{"line":35,"column":23}},"18":{"start":{"line":38,"column":15},"end":{"line":38,"column":47}},"19":{"start":{"line":39,"column":4},"end":{"line":47,"column":5}},"20":{"start":{"line":40,"column":6},"end":{"line":45,"column":9}},"21":{"start":{"line":46,"column":6},"end":{"line":46,"column":24}},"22":{"start":{"line":49,"column":4},"end":{"line":49,"column":21}},"23":{"start":{"line":50,"column":4},"end":{"line":50,"column":33}},"24":{"start":{"line":53,"column":4},"end":{"line":87,"column":5}},"25":{"start":{"line":57,"column":6},"end":{"line":57,"column":100}},"26":{"start":{"line":58,"column":19},"end":{"line":58,"column":67}},"27":{"start":{"line":60,"column":6},"end":{"line":63,"column":7}},"28":{"start":{"line":61,"column":8},"end":{"line":61,"column":81}},"29":{"start":{"line":62,"column":8},"end":{"line":62,"column":35}},"30":{"start":{"line":65,"column":6},"end":{"line":70,"column":7}},"31":{"start":{"line":66,"column":20},"end":{"line":66,"column":60}},"32":{"start":{"line":67,"column":8},"end":{"line":67,"column":36}},"33":{"start":{"line":68,"column":8},"end":{"line":68,"column":25}},"34":{"start":{"line":69,"column":8},"end":{"line":69,"column":18}},"35":{"start":{"line":72,"column":20},"end":{"line":72,"column":55}},"36":{"start":{"line":73,"column":6},"end":{"line":76,"column":7}},"37":{"start":{"line":74,"column":8},"end":{"line":74,"column":80}},"38":{"start":{"line":75,"column":8},"end":{"line":75,"column":35}},"39":{"start":{"line":78,"column":6},"end":{"line":78,"column":23}},"40":{"start":{"line":79,"column":6},"end":{"line":79,"column":35}},"41":{"start":{"line":80,"column":11},"end":{"line":87,"column":5}},"42":{"start":{"line":81,"column":6},"end":{"line":81,"column":66}},"43":{"start":{"line":82,"column":6},"end":{"line":82,"column":33}},"44":{"start":{"line":84,"column":6},"end":{"line":84,"column":82}},"45":{"start":{"line":85,"column":6},"end":{"line":85,"column":66}},"46":{"start":{"line":86,"column":6},"end":{"line":86,"column":33}},"47":{"start":{"line":91,"column":2},"end":{"line":91,"column":53}},"48":{"start":{"line":95,"column":21},"end":{"line":95,"column":78}},"49":{"start":{"line":96,"column":2},"end":{"line":106,"column":3}},"50":{"start":{"line":99,"column":21},"end":{"line":99,"column":81}},"51":{"start":{"line":100,"column":4},"end":{"line":100,"column":74}},"52":{"start":{"line":101,"column":4},"end":{"line":105,"column":6}},"53":{"start":{"line":109,"column":22},"end":{"line":109,"column":66}},"54":{"start":{"line":110,"column":23},"end":{"line":110,"column":56}},"55":{"start":{"line":112,"column":2},"end":{"line":112,"column":84}},"56":{"start":{"line":115,"column":2},"end":{"line":115,"column":66}},"57":{"start":{"line":117,"column":2},"end":{"line":117,"column":74}},"58":{"start":{"line":119,"column":2},"end":{"line":125,"column":4}},"59":{"start":{"line":132,"column":26},"end":{"line":132,"column":59}},"60":{"start":{"line":133,"column":18},"end":{"line":133,"column":102}},"61":{"start":{"line":135,"column":2},"end":{"line":140,"column":3}},"62":{"start":{"line":136,"column":16},"end":{"line":136,"column":62}},"63":{"start":{"line":137,"column":4},"end":{"line":137,"column":39}},"64":{"start":{"line":138,"column":4},"end":{"line":138,"column":21}},"65":{"start":{"line":139,"column":4},"end":{"line":139,"column":14}},"66":{"start":{"line":142,"column":22},"end":{"line":142,"column":82}},"67":{"start":{"line":143,"column":2},"end":{"line":148,"column":4}},"68":{"start":{"line":155,"column":2},"end":{"line":155,"column":52}},"69":{"start":{"line":156,"column":2},"end":{"line":156,"column":46}},"70":{"start":{"line":162,"column":17},"end":{"line":162,"column":67}},"71":{"start":{"line":163,"column":2},"end":{"line":163,"column":110}},"72":{"start":{"line":165,"column":2},"end":{"line":172,"column":3}},"73":{"start":{"line":167,"column":4},"end":{"line":171,"column":7}},"74":{"start":{"line":176,"column":14},"end":{"line":176,"column":56}},"75":{"start":{"line":177,"column":2},"end":{"line":177,"column":35}},"76":{"start":{"line":178,"column":2},"end":{"line":178,"column":19}},"77":{"start":{"line":179,"column":2},"end":{"line":179,"column":12}},"78":{"start":{"line":182,"column":0},"end":{"line":182,"column":44}}},"fnMap":{"0":{"name":"(anonymous_0)","decl":{"start":{"line":11,"column":22},"end":{"line":11,"column":23}},"loc":{"start":{"line":11,"column":28},"end":{"line":11,"column":52}},"line":11},"1":{"name":"login","decl":{"start":{"line":18,"column":15},"end":{"line":18,"column":20}},"loc":{"start":{"line":18,"column":56},"end":{"line":126,"column":1}},"line":18},"2":{"name":"refresh","decl":{"start":{"line":131,"column":15},"end":{"line":131,"column":22}},"loc":{"start":{"line":131,"column":40},"end":{"line":149,"column":1}},"line":131},"3":{"name":"logout","decl":{"start":{"line":154,"column":15},"end":{"line":154,"column":21}},"loc":{"start":{"line":154,"column":54},"end":{"line":157,"column":1}},"line":154},"4":{"name":"_recordFailure","decl":{"start":{"line":161,"column":15},"end":{"line":161,"column":29}},"loc":{"start":{"line":161,"column":63},"end":{"line":173,"column":1}},"line":161},"5":{"name":"_throwInvalidCredentials","decl":{"start":{"line":175,"column":9},"end":{"line":175,"column":33}},"loc":{"start":{"line":175,"column":36},"end":{"line":180,"column":1}},"line":175}},"branchMap":{"0":{"loc":{"start":{"line":21,"column":2},"end":{"line":26,"column":3}},"type":"if","locations":[{"start":{"line":21,"column":2},"end":{"line":26,"column":3}},{"start":{},"end":{}}],"line":21},"1":{"loc":{"start":{"line":39,"column":4},"end":{"line":47,"column":5}},"type":"if","locations":[{"start":{"line":39,"column":4},"end":{"line":47,"column":5}},{"start":{},"end":{}}],"line":39},"2":{"loc":{"start":{"line":42,"column":15},"end":{"line":42,"column":56}},"type":"binary-expr","locations":[{"start":{"line":42,"column":15},"end":{"line":42,"column":29}},{"start":{"line":42,"column":33},"end":{"line":42,"column":56}}],"line":42},"3":{"loc":{"start":{"line":53,"column":4},"end":{"line":87,"column":5}},"type":"if","locations":[{"start":{"line":53,"column":4},"end":{"line":87,"column":5}},{"start":{"line":80,"column":11},"end":{"line":87,"column":5}}],"line":53},"4":{"loc":{"start":{"line":53,"column":8},"end":{"line":56,"column":88}},"type":"binary-expr","locations":[{"start":{"line":53,"column":8},"end":{"line":53,"column":28}},{"start":{"line":53,"column":32},"end":{"line":53,"column":67}},{"start":{"line":54,"column":8},"end":{"line":54,"column":39}},{"start":{"line":54,"column":43},"end":{"line":54,"column":71}},{"start":{"line":55,"column":8},"end":{"line":55,"column":37}},{"start":{"line":55,"column":41},"end":{"line":55,"column":69}},{"start":{"line":56,"column":8},"end":{"line":56,"column":44}},{"start":{"line":56,"column":48},"end":{"line":56,"column":88}}],"line":53},"5":{"loc":{"start":{"line":60,"column":6},"end":{"line":63,"column":7}},"type":"if","locations":[{"start":{"line":60,"column":6},"end":{"line":63,"column":7}},{"start":{},"end":{}}],"line":60},"6":{"loc":{"start":{"line":60,"column":10},"end":{"line":60,"column":37}},"type":"binary-expr","locations":[{"start":{"line":60,"column":10},"end":{"line":60,"column":15}},{"start":{"line":60,"column":19},"end":{"line":60,"column":37}}],"line":60},"7":{"loc":{"start":{"line":65,"column":6},"end":{"line":70,"column":7}},"type":"if","locations":[{"start":{"line":65,"column":6},"end":{"line":70,"column":7}},{"start":{},"end":{}}],"line":65},"8":{"loc":{"start":{"line":73,"column":6},"end":{"line":76,"column":7}},"type":"if","locations":[{"start":{"line":73,"column":6},"end":{"line":76,"column":7}},{"start":{},"end":{}}],"line":73},"9":{"loc":{"start":{"line":80,"column":11},"end":{"line":87,"column":5}},"type":"if","locations":[{"start":{"line":80,"column":11},"end":{"line":87,"column":5}},{"start":{"line":83,"column":11},"end":{"line":87,"column":5}}],"line":80},"10":{"loc":{"start":{"line":80,"column":15},"end":{"line":80,"column":90}},"type":"binary-expr","locations":[{"start":{"line":80,"column":15},"end":{"line":80,"column":53}},{"start":{"line":80,"column":57},"end":{"line":80,"column":90}}],"line":80},"11":{"loc":{"start":{"line":96,"column":2},"end":{"line":106,"column":3}},"type":"if","locations":[{"start":{"line":96,"column":2},"end":{"line":106,"column":3}},{"start":{},"end":{}}],"line":96},"12":{"loc":{"start":{"line":96,"column":6},"end":{"line":96,"column":41}},"type":"binary-expr","locations":[{"start":{"line":96,"column":6},"end":{"line":96,"column":16}},{"start":{"line":96,"column":20},"end":{"line":96,"column":41}}],"line":96},"13":{"loc":{"start":{"line":135,"column":2},"end":{"line":140,"column":3}},"type":"if","locations":[{"start":{"line":135,"column":2},"end":{"line":140,"column":3}},{"start":{},"end":{}}],"line":135},"14":{"loc":{"start":{"line":165,"column":2},"end":{"line":172,"column":3}},"type":"if","locations":[{"start":{"line":165,"column":2},"end":{"line":172,"column":3}},{"start":{},"end":{}}],"line":165},"15":{"loc":{"start":{"line":169,"column":10},"end":{"line":169,"column":71}},"type":"cond-expr","locations":[{"start":{"line":169,"column":15},"end":{"line":169,"column":59}},{"start":{"line":169,"column":62},"end":{"line":169,"column":71}}],"line":169}},"s":{"0":1,"1":1,"2":1,"3":1,"4":1,"5":1,"6":1,"7":0,"8":7,"9":7,"10":0,"11":0,"12":0,"13":0,"14":7,"15":7,"16":7,"17":4,"18":4,"19":4,"20":0,"21":0,"22":4,"23":4,"24":3,"25":1,"26":1,"27":1,"28":0,"29":0,"30":1,"31":0,"32":0,"33":0,"34":0,"35":1,"36":1,"37":0,"38":0,"39":1,"40":1,"41":2,"42":2,"43":2,"44":0,"45":0,"46":0,"47":5,"48":5,"49":5,"50":1,"51":1,"52":1,"53":4,"54":4,"55":4,"56":3,"57":3,"58":3,"59":2,"60":2,"61":2,"62":1,"63":1,"64":1,"65":1,"66":1,"67":1,"68":1,"69":1,"70":2,"71":2,"72":2,"73":0,"74":2,"75":2,"76":2,"77":2,"78":1},"f":{"0":0,"1":7,"2":2,"3":1,"4":2,"5":2},"b":{"0":[0,7],"1":[0,4],"2":[0,0],"3":[1,2],"4":[3,2,2,2,2,2,2,2],"5":[0,1],"6":[1,1],"7":[0,1],"8":[0,1],"9":[2,0],"10":[2,0],"11":[1,4],"12":[5,5],"13":[1,1],"14":[0,2],"15":[0,0]},"_coverageSchema":"1a1c01bbd47fc00a2c39e90264f33305004495a9","hash":"de42387df20a53dfc30e08cd2a641b812ea5d95c"}
,"/Users/gayathrikanchinadham/Desktop/UBR Open NMS - Senaooriginal for demo video/services/auth-service/src/services/jwt.service.js": {"path":"/Users/gayathrikanchinadham/Desktop/UBR Open NMS - Senaooriginal for demo video/services/auth-service/src/services/jwt.service.js","statementMap":{"0":{"start":{"line":3,"column":12},"end":{"line":3,"column":35}},"1":{"start":{"line":4,"column":23},"end":{"line":4,"column":38}},"2":{"start":{"line":5,"column":15},"end":{"line":5,"column":35}},"3":{"start":{"line":6,"column":15},"end":{"line":6,"column":41}},"4":{"start":{"line":8,"column":29},"end":{"line":8,"column":106}},"5":{"start":{"line":9,"column":34},"end":{"line":9,"column":40}},"6":{"start":{"line":16,"column":2},"end":{"line":18,"column":3}},"7":{"start":{"line":17,"column":4},"end":{"line":17,"column":54}},"8":{"start":{"line":19,"column":2},"end":{"line":28,"column":4}},"9":{"start":{"line":36,"column":2},"end":{"line":38,"column":3}},"10":{"start":{"line":37,"column":4},"end":{"line":37,"column":53}},"11":{"start":{"line":39,"column":2},"end":{"line":43,"column":5}},"12":{"start":{"line":50,"column":2},"end":{"line":50,"column":65}},"13":{"start":{"line":60,"column":2},"end":{"line":64,"column":4}},"14":{"start":{"line":72,"column":2},"end":{"line":79,"column":3}},"15":{"start":{"line":73,"column":20},"end":{"line":73,"column":86}},"16":{"start":{"line":74,"column":4},"end":{"line":74,"column":34}},"17":{"start":{"line":74,"column":22},"end":{"line":74,"column":34}},"18":{"start":{"line":75,"column":4},"end":{"line":75,"column":19}},"19":{"start":{"line":77,"column":4},"end":{"line":77,"column":84}},"20":{"start":{"line":78,"column":4},"end":{"line":78,"column":16}},"21":{"start":{"line":82,"column":0},"end":{"line":88,"column":2}}},"fnMap":{"0":{"name":"generateAccessToken","decl":{"start":{"line":15,"column":9},"end":{"line":15,"column":28}},"loc":{"start":{"line":15,"column":43},"end":{"line":29,"column":1}},"line":15},"1":{"name":"verifyAccessToken","decl":{"start":{"line":35,"column":9},"end":{"line":35,"column":26}},"loc":{"start":{"line":35,"column":34},"end":{"line":44,"column":1}},"line":35},"2":{"name":"generateRefreshToken","decl":{"start":{"line":49,"column":9},"end":{"line":49,"column":29}},"loc":{"start":{"line":49,"column":32},"end":{"line":51,"column":1}},"line":49},"3":{"name":"generateMfaChallengeToken","decl":{"start":{"line":59,"column":9},"end":{"line":59,"column":34}},"loc":{"start":{"line":59,"column":59},"end":{"line":65,"column":1}},"line":59},"4":{"name":"verifyMfaChallengeToken","decl":{"start":{"line":71,"column":9},"end":{"line":71,"column":32}},"loc":{"start":{"line":71,"column":40},"end":{"line":80,"column":1}},"line":71}},"branchMap":{"0":{"loc":{"start":{"line":8,"column":29},"end":{"line":8,"column":106}},"type":"binary-expr","locations":[{"start":{"line":8,"column":29},"end":{"line":8,"column":61}},{"start":{"line":8,"column":65},"end":{"line":8,"column":106}}],"line":8},"1":{"loc":{"start":{"line":16,"column":2},"end":{"line":18,"column":3}},"type":"if","locations":[{"start":{"line":16,"column":2},"end":{"line":18,"column":3}},{"start":{},"end":{}}],"line":16},"2":{"loc":{"start":{"line":36,"column":2},"end":{"line":38,"column":3}},"type":"if","locations":[{"start":{"line":36,"column":2},"end":{"line":38,"column":3}},{"start":{},"end":{}}],"line":36},"3":{"loc":{"start":{"line":74,"column":4},"end":{"line":74,"column":34}},"type":"if","locations":[{"start":{"line":74,"column":4},"end":{"line":74,"column":34}},{"start":{},"end":{}}],"line":74}},"s":{"0":4,"1":4,"2":4,"3":4,"4":4,"5":4,"6":3,"7":1,"8":2,"9":2,"10":0,"11":2,"12":101,"13":3,"14":5,"15":5,"16":2,"17":1,"18":1,"19":3,"20":3,"21":4},"f":{"0":3,"1":2,"2":101,"3":3,"4":5},"b":{"0":[4,4],"1":[1,2],"2":[0,2],"3":[1,1]},"_coverageSchema":"1a1c01bbd47fc00a2c39e90264f33305004495a9","hash":"74dd471f9ffce195d6cd8ed1733d16ef32baa3ce"}
,"/Users/gayathrikanchinadham/Desktop/UBR Open NMS - Senaooriginal for demo video/services/auth-service/src/services/ldap.service.js": {"path":"/Users/gayathrikanchinadham/Desktop/UBR Open NMS - Senaooriginal for demo video/services/auth-service/src/services/ldap.service.js","statementMap":{"0":{"start":{"line":3,"column":13},"end":{"line":3,"column":30}},"1":{"start":{"line":4,"column":23},"end":{"line":4,"column":41}},"2":{"start":{"line":5,"column":15},"end":{"line":5,"column":35}},"3":{"start":{"line":6,"column":15},"end":{"line":6,"column":41}},"4":{"start":{"line":8,"column":13},"end":{"line":8,"column":17}},"5":{"start":{"line":11,"column":2},"end":{"line":17,"column":5}},"6":{"start":{"line":25,"column":2},"end":{"line":77,"column":5}},"7":{"start":{"line":26,"column":14},"end":{"line":26,"column":28}},"8":{"start":{"line":28,"column":4},"end":{"line":30,"column":7}},"9":{"start":{"line":29,"column":6},"end":{"line":29,"column":18}},"10":{"start":{"line":32,"column":4},"end":{"line":76,"column":7}},"11":{"start":{"line":33,"column":6},"end":{"line":36,"column":7}},"12":{"start":{"line":34,"column":8},"end":{"line":34,"column":20}},"13":{"start":{"line":35,"column":8},"end":{"line":35,"column":81}},"14":{"start":{"line":38,"column":21},"end":{"line":38,"column":92}},"15":{"start":{"line":39,"column":19},"end":{"line":39,"column":90}},"16":{"start":{"line":41,"column":6},"end":{"line":75,"column":9}},"17":{"start":{"line":42,"column":8},"end":{"line":45,"column":9}},"18":{"start":{"line":43,"column":10},"end":{"line":43,"column":22}},"19":{"start":{"line":44,"column":10},"end":{"line":44,"column":35}},"20":{"start":{"line":47,"column":24},"end":{"line":47,"column":26}},"21":{"start":{"line":49,"column":8},"end":{"line":51,"column":11}},"22":{"start":{"line":50,"column":10},"end":{"line":50,"column":37}},"23":{"start":{"line":53,"column":8},"end":{"line":56,"column":11}},"24":{"start":{"line":54,"column":10},"end":{"line":54,"column":22}},"25":{"start":{"line":55,"column":10},"end":{"line":55,"column":22}},"26":{"start":{"line":58,"column":8},"end":{"line":74,"column":11}},"27":{"start":{"line":59,"column":10},"end":{"line":62,"column":11}},"28":{"start":{"line":60,"column":12},"end":{"line":60,"column":24}},"29":{"start":{"line":61,"column":12},"end":{"line":61,"column":111}},"30":{"start":{"line":64,"column":25},"end":{"line":64,"column":38}},"31":{"start":{"line":67,"column":10},"end":{"line":73,"column":13}},"32":{"start":{"line":68,"column":12},"end":{"line":68,"column":24}},"33":{"start":{"line":69,"column":12},"end":{"line":71,"column":13}},"34":{"start":{"line":70,"column":14},"end":{"line":70,"column":110}},"35":{"start":{"line":72,"column":12},"end":{"line":72,"column":32}},"36":{"start":{"line":80,"column":16},"end":{"line":85,"column":2}},"37":{"start":{"line":87,"column":0},"end":{"line":87,"column":94}},"38":{"start":{"line":87,"column":25},"end":{"line":87,"column":92}},"39":{"start":{"line":88,"column":0},"end":{"line":88,"column":97}},"40":{"start":{"line":88,"column":29},"end":{"line":88,"column":95}},"41":{"start":{"line":89,"column":0},"end":{"line":89,"column":87}},"42":{"start":{"line":89,"column":26},"end":{"line":89,"column":85}},"43":{"start":{"line":90,"column":0},"end":{"line":90,"column":85}},"44":{"start":{"line":90,"column":29},"end":{"line":90,"column":83}},"45":{"start":{"line":97,"column":2},"end":{"line":97,"column":42}},"46":{"start":{"line":101,"column":2},"end":{"line":101,"column":24}},"47":{"start":{"line":104,"column":0},"end":{"line":104,"column":42}}},"fnMap":{"0":{"name":"createClient","decl":{"start":{"line":10,"column":9},"end":{"line":10,"column":21}},"loc":{"start":{"line":10,"column":24},"end":{"line":18,"column":1}},"line":10},"1":{"name":"ldapAuthenticate","decl":{"start":{"line":24,"column":15},"end":{"line":24,"column":31}},"loc":{"start":{"line":24,"column":52},"end":{"line":78,"column":1}},"line":24},"2":{"name":"(anonymous_2)","decl":{"start":{"line":25,"column":21},"end":{"line":25,"column":22}},"loc":{"start":{"line":25,"column":42},"end":{"line":77,"column":3}},"line":25},"3":{"name":"(anonymous_3)","decl":{"start":{"line":28,"column":18},"end":{"line":28,"column":19}},"loc":{"start":{"line":28,"column":27},"end":{"line":30,"column":5}},"line":28},"4":{"name":"(anonymous_4)","decl":{"start":{"line":32,"column":57},"end":{"line":32,"column":58}},"loc":{"start":{"line":32,"column":70},"end":{"line":76,"column":5}},"line":32},"5":{"name":"(anonymous_5)","decl":{"start":{"line":41,"column":41},"end":{"line":41,"column":42}},"loc":{"start":{"line":41,"column":61},"end":{"line":75,"column":7}},"line":41},"6":{"name":"(anonymous_6)","decl":{"start":{"line":49,"column":30},"end":{"line":49,"column":31}},"loc":{"start":{"line":49,"column":41},"end":{"line":51,"column":9}},"line":49},"7":{"name":"(anonymous_7)","decl":{"start":{"line":53,"column":24},"end":{"line":53,"column":25}},"loc":{"start":{"line":53,"column":33},"end":{"line":56,"column":9}},"line":53},"8":{"name":"(anonymous_8)","decl":{"start":{"line":58,"column":22},"end":{"line":58,"column":23}},"loc":{"start":{"line":58,"column":28},"end":{"line":74,"column":9}},"line":58},"9":{"name":"(anonymous_9)","decl":{"start":{"line":67,"column":35},"end":{"line":67,"column":36}},"loc":{"start":{"line":67,"column":52},"end":{"line":73,"column":11}},"line":67},"10":{"name":"(anonymous_10)","decl":{"start":{"line":87,"column":19},"end":{"line":87,"column":20}},"loc":{"start":{"line":87,"column":25},"end":{"line":87,"column":92}},"line":87},"11":{"name":"(anonymous_11)","decl":{"start":{"line":88,"column":23},"end":{"line":88,"column":24}},"loc":{"start":{"line":88,"column":29},"end":{"line":88,"column":95}},"line":88},"12":{"name":"(anonymous_12)","decl":{"start":{"line":89,"column":20},"end":{"line":89,"column":21}},"loc":{"start":{"line":89,"column":26},"end":{"line":89,"column":85}},"line":89},"13":{"name":"(anonymous_13)","decl":{"start":{"line":90,"column":23},"end":{"line":90,"column":24}},"loc":{"start":{"line":90,"column":29},"end":{"line":90,"column":83}},"line":90},"14":{"name":"authenticate","decl":{"start":{"line":96,"column":15},"end":{"line":96,"column":27}},"loc":{"start":{"line":96,"column":48},"end":{"line":98,"column":1}},"line":96},"15":{"name":"isOpen","decl":{"start":{"line":100,"column":9},"end":{"line":100,"column":15}},"loc":{"start":{"line":100,"column":18},"end":{"line":102,"column":1}},"line":100}},"branchMap":{"0":{"loc":{"start":{"line":33,"column":6},"end":{"line":36,"column":7}},"type":"if","locations":[{"start":{"line":33,"column":6},"end":{"line":36,"column":7}},{"start":{},"end":{}}],"line":33},"1":{"loc":{"start":{"line":42,"column":8},"end":{"line":45,"column":9}},"type":"if","locations":[{"start":{"line":42,"column":8},"end":{"line":45,"column":9}},{"start":{},"end":{}}],"line":42},"2":{"loc":{"start":{"line":59,"column":10},"end":{"line":62,"column":11}},"type":"if","locations":[{"start":{"line":59,"column":10},"end":{"line":62,"column":11}},{"start":{},"end":{}}],"line":59},"3":{"loc":{"start":{"line":69,"column":12},"end":{"line":71,"column":13}},"type":"if","locations":[{"start":{"line":69,"column":12},"end":{"line":71,"column":13}},{"start":{},"end":{}}],"line":69}},"s":{"0":1,"1":1,"2":1,"3":1,"4":1,"5":0,"6":0,"7":0,"8":0,"9":0,"10":0,"11":0,"12":0,"13":0,"14":0,"15":0,"16":0,"17":0,"18":0,"19":0,"20":0,"21":0,"22":0,"23":0,"24":0,"25":0,"26":0,"27":0,"28":0,"29":0,"30":0,"31":0,"32":0,"33":0,"34":0,"35":0,"36":1,"37":1,"38":0,"39":1,"40":0,"41":1,"42":0,"43":1,"44":0,"45":0,"46":0,"47":1},"f":{"0":0,"1":0,"2":0,"3":0,"4":0,"5":0,"6":0,"7":0,"8":0,"9":0,"10":0,"11":0,"12":0,"13":0,"14":0,"15":0},"b":{"0":[0,0],"1":[0,0],"2":[0,0],"3":[0,0]},"_coverageSchema":"1a1c01bbd47fc00a2c39e90264f33305004495a9","hash":"a7e2f096daf2ea042176a2edf9244e9b3cb42178"}
,"/Users/gayathrikanchinadham/Desktop/UBR Open NMS - Senaooriginal for demo video/services/auth-service/src/services/mfa.service.js": {"path":"/Users/gayathrikanchinadham/Desktop/UBR Open NMS - Senaooriginal for demo video/services/auth-service/src/services/mfa.service.js","statementMap":{"0":{"start":{"line":3,"column":26},"end":{"line":3,"column":43}},"1":{"start":{"line":4,"column":15},"end":{"line":4,"column":32}},"2":{"start":{"line":5,"column":17},"end":{"line":5,"column":48}},"3":{"start":{"line":6,"column":15},"end":{"line":6,"column":41}},"4":{"start":{"line":9,"column":0},"end":{"line":9,"column":38}},"5":{"start":{"line":11,"column":17},"end":{"line":11,"column":26}},"6":{"start":{"line":19,"column":17},"end":{"line":19,"column":49}},"7":{"start":{"line":20,"column":21},"end":{"line":20,"column":69}},"8":{"start":{"line":21,"column":24},"end":{"line":21,"column":58}},"9":{"start":{"line":23,"column":2},"end":{"line":26,"column":5}},"10":{"start":{"line":28,"column":2},"end":{"line":28,"column":49}},"11":{"start":{"line":29,"column":2},"end":{"line":29,"column":47}},"12":{"start":{"line":38,"column":15},"end":{"line":38,"column":81}},"13":{"start":{"line":39,"column":2},"end":{"line":44,"column":3}},"14":{"start":{"line":40,"column":16},"end":{"line":40,"column":44}},"15":{"start":{"line":41,"column":4},"end":{"line":41,"column":32}},"16":{"start":{"line":42,"column":4},"end":{"line":42,"column":21}},"17":{"start":{"line":43,"column":4},"end":{"line":43,"column":14}},"18":{"start":{"line":45,"column":2},"end":{"line":50,"column":3}},"19":{"start":{"line":46,"column":16},"end":{"line":46,"column":77}},"20":{"start":{"line":47,"column":4},"end":{"line":47,"column":35}},"21":{"start":{"line":48,"column":4},"end":{"line":48,"column":21}},"22":{"start":{"line":49,"column":4},"end":{"line":49,"column":14}},"23":{"start":{"line":51,"column":2},"end":{"line":56,"column":3}},"24":{"start":{"line":52,"column":16},"end":{"line":52,"column":83}},"25":{"start":{"line":53,"column":4},"end":{"line":53,"column":37}},"26":{"start":{"line":54,"column":4},"end":{"line":54,"column":21}},"27":{"start":{"line":55,"column":4},"end":{"line":55,"column":14}},"28":{"start":{"line":58,"column":18},"end":{"line":58,"column":86}},"29":{"start":{"line":59,"column":2},"end":{"line":64,"column":3}},"30":{"start":{"line":60,"column":16},"end":{"line":60,"column":97}},"31":{"start":{"line":61,"column":4},"end":{"line":61,"column":29}},"32":{"start":{"line":62,"column":4},"end":{"line":62,"column":21}},"33":{"start":{"line":63,"column":4},"end":{"line":63,"column":14}},"34":{"start":{"line":66,"column":2},"end":{"line":71,"column":5}},"35":{"start":{"line":73,"column":2},"end":{"line":73,"column":54}},"36":{"start":{"line":74,"column":2},"end":{"line":74,"column":14}},"37":{"start":{"line":83,"column":15},"end":{"line":83,"column":63}},"38":{"start":{"line":84,"column":2},"end":{"line":89,"column":3}},"39":{"start":{"line":85,"column":16},"end":{"line":85,"column":44}},"40":{"start":{"line":86,"column":4},"end":{"line":86,"column":32}},"41":{"start":{"line":87,"column":4},"end":{"line":87,"column":21}},"42":{"start":{"line":88,"column":4},"end":{"line":88,"column":14}},"43":{"start":{"line":90,"column":2},"end":{"line":95,"column":3}},"44":{"start":{"line":91,"column":16},"end":{"line":91,"column":65}},"45":{"start":{"line":92,"column":4},"end":{"line":92,"column":33}},"46":{"start":{"line":93,"column":4},"end":{"line":93,"column":21}},"47":{"start":{"line":94,"column":4},"end":{"line":94,"column":14}},"48":{"start":{"line":97,"column":18},"end":{"line":97,"column":79}},"49":{"start":{"line":98,"column":2},"end":{"line":104,"column":3}},"50":{"start":{"line":99,"column":4},"end":{"line":99,"column":59}},"51":{"start":{"line":100,"column":16},"end":{"line":100,"column":57}},"52":{"start":{"line":101,"column":4},"end":{"line":101,"column":29}},"53":{"start":{"line":102,"column":4},"end":{"line":102,"column":21}},"54":{"start":{"line":103,"column":4},"end":{"line":103,"column":14}},"55":{"start":{"line":106,"column":2},"end":{"line":106,"column":46}},"56":{"start":{"line":107,"column":2},"end":{"line":107,"column":14}},"57":{"start":{"line":115,"column":15},"end":{"line":115,"column":63}},"58":{"start":{"line":116,"column":2},"end":{"line":121,"column":3}},"59":{"start":{"line":117,"column":16},"end":{"line":117,"column":44}},"60":{"start":{"line":118,"column":4},"end":{"line":118,"column":32}},"61":{"start":{"line":119,"column":4},"end":{"line":119,"column":21}},"62":{"start":{"line":120,"column":4},"end":{"line":120,"column":14}},"63":{"start":{"line":122,"column":2},"end":{"line":127,"column":3}},"64":{"start":{"line":123,"column":16},"end":{"line":123,"column":58}},"65":{"start":{"line":124,"column":4},"end":{"line":124,"column":33}},"66":{"start":{"line":125,"column":4},"end":{"line":125,"column":21}},"67":{"start":{"line":126,"column":4},"end":{"line":126,"column":14}},"68":{"start":{"line":130,"column":2},"end":{"line":138,"column":3}},"69":{"start":{"line":131,"column":20},"end":{"line":131,"column":81}},"70":{"start":{"line":132,"column":4},"end":{"line":137,"column":5}},"71":{"start":{"line":133,"column":18},"end":{"line":133,"column":85}},"72":{"start":{"line":134,"column":6},"end":{"line":134,"column":31}},"73":{"start":{"line":135,"column":6},"end":{"line":135,"column":23}},"74":{"start":{"line":136,"column":6},"end":{"line":136,"column":16}},"75":{"start":{"line":140,"column":2},"end":{"line":145,"column":5}},"76":{"start":{"line":147,"column":2},"end":{"line":147,"column":57}},"77":{"start":{"line":148,"column":2},"end":{"line":148,"column":14}},"78":{"start":{"line":155,"column":15},"end":{"line":155,"column":76}},"79":{"start":{"line":156,"column":2},"end":{"line":161,"column":3}},"80":{"start":{"line":157,"column":16},"end":{"line":157,"column":44}},"81":{"start":{"line":158,"column":4},"end":{"line":158,"column":32}},"82":{"start":{"line":159,"column":4},"end":{"line":159,"column":21}},"83":{"start":{"line":160,"column":4},"end":{"line":160,"column":14}},"84":{"start":{"line":162,"column":2},"end":{"line":165,"column":4}},"85":{"start":{"line":168,"column":0},"end":{"line":168,"column":78}}},"fnMap":{"0":{"name":"setupMfa","decl":{"start":{"line":18,"column":15},"end":{"line":18,"column":23}},"loc":{"start":{"line":18,"column":42},"end":{"line":30,"column":1}},"line":18},"1":{"name":"enableMfa","decl":{"start":{"line":37,"column":15},"end":{"line":37,"column":24}},"loc":{"start":{"line":37,"column":39},"end":{"line":75,"column":1}},"line":37},"2":{"name":"verifyOtp","decl":{"start":{"line":82,"c
[...]
}},"loc":{"start":{"line":137,"column":42},"end":{"line":148,"column":1}},"line":137},"11":{"name":"touchSession","decl":{"start":{"line":153,"column":15},"end":{"line":153,"column":27}},"loc":{"start":{"line":153,"column":39},"end":{"line":161,"column":1}},"line":153},"12":{"name":"cleanStaleSessions","decl":{"start":{"line":167,"column":15},"end":{"line":167,"column":33}},"loc":{"start":{"line":167,"column":36},"end":{"line":187,"column":1}},"line":167},"13":{"name":"listAllSessions","decl":{"start":{"line":193,"column":15},"end":{"line":193,"column":30}},"loc":{"start":{"line":193,"column":33},"end":{"line":227,"column":1}},"line":193},"14":{"name":"terminateSessionById","decl":{"start":{"line":233,"column":15},"end":{"line":233,"column":35}},"loc":{"start":{"line":233,"column":47},"end":{"line":238,"column":1}},"line":233},"15":{"name":"recordFailedAttempt","decl":{"start":{"line":244,"column":15},"end":{"line":244,"column":34}},"loc":{"start":{"line":244,"column":45},"end":{"line":257,"column":1}},"line":244},"16":{"name":"clearFailedAttempts","decl":{"start":{"line":259,"column":15},"end":{"line":259,"column":34}},"loc":{"start":{"line":259,"column":45},"end":{"line":262,"column":1}},"line":259},"17":{"name":"getFailedAttempts","decl":{"start":{"line":264,"column":15},"end":{"line":264,"column":32}},"loc":{"start":{"line":264,"column":43},"end":{"line":268,"column":1}},"line":264}},"branchMap":{"0":{"loc":{"start":{"line":14,"column":2},"end":{"line":14,"column":68}},"type":"if","locations":[{"start":{"line":14,"column":2},"end":{"line":14,"column":68}},{"start":{},"end":{}}],"line":14},"1":{"loc":{"start":{"line":32,"column":57},"end":{"line":32,"column":66}},"type":"default-arg","locations":[{"start":{"line":32,"column":64},"end":{"line":32,"column":66}}],"line":32},"2":{"loc":{"start":{"line":44,"column":4},"end":{"line":44,"column":49}},"type":"if","locations":[{"start":{"line":44,"column":4},"end":{"line":44,"column":49}},{"start":{},"end":{}}],"line":44},"3":{"loc":{"start":{"line":48,"column":2},"end":{"line":55,"column":3}},"type":"if","locations":[{"start":{"line":48,"column":2},"end":{"line":55,"column":3}},{"start":{},"end":{}}],"line":48},"4":{"loc":{"start":{"line":90,"column":2},"end":{"line":90,"column":25}},"type":"if","locations":[{"start":{"line":90,"column":2},"end":{"line":90,"column":25}},{"start":{},"end":{}}],"line":90},"5":{"loc":{"start":{"line":124,"column":2},"end":{"line":124,"column":20}},"type":"if","locations":[{"start":{"line":124,"column":2},"end":{"line":124,"column":20}},{"start":{},"end":{}}],"line":124},"6":{"loc":{"start":{"line":140,"column":2},"end":{"line":140,"column":36}},"type":"if","locations":[{"start":{"line":140,"column":2},"end":{"line":140,"column":36}},{"start":{},"end":{}}],"line":140},"7":{"loc":{"start":{"line":180,"column":6},"end":{"line":180,"column":26}},"type":"if","locations":[{"start":{"line":180,"column":6},"end":{"line":180,"column":26}},{"start":{},"end":{}}],"line":180},"8":{"loc":{"start":{"line":181,"column":6},"end":{"line":184,"column":7}},"type":"if","locations":[{"start":{"line":181,"column":6},"end":{"line":184,"column":7}},{"start":{},"end":{}}],"line":181},"9":{"loc":{"start":{"line":205,"column":6},"end":{"line":205,"column":26}},"type":"if","locations":[{"start":{"line":205,"column":6},"end":{"line":205,"column":26}},{"start":{},"end":{}}],"line":205},"10":{"loc":{"start":{"line":207,"column":21},"end":{"line":209,"column":13}},"type":"cond-expr","locations":[{"start":{"line":208,"column":10},"end":{"line":208,"column":50}},{"start":{"line":209,"column":10},"end":{"line":209,"column":13}}],"line":207},"11":{"loc":{"start":{"line":249,"column":2},"end":{"line":251,"column":3}},"type":"if","locations":[{"start":{"line":249,"column":2},"end":{"line":251,"column":3}},{"start":{},"end":{}}],"line":249},"12":{"loc":{"start":{"line":253,"column":2},"end":{"line":255,"column":3}},"type":"if","locations":[{"start":{"line":253,"column":2},"end":{"line":255,"column":3}},{"start":{},"end":{}}],"line":253},"13":{"loc":{"start":{"line":267,"column":9},"end":{"line":267,"column":36}},"type":"cond-expr","locations":[{"start":{"line":267,"column":15},"end":{"line":267,"column":32}},{"start":{"line":267,"column":35},"end":{"line":267,"column":36}}],"line":267}},"s":{"0":3,"1":3,"2":3,"3":3,"4":7,"5":7,"6":0,"7":7,"8":3,"9":6,"10":0,"11":2,"12":6,"13":3,"14":2,"15":2,"16":2,"17":2,"18":2,"19":2,"20":3,"21":3,"22":0,"23":2,"24":2,"25":0,"26":0,"27":0,"28":2,"29":2,"30":2,"31":2,"32":2,"33":2,"34":2,"35":2,"36":2,"37":2,"38":1,"39":1,"40":1,"41":1,"42":1,"43":1,"44":1,"45":1,"46":0,"47":0,"48":0,"49":0,"50":0,"51":0,"52":0,"53":0,"54":0,"55":0,"56":0,"57":0,"58":0,"59":0,"60":0,"61":0,"62":0,"63":0,"64":0,"65":0,"66":0,"67":0,"68":0,"69":0,"70":0,"71":0,"72":0,"73":0,"74":0,"75":0,"76":0,"77":0,"78":0,"79":0,"80":0,"81":0,"82":0,"83":0,"84":0,"85":0,"86":0,"87":0,"88":0,"89":0,"90":0,"91":0,"92":0,"93":0,"94":0,"95":0,"96":0,"97":0,"98":0,"99":0,"100":0,"101":0,"102":0,"103":0,"104":2,"105":2,"106":2,"107":2,"108":1,"109":2,"110":0,"111":2,"112":1,"113":1,"114":0,"115":0,"116":0,"117":3},"f":{"0":7,"1":7,"2":6,"3":0,"4":2,"5":6,"6":3,"7":2,"8":2,"9":0,"10":0,"11":0,"12":0,"13":0,"14":0,"15":2,"16":1,"17":0},"b":{"0":[0,7],"1":[2],"2":[0,3],"3":[0,2],"4":[1,1],"5":[0,0],"6":[0,0],"7":[0,0],"8":[0,0],"9":[0,0],"10":[0,0],"11":[1,1],"12":[0,2],"13":[0,0]},"_coverageSchema":"1a1c01bbd47fc00a2c39e90264f33305004495a9","hash":"1df7f3a28ffe69695b8cae1c9254cb94d26fc2d4"}
,"/Users/gayathrikanchinadham/Desktop/UBR Open NMS - Senaooriginal for demo video/services/auth-service/src/services/user.service.js": {"path":"/Users/gayathrikanchinadham/Desktop/UBR Open NMS - Senaooriginal for demo video/services/auth-service/src/services/user.service.js","statementMap":{"0":{"start":{"line":3,"column":52},"end":{"line":3,"column":83}},"1":{"start":{"line":4,"column":23},"end":{"line":4,"column":51}},"2":{"start":{"line":5,"column":15},"end":{"line":5,"column":41}},"3":{"start":{"line":8,"column":26},"end":{"line":8,"column":62}},"4":{"start":{"line":9,"column":2},"end":{"line":14,"column":3}},"5":{"start":{"line":10,"column":16},"end":{"line":10,"column":42}},"6":{"start":{"line":11,"column":4},"end":{"line":11,"column":31}},"7":{"start":{"line":12,"column":4},"end":{"line":12,"column":21}},"8":{"start":{"line":13,"column":4},"end":{"line":13,"column":14}},"9":{"start":{"line":16,"column":15},"end":{"line":16,"column":98}},"10":{"start":{"line":17,"column":2},"end":{"line":17,"column":35}},"11":{"start":{"line":18,"column":2},"end":{"line":18,"column":20}},"12":{"start":{"line":19,"column":2},"end":{"line":19,"column":23}},"13":{"start":{"line":23,"column":15},"end":{"line":23,"column":38}},"14":{"start":{"line":24,"column":2},"end":{"line":29,"column":3}},"15":{"start":{"line":25,"column":16},"end":{"line":25,"column":44}},"16":{"start":{"line":26,"column":4},"end":{"line":26,"column":27}},"17":{"start":{"line":27,"column":4},"end":{"line":27,"column":21}},"18":{"start":{"line":28,"column":4},"end":{"line":28,"column":14}},"19":{"start":{"line":30,"column":2},"end":{"line":30,"column":23}},"20":{"start":{"line":34,"column":15},"end":{"line":34,"column":33}},"21":{"start":{"line":35,"column":25},"end":{"line":38,"column":4}},"22":{"start":{"line":39,"column":2},"end":{"line":39,"column":39}},"23":{"start":{"line":43,"column":24},"end":{"line":43,"column":68}},"24":{"start":{"line":44,"column":19},"end":{"line":44,"column":21}},"25":{"start":{"line":45,"column":2},"end":{"line":47,"column":3}},"26":{"start":{"line":46,"column":4},"end":{"line":46,"column":59}},"27":{"start":{"line":46,"column":34},"end":{"line":46,"column":59}},"28":{"start":{"line":49,"column":2},"end":{"line":54,"column":3}},"29":{"start":{"line":50,"column":16},"end":{"line":50,"column":78}},"30":{"start":{"line":51,"column":4},"end":{"line":51,"column":30}},"31":{"start":{"line":52,"column":4},"end":{"line":52,"column":21}},"32":{"start":{"line":53,"column":4},"end":{"line":53,"column":14}},"33":{"start":{"line":56,"column":15},"end":{"line":56,"column":93}},"34":{"start":{"line":57,"column":2},"end":{"line":62,"column":3}},"35":{"start":{"line":58,"column":16},"end":{"line":58,"column":44}},"36":{"start":{"line":59,"column":4},"end":{"line":59,"column":27}},"37":{"start":{"line":60,"column":4},"end":{"line":60,"column":21}},"38":{"start":{"line":61,"column":4},"end":{"line":61,"column":14}},"39":{"start":{"line":65,"column":2},"end":{"line":68,"column":3}},"40":{"start":{"line":66,"column":4},"end":{"line":66,"column":48}},"41":{"start":{"line":67,"column":4},"end":{"line":67,"column":98}},"42":{"start":{"line":70,"column":2},"end":{"line":70,"column":23}},"43":{"start":{"line":74,"column":15},"end":{"line":74,"column":47}},"44":{"start":{"line":75,"column":2},"end":{"line":80,"column":3}},"45":{"start":{"line":76,"column":16},"end":{"line":76,"column":44}},"46":{"start":{"line":77,"column":4},"end":{"line":77,"column":27}},"47":{"start":{"line":78,"column":4},"end":{"line":78,"column":21}},"48":{"start":{"line":79,"column":4},"end":{"line":79,"column":14}},"49":{"start":{"line":81,"column":2},"end":{"line":81,"column":46}},"50":{"start":{"line":82,"column":2},"end":{"line":82,"column":46}},"51":{"start":{"line":86,"column":26},"end":{"line":86,"column":65}},"52":{"start":{"line":87,"column":2},"end":{"line":92,"column":3}},"53":{"start":{"line":88,"column":16},"end":{"line":88,"column":42}},"54":{"start":{"line":89,"column":4},"end":{"line":89,"column":31}},"55":{"start":{"line":90,"column":4},"end":{"line":90,"column":21}},"56":{"start":{"line":91,"column":4},"end":{"line":91,"column":14}},"57":{"start":{"line":94,"column":15},"end":{"line":94,"column":79}},"58":{"start":{"line":95,"column":2},"end":{"line":100,"column":3}},"59":{"start":{"line":96,"column":16},"end":{"line":96,"column":44}},"60":{"start":{"line":97,"column":4},"end":{"line":97,"column":27}},"61":{"start":{"line":98,"column":4},"end":{"line":98,"column":21}},"62":{"start":{"line":99,"column":4},"end":{"line":99,"column":14}},"63":{"start":{"line":102,"column":2},"end":{"line":110,"column":3}},"64":{"start":{"line":103,"column":18},"end":{"line":103,"column":60}},"65":{"start":{"line":104,"column":4},"end":{"line":109,"column":5}},"66":{"start":{"line":105,"column":18},"end":{"line":105,"column":61}},"67":{"start":{"line":106,"column":6},"end":{"line":106,"column":39}},"68":{"start":{"line":107,"column":6},"end":{"line":107,"column":23}},"69":{"start":{"line":108,"column":6},"end":{"line":108,"column":16}},"70":{"start":{"line":112,"column":2},"end":{"line":112,"column":38}},"71":{"start":{"line":113,"column":2},"end":{"line":113,"column":20}},"72":{"start":{"line":114,"column":2},"end":{"line":114,"column":46}},"73":{"start":{"line":115,"column":2},"end":{"line":115,"column":77}},"74":{"start":{"line":118,"column":0},"end":{"line":118,"column":96}}},"fnMap":{"0":{"name":"createUser","decl":{"start":{"line":7,"column":15},"end":{"line":7,"column":25}},"loc":{"start":{"line":7,"column":76},"end":{"line":20,"column":1}},"line":7},"1":{"name":"getUserById","decl":{"start":{"line":22,"column":15},"end":{"line":22,"column":26}},"loc":{"start":{"line":22,"column":31},"end":{"line":31,"column":1}},"line":22},"2":{"name":"listUsers","decl":{"start":{"line":33,"column":15},"end":{"line":33,"column":24}},"loc":{"start":{"line":33,"column":56},"end":{"line":40,"column":1}},"line":33},"3":{"name":"updateUser","decl":{"start":{"line":42,"column":15},"end":{"line":42,"column":25}},"loc":{"start":{"line":42,"column":39},"end":{"line":71,"column":1}},"line":42},"4":{"name":"deleteUser","decl":{"start":{"line":73,"column":15},"end":{"line":73,"column":25}},"loc":{"start":{"line":73,"column":30},"end":{"line":83,"column":1}},"line":73},"5":{"name":"changePassword","decl":{"start":{"line":85,"column":15},"end":{"line":85,"column":29}},"loc":{"start":{"line":85,"column":64},"end":{"line":116,"column":1}},"line":85}},"branchMap":{"0":{"loc":{"start":{"line":9,"column":2},"end":{"line":14,"column":3}},"type":"if","locations":[{"start":{"line":9,"column":2},"end":{"line":14,"column":3}},{"start":{},"end":{}}],"line":9},"1":{"loc":{"start":{"line":16,"column":49},"end":{"line":16,"column":63}},"type":"binary-expr","locations":[{"start":{"line":16,"column":49},"end":{"line":16,"column":53}},{"start":{"line":16,"column":57},"end":{"line":16,"column":63}}],"line":16},"2":{"loc":{"start":{"line":16,"column":78},"end":{"line":16,"column":95}},"type":"binary-expr","locations":[{"start":{"line":16,"column":78},"end":{"line":16,"column":89}},{"start":{"line":16,"column":93},"end":{"line":16,"column":95}}],"line":16},"3":{"loc":{"start":{"line":24,"column":2},"end":{"line":29,"column":3}},"type":"if","locations":[{"start":{"line":24,"column":2},"end":{"line":29,"column":3}},{"start":{},"end":{}}],"line":24},"4":{"loc":{"start":{"line":33,"column":25},"end":{"line":33,"column":54}},"type":"default-arg","locations":[{"start":{"line":33,"column":52},"end":{"line":33,"column":54}}],"line":33},"5":{"loc":{"start":{"line":33,"column":27},"end":{"line":33,"column":35}},"type":"default-arg","locations":[{"start":{"line":33,"column":34},"end":{"line":33,"column":35}}],"line":33},"6":{"loc":{"start":{"line":33,"column":37},"end":{"line":33,"column":47}},"type":"default-arg","locations":[{"start":{"line":33,"column":45},"end":{"line":33,"column":47}}],"line":33},"7":{"loc":{"start":{"line":46,"column":4},"end":{"line":46,"column":59}},"type":"if","locations":[{"start":{"line":46,"column":4},"end":{"line":46,"column":59}},{"start":{},"end":{}}],"line":46},"8":{"loc":{"start":{"line":49,"column":2},"end":{"line":54,"column":3}},"type":"if","locations":[{"start":{"line":49,"column":2},"end":{"line":54,"column":3}},{"start":{},"end":{}}],"line":49},"9":{"loc":{"start":{"line":49,"column":6},"end":{"line":49,"column":53}},"type":"binary-expr","locations":[{"start":{"line":49,"column":6},"end":{"line":49,"column":19}},{"start":{"line":49,"column":23},"end":{"line":49,"column":53}}],"line":49},"10":{"loc":{"start":{"line":57,"column":2},"end":{"line":62,"column":3}},"type":"if","locations":[{"start":{"line":57,"column":2},"end":{"line":62,"column":3}},{"start":{},"end":{}}],"line":57},"11":{"loc":{"start":{"line":65,"column":2},"end":{"line":68,"column":3}},"type":"if","locations":[{"start":{"line":65,"column":2},"end":{"line":68,"column":3}},{"start":{},"end":{}}],"line":65},"12":{"loc":{"start":{"line":75,"column":2},"end":{"line":80,"column":3}},"type":"if","locations":[{"start":{"line":75,"column":2},"end":{"line":80,"column":3}},{"start":{},"end":{}}],"line":75},"13":{"loc":{"start":{"line":87,"column":2},"end":{"line":92,"column":3}},"type":"if","locations":[{"start":{"line":87,"column":2},"end":{"line":92,"column":3}},{"start":{},"end":{}}],"line":87},"14":{"loc":{"start":{"line":95,"column":2},"end":{"line":100,"column":3}},"type":"if","locations":[{"start":{"line":95,"column":2},"end":{"line":100,"column":3}},{"start":{},"end":{}}],"line":95},"15":{"loc":{"start":{"line":102,"column":2},"end":{"line":110,"column":3}},"type":"if","locations":[{"start":{"line":102,"column":2},"end":{"line":110,"column":3}},{"start":{},"end":{}}],"line":102},"16":{"loc":{"start":{"line":104,"column":4},"end":{"line":109,"column":5}},"type":"if","locations":[{"start":{"line":104,"column":4},"end":{"line":109,"column":5}},{"start":{},"end":{}}],"line":104}},"s":{"0":0,"1":0,"2":0,"3":0,"4":0,"5":0,"6":0,"7":0,"8":0,"9":0,"10":0,"11":0,"12":0,"13":0,"14":0,"15":0,"16":0,"17":0,"18":0,"19":0,"20":0,"21":0,"22":0,"23":0,"24":0,"25":0,"26":0,"27":0,"28":0,"29":0,"30":0,"31":0,"32":0,"33":0,"34":0,"35":0,"36":0,"37":0,"38":0,"39":0,"40":0,"41":0,"42":0,"43":0,"44":0,"45":0,"46":0,"47":0,"48":0,"49":0,"50":0,"51":0,"52":0,"53":0,"54":0,"55":0,"56":0,"57":0,"58":0,"59":0,"60":0,"61":0,"62":0,"63":0,"64":0,"65":0,"66":0,"67":0,"68":0,"69":0,"70":0,"71":0,"72":0,"73":0,"74":0},"f":{"0":0,"1":0,"2":0,"3":0,"4":0,"5":0},"b":{"0":[0,0],"1":[0,0],"2":[0,0],"3":[0,0],"4":[0],"5":[0],"6":[0],"7":[0,0],"8":[0,0],"9":[0,0],"10":[0,0],"11":[0,0],"12":[0,0],"13":[0,0],"14":[0,0],"15":[0,0],"16":[0,0]}}
,"/Users/gayathrikanchinadham/Desktop/UBR Open NMS - Senaooriginal for demo video/services/auth-service/src/utils/logger.js": {"path":"/Users/gayathrikanchinadham/Desktop/UBR Open NMS - Senaooriginal for demo video/services/auth-service/src/utils/logger.js","statementMap":{"0":{"start":{"line":3,"column":16},"end":{"line":3,"column":34}},"1":{"start":{"line":4,"column":15},"end":{"line":4,"column":35}},"2":{"start":{"line":6,"column":63},"end":{"line":6,"column":77}},"3":{"start":{"line":8,"column":15},"end":{"line":23,"column":2}},"4":{"start":{"line":28,"column":0},"end":{"line":40,"column":2}},"5":{"start":{"line":29,"column":2},"end":{"line":29,"column":50}},"6":{"start":{"line":29,"column":39},"end":{"line":29,"column":50}},"7":{"start":{"line":30,"column":17},"end":{"line":30,"column":27}},"8":{"start":{"line":31,"column":24},"end":{"line":31,"column":92}},"9":{"start":{"line":32,"column":2},"end":{"line":34,"column":3}},"10":{"start":{"line":33,"column":4},"end":{"line":33,"column":48}},"11":{"start":{"line":33,"column":21},"end":{"line":33,"column":48}},"12":{"start":{"line":35,"column":2},"end":{"line":38,"column":3}},"13":{"start":{"line":36,"column":18},"end":{"line":36,"column":38}},"14":{"start":{"line":37,"column":4},"end":{"line":37,"column":70}},"15":{"start":{"line":37,"column":28},"end":{"line":37,"column":70}},"16":{"start":{"line":39,"column":2},"end":{"line":39,"column":16}},"17":{"start":{"line":42,"column":0},"end":{"line":42,"column":24}}},"fnMap":{"0":{"name":"(anonymous_0)","decl":{"start":{"line":28,"column":17},"end":{"line":28,"column":18}},"loc":{"start":{"line":28,"column":26},"end":{"line":40,"column":1}},"line":28}},"branchMap":{"0":{"loc":{"start":{"line":9,"column":9},"end":{"line":9,"column":59}},"type":"cond-expr","locations":[{"start":{"line":9,"column":43},"end":{"line":9,"column":49}},{"start":{"line":9,"column":52},"end":{"line":9,"column":59}}],"line":9},"1":{"loc":{"start":{"line":18,"column":14},"end":{"line":20,"column":39}},"type":"cond-expr","locations":[{"start":{"line":19,"column":10},"end":{"line":19,"column":38}},{"start":{"line":20,"column":10},"end":{"line":20,"column":39}}],"line":18},"2":{"loc":{"start":{"line":29,"column":2},"end":{"line":29,"column":50}},"type":"if","locations":[{"start":{"line":29,"column":2},"end":{"line":29,"column":50}},{"start":{},"end":{}}],"line":29},"3":{"loc":{"start":{"line":29,"column":6},"end":{"line":29,"column":37}},"type":"binary-expr","locations":[{"start":{"line":29,"column":6},"end":{"line":29,"column":10}},{"start":{"line":29,"column":14},"end":{"line":29,"column":37}}],"line":29},"4":{"loc":{"start":{"line":33,"column":4},"end":{"line":33,"column":48}},"type":"if","locations":[{"start":{"line":33,"column":4},"end":{"line":33,"column":48}},{"start":{},"end":{}}],"line":33},"5":{"loc":{"start":{"line":35,"column":2},"end":{"line":38,"column":3}},"type":"if","locations":[{"start":{"line":35,"column":2},"end":{"line":38,"column":3}},{"start":{},"end":{}}],"line":35},"6":{"loc":{"start":{"line":35,"column":6},"end":{"line":35,"column":48}},"type":"binary-expr","locations":[{"start":{"line":35,"column":6},"end":{"line":35,"column":15}},{"start":{"line":35,"column":19},"end":{"line":35,"column":48}}],"line":35},"7":{"loc":{"start":{"line":37,"column":4},"end":{"line":37,"column":70}},"type":"if","locations":[{"start":{"line":37,"column":4},"end":{"line":37,"column":70}},{"start":{},"end":{}}],"line":37}},"s":{"0":9,"1":9,"2":9,"3":9,"4":9,"5":6,"6":0,"7":6,"8":6,"9":6,"10":30,"11":0,"12":6,"13":6,"14":6,"15":6,"16":6,"17":9},"f":{"0":6},"b":{"0":[0,9],"1":[0,9],"2":[0,6],"3":[6,6],"4":[0,30],"5":[6,0],"6":[6,6],"7":[6,0]},"_coverageSchema":"1a1c01bbd47fc00a2c39e90264f33305004495a9","hash":"a7a316fc219312e904cf49f187a7fdc308dd4587"}
}
