TN:
SF:src/app.js
FN:12,createApp
FN:42,(anonymous_1)
FN:43,(anonymous_2)
FN:50,(anonymous_3)
FN:56,(anonymous_4)
FNF:5
FNH:0
FNDA:0,createApp
FNDA:0,(anonymous_1)
FNDA:0,(anonymous_2)
FNDA:0,(anonymous_3)
FNDA:0,(anonymous_4)
DA:3,0
DA:4,0
DA:5,0
DA:6,0
DA:7,0
DA:8,0
DA:9,0
DA:10,0
DA:13,0
DA:16,0
DA:19,0
DA:22,0
DA:23,0
DA:26,0
DA:29,0
DA:39,0
DA:42,0
DA:43,0
DA:46,0
DA:47,0
DA:50,0
DA:51,0
DA:56,0
DA:57,0
DA:58,0
DA:61,0
DA:64,0
LF:27
LH:0
BRF:0
BRH:0
end_of_record
TN:
SF:src/config/index.js
FNF:0
FNH:0
DA:3,9
DA:5,9
LF:2
LH:2
BRDA:6,0,0,9
BRDA:6,0,1,9
BRDA:7,1,0,9
BRDA:7,1,1,0
BRDA:10,2,0,9
BRDA:10,2,1,9
BRDA:15,3,0,9
BRDA:15,3,1,9
BRDA:16,4,0,9
BRDA:16,4,1,9
BRDA:17,5,0,9
BRDA:17,5,1,9
BRDA:18,6,0,0
BRDA:18,6,1,9
BRDA:23,7,0,9
BRDA:23,7,1,9
BRDA:24,8,0,9
BRDA:24,8,1,9
BRDA:25,9,0,9
BRDA:25,9,1,9
BRDA:26,10,0,9
BRDA:26,10,1,9
BRDA:27,11,0,9
BRDA:27,11,1,9
BRDA:39,12,0,0
BRDA:39,12,1,9
BRDA:42,13,0,0
BRDA:42,13,1,9
BRDA:54,14,0,9
BRDA:54,14,1,9
BRDA:55,15,0,9
BRDA:55,15,1,9
BRDA:68,16,0,9
BRDA:68,16,1,9
BRF:34
BRH:30
end_of_record
TN:
SF:src/middleware/rbac.middleware.js
FN:11,authenticate
FN:43,requireRole
FN:45,(anonymous_2)
FNF:3
FNH:3
FNDA:3,authenticate
FNDA:4,requireRole
FNDA:4,(anonymous_2)
DA:3,1
DA:4,1
DA:5,1
DA:12,3
DA:13,3
DA:14,1
DA:20,2
DA:21,2
DA:22,2
DA:23,1
DA:24,1
DA:26,1
DA:27,1
DA:32,0
DA:44,4
DA:45,4
DA:46,4
DA:47,0
DA:52,4
DA:53,3
DA:54,3
DA:59,1
DA:63,1
LF:23
LH:21
BRDA:13,0,0,1
BRDA:13,0,1,2
BRDA:13,1,0,3
BRDA:13,1,1,2
BRDA:26,2,0,1
BRDA:26,2,1,0
BRDA:44,3,0,1
BRDA:44,3,1,3
BRDA:46,4,0,0
BRDA:46,4,1,4
BRDA:52,5,0,3
BRDA:52,5,1,1
BRF:12
BRH:10
end_of_record
TN:
SF:src/middleware/validate.middleware.js
FN:8,handleValidationErrors
FNF:1
FNH:0
FNDA:0,handleValidationErrors
DA:3,0
DA:9,0
DA:10,0
DA:11,0
DA:16,0
DA:19,0
DA:24,0
DA:28,0
DA:35,0
DA:40,0
LF:10
LH:0
BRDA:10,0,0,0
BRDA:10,0,1,0
BRF:2
BRH:0
end_of_record
TN:
SF:src/models/user.model.js
FN:73,(anonymous_0)
FN:87,verifyPassword
FN:96,setPassword
FN:120,isLockedOut
FN:128,validatePasswordComplexity
FNF:5
FNH:1
FNDA:0,(anonymous_0)
FNDA:0,verifyPassword
FNDA:0,setPassword
FNDA:0,isLockedOut
FNDA:9,validatePasswordComplexity
DA:3,2
DA:4,2
DA:5,2
DA:7,2
DA:9,2
DA:74,0
DA:75,0
DA:76,0
DA:77,0
DA:87,2
DA:88,0
DA:89,0
DA:96,2
DA:97,0
DA:100,0
DA:101,0
DA:103,0
DA:104,0
DA:105,0
DA:106,0
DA:107,0
DA:111,0
DA:112,0
DA:113,0
DA:114,0
DA:120,2
DA:121,0
DA:129,9
DA:130,3
DA:132,6
DA:133,5
DA:134,4
DA:135,3
DA:136,1
DA:138,2
DA:141,2
DA:143,2
LF:37
LH:18
BRDA:88,0,0,0
BRDA:88,0,1,0
BRDA:101,1,0,0
BRDA:101,1,1,0
BRDA:104,2,0,0
BRDA:104,2,1,0
BRDA:121,3,0,0
BRDA:121,3,1,0
BRDA:129,4,0,3
BRDA:129,4,1,6
BRDA:129,5,0,9
BRDA:129,5,1,7
BRDA:132,6,0,1
BRDA:132,6,1,5
BRDA:133,7,0,1
BRDA:133,7,1,4
BRDA:134,8,0,1
BRDA:134,8,1,3
BRDA:135,9,0,1
BRDA:135,9,1,2
BRF:20
BRH:12
end_of_record
TN:
SF:src/routes/auth.routes.js
FN:19,(anonymous_0)
FN:40,(anonymous_1)
FN:57,(anonymous_2)
FNF:3
FNH:0
FNDA:0,(anonymous_0)
FNDA:0,(anonymous_1)
FNDA:0,(anonymous_2)
DA:3,0
DA:4,0
DA:5,0
DA:10,0
DA:11,0
DA:13,0
DA:19,0
DA:20,0
DA:21,0
DA:22,0
DA:23,0
DA:25,0
DA:26,0
DA:28,0
DA:29,0
DA:40,0
DA:41,0
DA:42,0
DA:43,0
DA:44,0
DA:46,0
DA:57,0
DA:58,0
DA:59,0
DA:60,0
DA:61,0
DA:63,0
DA:70,0
LF:28
LH:0
BRDA:22,0,0,0
BRDA:22,0,1,0
BRDA:22,0,2,0
BRDA:23,1,0,0
BRDA:23,1,1,0
BRDA:28,2,0,0
BRDA:28,2,1,0
BRDA:31,3,0,0
BRDA:31,3,1,0
BRDA:46,4,0,0
BRDA:46,4,1,0
BRDA:48,5,0,0
BRDA:48,5,1,0
BRF:13
BRH:0
end_of_record
TN:
SF:src/routes/users.routes.js
FN:25,(anonymous_0)
FN:40,(anonymous_1)
FN:72,(anonymous_2)
FN:88,(anonymous_3)
FN:104,(anonymous_4)
FN:120,(anonymous_5)
FNF:6
FNH:0
FNDA:0,(anonymous_0)
FNDA:0,(anonymous_1)
FNDA:0,(anonymous_2)
FNDA:0,(anonymous_3)
FNDA:0,(anonymous_4)
FNDA:0,(anonymous_5)
DA:3,0
DA:4,0
DA:5,0
DA:10,0
DA:11,0
DA:13,0
DA:16,0
DA:19,0
DA:25,0
DA:26,0
DA:27,0
DA:28,0
DA:29,0
DA:30,0
DA:32,0
DA:40,0
DA:41,0
DA:42,0
DA:44,0
DA:45,0
DA:46,0
DA:52,0
DA:53,0
DA:55,0
DA:56,0
DA:61,0
DA:72,0
DA:73,0
DA:74,0
DA:75,0
DA:77,0
DA:88,0
DA:89,0
DA:90,0
DA:91,0
DA:93,0
DA:104,0
DA:105,0
DA:106,0
DA:107,0
DA:109,0
DA:120,0
DA:121,0
DA:122,0
DA:123,0
DA:124,0
DA:126,0
DA:133,0
LF:48
LH:0
BRDA:27,0,0,0
BRDA:27,0,1,0
BRDA:28,1,0,0
BRDA:28,1,1,0
BRDA:45,2,0,0
BRDA:45,2,1,0
BRDA:55,3,0,0
BRDA:55,3,1,0
BRDA:61,4,0,0
BRDA:61,4,1,0
BRDA:63,5,0,0
BRDA:63,5,1,0
BRDA:77,6,0,0
BRDA:77,6,1,0
BRDA:79,7,0,0
BRDA:79,7,1,0
BRDA:93,8,0,0
BRDA:93,8,1,0
BRDA:95,9,0,0
BRDA:95,9,1,0
BRDA:109,10,0,0
BRDA:109,10,1,0
BRDA:111,11,0,0
BRDA:111,11,1,0
BRDA:126,12,0,0
BRDA:126,12,1,0
BRDA:128,13,0,0
BRDA:128,13,1,0
BRF:28
BRH:0
end_of_record
TN:
SF:src/services/auth.service.js
FN:15,login
FN:109,refresh
FN:132,logout
FN:139,_recordFailure
FN:153,_throwInvalidCredentials
FNF:5
FNH:5
FNDA:5,login
FNDA:2,refresh
FNDA:1,logout
FNDA:1,_recordFailure
FNDA:1,_throwInvalidCredentials
DA:3,1
DA:4,1
DA:5,1
DA:6,1
DA:7,1
DA:8,1
DA:17,5
DA:18,5
DA:19,1
DA:20,1
DA:21,1
DA:22,1
DA:27,4
DA:29,4
DA:31,4
DA:32,2
DA:35,2
DA:36,2
DA:37,0
DA:43,0
DA:46,2
DA:47,2
DA:50,2
DA:51,1
DA:52,1
DA:54,1
DA:55,0
DA:56,0
DA:59,1
DA:60,0
DA:61,0
DA:62,0
DA:63,0
DA:66,1
DA:67,1
DA:68,0
DA:69,0
DA:72,1
DA:73,1
DA:74,1
DA:75,1
DA:76,1
DA:78,0
DA:79,0
DA:80,0
DA:85,3
DA:87,3
DA:88,3
DA:90,3
DA:93,2
DA:95,2
DA:97,2
DA:110,2
DA:111,2
DA:113,2
DA:114,1
DA:115,1
DA:116,1
DA:117,1
DA:120,1
DA:121,1
DA:133,1
DA:134,1
DA:140,1
DA:141,1
DA:143,1
DA:145,0
DA:154,1
DA:155,1
DA:156,1
DA:157,1
DA:160,1
LF:72
LH:58
BRDA:18,0,0,1
BRDA:18,0,1,4
BRDA:36,1,0,0
BRDA:36,1,1,2
BRDA:39,2,0,0
BRDA:39,2,1,0
BRDA:50,3,0,1
BRDA:50,3,1,1
BRDA:50,4,0,2
BRDA:50,4,1,1
BRDA:54,5,0,0
BRDA:54,5,1,1
BRDA:54,6,0,1
BRDA:54,6,1,1
BRDA:59,7,0,0
BRDA:59,7,1,1
BRDA:67,8,0,0
BRDA:67,8,1,1
BRDA:74,9,0,1
BRDA:74,9,1,0
BRDA:74,10,0,1
BRDA:74,10,1,0
BRDA:113,11,0,1
BRDA:113,11,1,1
BRDA:143,12,0,0
BRDA:143,12,1,1
BRDA:147,13,0,0
BRDA:147,13,1,0
BRF:28
BRH:17
end_of_record
TN:
SF:src/services/jwt.service.js
FN:12,generateAccessToken
FN:32,verifyAccessToken
FN:46,generateRefreshToken
FNF:3
FNH:3
FNDA:3,generateAccessToken
FNDA:2,verifyAccessToken
FNDA:101,generateRefreshToken
DA:3,3
DA:4,3
DA:5,3
DA:6,3
DA:13,3
DA:14,1
DA:16,2
DA:33,2
DA:34,0
DA:36,2
DA:47,101
DA:50,3
LF:12
LH:11
BRDA:13,0,0,1
BRDA:13,0,1,2
BRDA:33,1,0,0
BRDA:33,1,1,2
BRF:4
BRH:3
end_of_record
TN:
SF:src/services/ldap.service.js
FN:10,createClient
FN:24,ldapAuthenticate
FN:25,(anonymous_2)
FN:28,(anonymous_3)
FN:32,(anonymous_4)
FN:41,(anonymous_5)
FN:49,(anonymous_6)
FN:53,(anonymous_7)
FN:58,(anonymous_8)
FN:67,(anonymous_9)
FN:87,(anonymous_10)
FN:88,(anonymous_11)
FN:89,(anonymous_12)
FN:90,(anonymous_13)
FN:96,authenticate
FN:100,isOpen
FNF:16
FNH:0
FNDA:0,createClient
FNDA:0,ldapAuthenticate
FNDA:0,(anonymous_2)
FNDA:0,(anonymous_3)
FNDA:0,(anonymous_4)
FNDA:0,(anonymous_5)
FNDA:0,(anonymous_6)
FNDA:0,(anonymous_7)
FNDA:0,(anonymous_8)
FNDA:0,(anonymous_9)
FNDA:0,(anonymous_10)
FNDA:0,(anonymous_11)
FNDA:0,(anonymous_12)
FNDA:0,(anonymous_13)
FNDA:0,authenticate
FNDA:0,isOpen
DA:3,1
DA:4,1
DA:5,1
DA:6,1
DA:8,1
DA:11,0
DA:25,0
DA:26,0
DA:28,0
DA:29,0
DA:32,0
DA:33,0
DA:34,0
DA:35,0
DA:38,0
DA:39,0
DA:41,0
DA:42,0
DA:43,0
DA:44,0
DA:47,0
DA:49,0
DA:50,0
DA:53,0
DA:54,0
DA:55,0
DA:58,0
DA:59,0
DA:60,0
DA:61,0
DA:64,0
DA:67,0
DA:68,0
DA:69,0
DA:70,0
DA:72,0
DA:80,1
DA:87,1
DA:88,1
DA:89,1
DA:90,1
DA:97,0
DA:101,0
DA:104,1
LF:44
LH:11
BRDA:33,0,0,0
BRDA:33,0,1,0
BRDA:42,1,0,0
BRDA:42,1,1,0
BRDA:59,2,0,0
BRDA:59,2,1,0
BRDA:69,3,0,0
BRDA:69,3,1,0
BRF:8
BRH:0
end_of_record
TN:
SF:src/services/session.service.js
FN:9,setRedis
FN:13,getRedis
FN:20,(anonymous_2)
FN:21,(anonymous_3)
FN:22,(anonymous_4)
FN:23,(anonymous_5)
FN:24,(anonymous_6)
FN:32,createSession
FN:87,validateAndRotateRefreshToken
FN:121,destroySession
FN:137,destroyAllSessions
FN:153,touchSession
FN:167,cleanStaleSessions
FN:193,recordFailedAttempt
FN:208,clearFailedAttempts
FN:213,getFailedAttempts
FNF:16
FNH:10
FNDA:7,setRedis
FNDA:7,getRedis
FNDA:6,(anonymous_2)
FNDA:0,(anonymous_3)
FNDA:2,(anonymous_4)
FNDA:6,(anonymous_5)
FNDA:3,(anonymous_6)
FNDA:2,createSession
FNDA:2,validateAndRotateRefreshToken
FNDA:0,destroySession
FNDA:0,destroyAllSessions
FNDA:0,touchSession
FNDA:0,cleanStaleSessions
FNDA:2,recordFailedAttempt
FNDA:1,clearFailedAttempts
FNDA:0,getFailedAttempts
DA:3,3
DA:4,3
DA:5,3
DA:7,3
DA:10,7
DA:14,7
DA:15,7
DA:19,3
DA:20,6
DA:21,0
DA:22,2
DA:23,6
DA:24,3
DA:33,2
DA:34,2
DA:35,2
DA:38,2
DA:39,2
DA:42,2
DA:43,3
DA:44,3
DA:47,2
DA:48,2
DA:49,0
DA:53,0
DA:54,0
DA:57,2
DA:60,2
DA:68,2
DA:69,2
DA:72,2
DA:79,2
DA:80,2
DA:88,2
DA:89,2
DA:90,2
DA:92,1
DA:93,1
DA:96,1
DA:99,1
DA:107,1
DA:114,1
DA:115,1
DA:122,0
DA:123,0
DA:124,0
DA:126,0
DA:127,0
DA:128,0
DA:129,0
DA:130,0
DA:131,0
DA:138,0
DA:139,0
DA:140,0
DA:142,0
DA:143,0
DA:144,0
DA:146,0
DA:147,0
DA:154,0
DA:155,0
DA:168,0
DA:169,0
DA:170,0
DA:171,0
DA:172,0
DA:174,0
DA:175,0
DA:176,0
DA:177,0
DA:178,0
DA:179,0
DA:180,0
DA:181,0
DA:182,0
DA:183,0
DA:194,2
DA:195,2
DA:196,2
DA:198,2
DA:199,1
DA:202,2
DA:203,1
DA:205,1
DA:209,1
DA:210,1
DA:214,0
DA:215,0
DA:216,0
DA:219,3
LF:91
LH:50
BRDA:14,0,0,0
BRDA:14,0,1,7
BRDA:32,1,0,2
BRDA:44,2,0,0
BRDA:44,2,1,3
BRDA:48,3,0,0
BRDA:48,3,1,2
BRDA:90,4,0,1
BRDA:90,4,1,1
BRDA:124,5,0,0
BRDA:124,5,1,0
BRDA:140,6,0,0
BRDA:140,6,1,0
BRDA:180,7,0,0
BRDA:180,7,1,0
BRDA:181,8,0,0
BRDA:181,8,1,0
BRDA:198,9,0,1
BRDA:198,9,1,1
BRDA:202,10,0,1
BRDA:202,10,1,1
BRDA:216,11,0,0
BRDA:216,11,1,0
BRF:23
BRH:10
end_of_record
TN:
SF:src/services/user.service.js
FN:7,createUser
FN:22,getUserById
FN:33,listUsers
FN:42,updateUser
FN:73,deleteUser
FN:85,changePassword
FNF:6
FNH:0
FNDA:0,createUser
FNDA:0,getUserById
FNDA:0,listUsers
FNDA:0,updateUser
FNDA:0,deleteUser
FNDA:0,changePassword
DA:3,0
DA:4,0
DA:5,0
DA:8,0
DA:9,0
DA:10,0
DA:11,0
DA:12,0
DA:13,0
DA:16,0
DA:17,0
DA:18,0
DA:19,0
DA:23,0
DA:24,0
DA:25,0
DA:26,0
DA:27,0
DA:28,0
DA:30,0
DA:34,0
DA:35,0
DA:39,0
DA:43,0
DA:44,0
DA:45,0
DA:46,0
DA:49,0
DA:50,0
DA:51,0
DA:52,0
DA:53,0
DA:56,0
DA:57,0
DA:58,0
DA:59,0
DA:60,0
DA:61,0
DA:65,0
DA:66,0
DA:67,0
DA:70,0
DA:74,0
DA:75,0
DA:76,0
DA:77,0
DA:78,0
DA:79,0
DA:81,0
DA:82,0
DA:86,0
DA:87,0
DA:88,0
DA:89,0
DA:90,0
DA:91,0
DA:94,0
DA:95,0
DA:96,0
DA:97,0
DA:98,0
DA:99,0
DA:102,0
DA:103,0
DA:104,0
DA:105,0
DA:106,0
DA:107,0
DA:108,0
DA:112,0
DA:113,0
DA:114,0
DA:115,0
DA:118,0
LF:74
LH:0
BRDA:9,0,0,0
BRDA:9,0,1,0
BRDA:16,1,0,0
BRDA:16,1,1,0
BRDA:16,2,0,0
BRDA:16,2,1,0
BRDA:24,3,0,0
BRDA:24,3,1,0
BRDA:33,4,0,0
BRDA:33,5,0,0
BRDA:33,6,0,0
BRDA:46,7,0,0
BRDA:46,7,1,0
BRDA:49,8,0,0
BRDA:49,8,1,0
BRDA:49,9,0,0
BRDA:49,9,1,0
BRDA:57,10,0,0
BRDA:57,10,1,0
BRDA:65,11,0,0
BRDA:65,11,1,0
BRDA:75,12,0,0
BRDA:75,12,1,0
BRDA:87,13,0,0
BRDA:87,13,1,0
BRDA:95,14,0,0
BRDA:95,14,1,0
BRDA:102,15,0,0
BRDA:102,15,1,0
BRDA:104,16,0,0
BRDA:104,16,1,0
BRF:31
BRH:0
end_of_record
TN:
SF:src/utils/logger.js
FN:28,(anonymous_0)
FNF:1
FNH:1
FNDA:3,(anonymous_0)
DA:3,8
DA:4,8
DA:6,8
DA:8,8
DA:28,8
DA:29,3
DA:30,3
DA:31,3
DA:32,3
DA:33,15
DA:35,3
DA:36,3
DA:37,3
DA:39,3
DA:42,8
LF:15
LH:15
BRDA:9,0,0,0
BRDA:9,0,1,8
BRDA:18,1,0,0
BRDA:18,1,1,8
BRDA:29,2,0,0
BRDA:29,2,1,3
BRDA:29,3,0,3
BRDA:29,3,1,3
BRDA:33,4,0,0
BRDA:33,4,1,15
BRDA:35,5,0,3
BRDA:35,5,1,0
BRDA:35,6,0,3
BRDA:35,6,1,3
BRDA:37,7,0,3
BRDA:37,7,1,0
BRF:16
BRH:10
end_of_record
