TN:
SF:src/app.js
FN:21,(anonymous_0)
FN:22,(anonymous_1)
FN:25,createApp
FN:60,(anonymous_3)
FN:61,(anonymous_4)
FN:70,(anonymous_5)
FN:76,(anonymous_6)
FNF:7
FNH:0
FNDA:0,(anonymous_0)
FNDA:0,(anonymous_1)
FNDA:0,createApp
FNDA:0,(anonymous_3)
FNDA:0,(anonymous_4)
FNDA:0,(anonymous_5)
FNDA:0,(anonymous_6)
DA:3,0
DA:4,0
DA:5,0
DA:6,0
DA:7,0
DA:8,0
DA:9,0
DA:10,0
DA:11,0
DA:15,0
DA:16,0
DA:17,0
DA:18,0
DA:21,0
DA:22,0
DA:26,0
DA:29,0
DA:32,0
DA:35,0
DA:38,0
DA:39,0
DA:42,0
DA:45,0
DA:55,0
DA:57,0
DA:60,0
DA:61,0
DA:62,0
DA:65,0
DA:66,0
DA:67,0
DA:70,0
DA:71,0
DA:76,0
DA:77,0
DA:78,0
DA:81,0
DA:84,0
LF:38
LH:0
BRF:0
BRH:0
end_of_record
TN:
SF:src/config/index.js
FNF:0
FNH:0
DA:3,10
DA:5,10
LF:2
LH:2
BRDA:6,0,0,10
BRDA:6,0,1,10
BRDA:7,1,0,10
BRDA:7,1,1,0
BRDA:10,2,0,10
BRDA:10,2,1,10
BRDA:15,3,0,10
BRDA:15,3,1,10
BRDA:16,4,0,10
BRDA:16,4,1,10
BRDA:17,5,0,10
BRDA:17,5,1,10
BRDA:18,6,0,0
BRDA:18,6,1,10
BRDA:23,7,0,10
BRDA:23,7,1,10
BRDA:24,8,0,10
BRDA:24,8,1,10
BRDA:25,9,0,10
BRDA:25,9,1,10
BRDA:26,10,0,10
BRDA:26,10,1,10
BRDA:27,11,0,10
BRDA:27,11,1,10
BRDA:39,12,0,0
BRDA:39,12,1,10
BRDA:42,13,0,0
BRDA:42,13,1,10
BRDA:54,14,0,10
BRDA:54,14,1,10
BRDA:55,15,0,10
BRDA:55,15,1,10
BRDA:62,16,0,10
BRDA:62,16,1,10
BRDA:63,17,0,10
BRDA:63,17,1,10
BRDA:68,18,0,10
BRDA:68,18,1,10
BRDA:75,19,0,10
BRDA:75,19,1,10
BRF:40
BRH:36
end_of_record
TN:
SF:src/middleware/rbac.middleware.js
FN:11,authenticate
FN:43,requireRole
FN:45,(anonymous_2)
FN:54,(anonymous_3)
FNF:4
FNH:4
FNDA:3,authenticate
FNDA:4,requireRole
FNDA:4,(anonymous_2)
FNDA:5,(anonymous_3)
DA:3,1
DA:4,1
DA:5,1
DA:12,3
DA:13,3
DA:14,1
DA:20,2
DA:21,2
DA:22,2
DA:23,1
DA:24,1
DA:26,1
DA:27,1
DA:32,0
DA:44,4
DA:45,4
DA:46,4
DA:47,0
DA:53,4
DA:54,5
DA:55,4
DA:56,3
DA:57,3
DA:62,1
DA:66,1
LF:25
LH:23
BRDA:13,0,0,1
BRDA:13,0,1,2
BRDA:13,1,0,3
BRDA:13,1,1,2
BRDA:26,2,0,1
BRDA:26,2,1,0
BRDA:44,3,0,1
BRDA:44,3,1,3
BRDA:46,4,0,0
BRDA:46,4,1,4
BRDA:53,5,0,4
BRDA:53,5,1,0
BRDA:55,6,0,3
BRDA:55,6,1,1
BRF:14
BRH:11
end_of_record
TN:
SF:src/middleware/validate.middleware.js
FN:8,handleValidationErrors
FNF:1
FNH:0
FNDA:0,handleValidationErrors
DA:3,0
DA:9,0
DA:10,0
DA:11,0
DA:16,0
DA:19,0
DA:24,0
DA:28,0
DA:35,0
DA:40,0
LF:10
LH:0
BRDA:10,0,0,0
BRDA:10,0,1,0
BRF:2
BRH:0
end_of_record
TN:
SF:src/models/user.model.js
FN:93,(anonymous_0)
FN:109,verifyPassword
FN:118,setPassword
FN:142,isLockedOut
FN:150,validatePasswordComplexity
FNF:5
FNH:1
FNDA:0,(anonymous_0)
FNDA:0,verifyPassword
FNDA:0,setPassword
FNDA:0,isLockedOut
FNDA:9,validatePasswordComplexity
DA:3,2
DA:4,2
DA:5,2
DA:7,2
DA:9,2
DA:94,0
DA:95,0
DA:96,0
DA:97,0
DA:98,0
DA:99,0
DA:109,2
DA:110,0
DA:111,0
DA:118,2
DA:119,0
DA:122,0
DA:123,0
DA:125,0
DA:126,0
DA:127,0
DA:128,0
DA:129,0
DA:133,0
DA:134,0
DA:135,0
DA:136,0
DA:142,2
DA:143,0
DA:151,9
DA:152,3
DA:154,6
DA:155,5
DA:156,4
DA:157,3
DA:158,1
DA:160,2
DA:163,2
DA:165,2
LF:39
LH:18
BRDA:110,0,0,0
BRDA:110,0,1,0
BRDA:123,1,0,0
BRDA:123,1,1,0
BRDA:126,2,0,0
BRDA:126,2,1,0
BRDA:143,3,0,0
BRDA:143,3,1,0
BRDA:151,4,0,3
BRDA:151,4,1,6
BRDA:151,5,0,9
BRDA:151,5,1,7
BRDA:154,6,0,1
BRDA:154,6,1,5
BRDA:155,7,0,1
BRDA:155,7,1,4
BRDA:156,8,0,1
BRDA:156,8,1,3
BRDA:157,9,0,1
BRDA:157,9,1,2
BRF:20
BRH:12
end_of_record
TN:
SF:src/routes/auth.routes.js
FN:20,(anonymous_0)
FN:41,(anonymous_1)
FN:58,(anonymous_2)
FN:75,(anonymous_3)
FN:89,(anonymous_4)
FNF:5
FNH:0
FNDA:0,(anonymous_0)
FNDA:0,(anonymous_1)
FNDA:0,(anonymous_2)
FNDA:0,(anonymous_3)
FNDA:0,(anonymous_4)
DA:3,0
DA:4,0
DA:5,0
DA:6,0
DA:11,0
DA:12,0
DA:14,0
DA:20,0
DA:21,0
DA:22,0
DA:23,0
DA:24,0
DA:26,0
DA:27,0
DA:29,0
DA:30,0
DA:41,0
DA:42,0
DA:43,0
DA:44,0
DA:45,0
DA:47,0
DA:58,0
DA:59,0
DA:60,0
DA:61,0
DA:62,0
DA:64,0
DA:75,0
DA:76,0
DA:77,0
DA:78,0
DA:80,0
DA:81,0
DA:89,0
DA:90,0
DA:91,0
DA:92,0
DA:94,0
DA:101,0
LF:40
LH:0
BRDA:23,0,0,0
BRDA:23,0,1,0
BRDA:23,0,2,0
BRDA:24,1,0,0
BRDA:24,1,1,0
BRDA:29,2,0,0
BRDA:29,2,1,0
BRDA:32,3,0,0
BRDA:32,3,1,0
BRDA:47,4,0,0
BRDA:47,4,1,0
BRDA:49,5,0,0
BRDA:49,5,1,0
BRF:13
BRH:0
end_of_record
TN:
SF:src/routes/mfa.routes.js
FN:22,handleValidation
FN:37,(anonymous_1)
FN:55,(anonymous_2)
FN:85,(anonymous_3)
FN:114,(anonymous_4)
FN:174,(anonymous_5)
FN:197,(anonymous_6)
FNF:7
FNH:0
FNDA:0,handleValidation
FNDA:0,(anonymous_1)
FNDA:0,(anonymous_2)
FNDA:0,(anonymous_3)
FNDA:0,(anonymous_4)
FNDA:0,(anonymous_5)
FNDA:0,(anonymous_6)
DA:3,0
DA:4,0
DA:5,0
DA:6,0
DA:7,0
DA:8,0
DA:9,0
DA:10,0
DA:11,0
DA:13,0
DA:17,0
DA:23,0
DA:24,0
DA:25,0
DA:30,0
DA:37,0
DA:38,0
DA:39,0
DA:40,0
DA:42,0
DA:55,0
DA:56,0
DA:57,0
DA:58,0
DA:73,0
DA:85,0
DA:86,0
DA:87,0
DA:89,0
DA:90,0
DA:91,0
DA:98,0
DA:111,0
DA:115,0
DA:116,0
DA:118,0
DA:121,0
DA:122,0
DA:123,0
DA:132,0
DA:134,0
DA:136,0
DA:139,0
DA:140,0
DA:142,0
DA:147,0
DA:149,0
DA:151,0
DA:162,0
DA:174,0
DA:175,0
DA:176,0
DA:178,0
DA:179,0
DA:180,0
DA:185,0
DA:197,0
DA:198,0
DA:199,0
DA:200,0
DA:201,0
DA:206,0
DA:213,0
LF:63
LH:0
BRDA:24,0,0,0
BRDA:24,0,1,0
BRDA:42,1,0,0
BRDA:42,1,1,0
BRDA:44,2,0,0
BRDA:44,2,1,0
BRDA:57,3,0,0
BRDA:57,3,1,0
BRDA:73,4,0,0
BRDA:73,4,1,0
BRDA:75,5,0,0
BRDA:75,5,1,0
BRDA:87,6,0,0
BRDA:87,6,1,0
BRDA:98,7,0,0
BRDA:98,7,1,0
BRDA:100,8,0,0
BRDA:100,8,1,0
BRDA:116,9,0,0
BRDA:116,9,1,0
BRDA:122,10,0,0
BRDA:122,10,1,0
BRDA:143,11,0,0
BRDA:143,11,1,0
BRDA:143,11,2,0
BRDA:144,12,0,0
BRDA:144,12,1,0
BRDA:162,13,0,0
BRDA:162,13,1,0
BRDA:164,14,0,0
BRDA:164,14,1,0
BRDA:176,15,0,0
BRDA:176,15,1,0
BRDA:185,16,0,0
BRDA:185,16,1,0
BRDA:187,17,0,0
BRDA:187,17,1,0
BRDA:206,18,0,0
BRDA:206,18,1,0
BRDA:208,19,0,0
BRDA:208,19,1,0
BRF:41
BRH:0
end_of_record
TN:
SF:src/routes/users.routes.js
FN:25,(anonymous_0)
FN:40,(anonymous_1)
FN:72,(anonymous_2)
FN:88,(anonymous_3)
FN:104,(anonymous_4)
FN:120,(anonymous_5)
FNF:6
FNH:0
FNDA:0,(anonymous_0)
FNDA:0,(anonymous_1)
FNDA:0,(anonymous_2)
FNDA:0,(anonymous_3)
FNDA:0,(anonymous_4)
FNDA:0,(anonymous_5)
DA:3,0
DA:4,0
DA:5,0
DA:10,0
DA:11,0
DA:13,0
DA:16,0
DA:19,0
DA:25,0
DA:26,0
DA:27,0
DA:28,0
DA:29,0
DA:30,0
DA:32,0
DA:40,0
DA:41,0
DA:42,0
DA:44,0
DA:45,0
DA:46,0
DA:52,0
DA:53,0
DA:55,0
DA:56,0
DA:61,0
DA:72,0
DA:73,0
DA:74,0
DA:75,0
DA:77,0
DA:88,0
DA:89,0
DA:90,0
DA:91,0
DA:93,0
DA:104,0
DA:105,0
DA:106,0
DA:107,0
DA:109,0
DA:120,0
DA:121,0
DA:122,0
DA:123,0
DA:124,0
DA:126,0
DA:133,0
LF:48
LH:0
BRDA:27,0,0,0
BRDA:27,0,1,0
BRDA:28,1,0,0
BRDA:28,1,1,0
BRDA:45,2,0,0
BRDA:45,2,1,0
BRDA:55,3,0,0
BRDA:55,3,1,0
BRDA:61,4,0,0
BRDA:61,4,1,0
BRDA:63,5,0,0
BRDA:63,5,1,0
BRDA:77,6,0,0
BRDA:77,6,1,0
BRDA:79,7,0,0
BRDA:79,7,1,0
BRDA:93,8,0,0
BRDA:93,8,1,0
BRDA:95,9,0,0
BRDA:95,9,1,0
BRDA:109,10,0,0
BRDA:109,10,1,0
BRDA:111,11,0,0
BRDA:111,11,1,0
BRDA:123,12,0,0
BRDA:123,12,1,0
BRDA:126,13,0,0
BRDA:126,13,1,0
BRDA:128,14,0,0
BRDA:128,14,1,0
BRF:30
BRH:0
end_of_record
TN:
SF:src/services/auth.service.js
FN:11,(anonymous_0)
FN:18,login
FN:131,refresh
FN:154,logout
FN:161,_recordFailure
FN:175,_throwInvalidCredentials
FNF:6
FNH:5
FNDA:0,(anonymous_0)
FNDA:7,login
FNDA:2,refresh
FNDA:1,logout
FNDA:2,_recordFailure
FNDA:2,_throwInvalidCredentials
DA:3,1
DA:4,1
DA:5,1
DA:6,1
DA:7,1
DA:8,1
DA:11,1
DA:20,7
DA:21,7
DA:22,0
DA:23,0
DA:24,0
DA:25,0
DA:30,7
DA:32,7
DA:34,7
DA:35,4
DA:38,4
DA:39,4
DA:40,0
DA:46,0
DA:49,4
DA:50,4
DA:53,3
DA:57,1
DA:58,1
DA:60,1
DA:61,0
DA:62,0
DA:65,1
DA:66,0
DA:67,0
DA:68,0
DA:69,0
DA:72,1
DA:73,1
DA:74,0
DA:75,0
DA:78,1
DA:79,1
DA:80,2
DA:81,2
DA:82,2
DA:84,0
DA:85,0
DA:86,0
DA:91,5
DA:95,5
DA:96,5
DA:99,1
DA:100,1
DA:101,1
DA:109,4
DA:110,4
DA:112,4
DA:115,3
DA:117,3
DA:119,3
DA:132,2
DA:133,2
DA:135,2
DA:136,1
DA:137,1
DA:138,1
DA:139,1
DA:142,1
DA:143,1
DA:155,1
DA:156,1
DA:162,2
DA:163,2
DA:165,2
DA:167,0
DA:176,2
DA:177,2
DA:178,2
DA:179,2
DA:182,1
LF:78
LH:60
BRDA:21,0,0,0
BRDA:21,0,1,7
BRDA:39,1,0,0
BRDA:39,1,1,4
BRDA:42,2,0,0
BRDA:42,2,1,0
BRDA:53,3,0,1
BRDA:53,3,1,2
BRDA:53,4,0,3
BRDA:53,4,1,2
BRDA:53,4,2,2
BRDA:53,4,3,2
BRDA:53,4,4,2
BRDA:53,4,5,2
BRDA:53,4,6,2
BRDA:53,4,7,2
BRDA:60,5,0,0
BRDA:60,5,1,1
BRDA:60,6,0,1
BRDA:60,6,1,1
BRDA:65,7,0,0
BRDA:65,7,1,1
BRDA:73,8,0,0
BRDA:73,8,1,1
BRDA:80,9,0,2
BRDA:80,9,1,0
BRDA:80,10,0,2
BRDA:80,10,1,0
BRDA:96,11,0,1
BRDA:96,11,1,4
BRDA:96,12,0,5
BRDA:96,12,1,5
BRDA:135,13,0,1
BRDA:135,13,1,1
BRDA:165,14,0,0
BRDA:165,14,1,2
BRDA:169,15,0,0
BRDA:169,15,1,0
BRF:38
BRH:26
end_of_record
TN:
SF:src/services/jwt.service.js
FN:15,generateAccessToken
FN:35,verifyAccessToken
FN:49,generateRefreshToken
FN:59,generateMfaChallengeToken
FN:71,verifyMfaChallengeToken
FNF:5
FNH:5
FNDA:3,generateAccessToken
FNDA:2,verifyAccessToken
FNDA:101,generateRefreshToken
FNDA:3,generateMfaChallengeToken
FNDA:5,verifyMfaChallengeToken
DA:3,4
DA:4,4
DA:5,4
DA:6,4
DA:8,4
DA:9,4
DA:16,3
DA:17,1
DA:19,2
DA:36,2
DA:37,0
DA:39,2
DA:50,101
DA:60,3
DA:72,5
DA:73,5
DA:74,2
DA:75,1
DA:77,3
DA:78,3
DA:82,4
LF:21
LH:20
BRDA:8,0,0,4
BRDA:8,0,1,4
BRDA:16,1,0,1
BRDA:16,1,1,2
BRDA:36,2,0,0
BRDA:36,2,1,2
BRDA:74,3,0,1
BRDA:74,3,1,1
BRF:8
BRH:7
end_of_record
TN:
SF:src/services/ldap.service.js
FN:10,createClient
FN:24,ldapAuthenticate
FN:25,(anonymous_2)
FN:28,(anonymous_3)
FN:32,(anonymous_4)
FN:41,(anonymous_5)
FN:49,(anonymous_6)
FN:53,(anonymous_7)
FN:58,(anonymous_8)
FN:67,(anonymous_9)
FN:87,(anonymous_10)
FN:88,(anonymous_11)
FN:89,(anonymous_12)
FN:90,(anonymous_13)
FN:96,authenticate
FN:100,isOpen
FNF:16
FNH:0
FNDA:0,createClient
FNDA:0,ldapAuthenticate
FNDA:0,(anonymous_2)
FNDA:0,(anonymous_3)
FNDA:0,(anonymous_4)
FNDA:0,(anonymous_5)
FNDA:0,(anonymous_6)
FNDA:0,(anonymous_7)
FNDA:0,(anonymous_8)
FNDA:0,(anonymous_9)
FNDA:0,(anonymous_10)
FNDA:0,(anonymous_11)
FNDA:0,(anonymous_12)
FNDA:0,(anonymous_13)
FNDA:0,authenticate
FNDA:0,isOpen
DA:3,1
DA:4,1
DA:5,1
DA:6,1
DA:8,1
DA:11,0
DA:25,0
DA:26,0
DA:28,0
DA:29,0
DA:32,0
DA:33,0
DA:34,0
DA:35,0
DA:38,0
DA:39,0
DA:41,0
DA:42,0
DA:43,0
DA:44,0
DA:47,0
DA:49,0
DA:50,0
DA:53,0
DA:54,0
DA:55,0
DA:58,0
DA:59,0
DA:60,0
DA:61,0
DA:64,0
DA:67,0
DA:68,0
DA:69,0
DA:70,0
DA:72,0
DA:80,1
DA:87,1
DA:88,1
DA:89,1
DA:90,1
DA:97,0
DA:101,0
DA:104,1
LF:44
LH:11
BRDA:33,0,0,0
BRDA:33,0,1,0
BRDA:42,1,0,0
BRDA:42,1,1,0
BRDA:59,2,0,0
BRDA:59,2,1,0
BRDA:69,3,0,0
BRDA:69,3,1,0
BRF:8
BRH:0
end_of_record
TN:
SF:src/services/mfa.service.js
FN:18,setupMfa
FN:37,enableMfa
FN:82,verifyOtp
FN:114,disableMfa
FN:154,getMfaStatus
FNF:5
FNH:0
FNDA:0,setupMfa
FNDA:0,enableMfa
FNDA:0,verifyOtp
FNDA:0,disableMfa
FNDA:0,getMfaStatus
DA:3,0
DA:4,0
DA:5,0
DA:6,0
DA:9,0
DA:11,0
DA:19,0
DA:20,0
DA:21,0
DA:23,0
DA:28,0
DA:29,0
DA:38,0
DA:39,0
DA:40,0
DA:41,0
DA:42,0
DA:43,0
DA:45,0
DA:46,0
DA:47,0
DA:48,0
DA:49,0
DA:51,0
DA:52,0
DA:53,0
DA:54,0
DA:55,0
DA:58,0
DA:59,0
DA:60,0
DA:61,0
DA:62,0
DA:63,0
DA:66,0
DA:73,0
DA:74,0
DA:83,0
DA:84,0
DA:85,0
DA:86,0
DA:87,0
DA:88,0
DA:90,0
DA:91,0
DA:92,0
DA:93,0
DA:94,0
DA:97,0
DA:98,0
DA:99,0
DA:100,0
DA:101,0
DA:102,0
DA:103,0
DA:106,0
DA:107,0
DA:115,0
DA:116,0
DA:117,0
DA:118,0
DA:119,0
DA:120,0
DA:122,0
DA:123,0
DA:124,0
DA:125,0
DA:126,0
DA:130,0
DA:131,0
DA:132,0
DA:133,0
DA:134,0
DA:135,0
DA:136,0
DA:140,0
DA:147,0
DA:148,0
DA:155,0
DA:156,0
DA:157,0
DA:158,0
DA:159,0
DA:160,0
DA:162,0
DA:168,0
LF:86
LH:0
BRDA:39,0,0,0
BRDA:39,0,1,0
BRDA:45,1,0,0
BRDA:45,1,1,0
BRDA:51,2,0,0
BRDA:51,2,1,0
BRDA:59,3,0,0
BRDA:59,3,1,0
BRDA:84,4,0,0
BRDA:84,4,1,0
BRDA:90,5,0,0
BRDA:90,5,1,0
BRDA:90,6,0,0
BRDA:90,6,1,0
BRDA:98,7,0,0
BRDA:98,7,1,0
BRDA:114,8,0,0
BRDA:116,9,0,0
BRDA:116,9,1,0
BRDA:122,10,0,0
BRDA:122,10,1,0
BRDA:130,11,0,0
BRDA:130,11,1,0
BRDA:132,12,0,0
BRDA:132,12,1,0
BRDA:156,13,0,0
BRDA:156,13,1,0
BRDA:164,14,0,0
BRDA:164,14,1,0
BRF:29
BRH:0
end_of_record
TN:
SF:src/services/session.service.js
FN:9,setRedis
FN:13,getRedis
FN:20,(anonymous_2)
FN:21,(anonymous_3)
FN:22,(anonymous_4)
FN:23,(anonymous_5)
FN:24,(anonymous_6)
FN:32,createSession
FN:87,validateAndRotateRefreshToken
FN:121,destroySession
FN:137,destroyAllSessions
FN:153,touchSession
FN:167,cleanStaleSessions
FN:193,listAllSessions
FN:233,terminateSessionById
FN:244,recordFailedAttempt
FN:259,clearFailedAttempts
FN:264,getFailedAttempts
FNF:18
FNH:10
FNDA:7,setRedis
FNDA:7,getRedis
FNDA:6,(anonymous_2)
FNDA:0,(anonymous_3)
FNDA:2,(anonymous_4)
FNDA:6,(anonymous_5)
FNDA:3,(anonymous_6)
FNDA:2,createSession
FNDA:2,validateAndRotateRefreshToken
FNDA:0,destroySession
FNDA:0,destroyAllSessions
FNDA:0,touchSession
FNDA:0,cleanStaleSessions
FNDA:0,listAllSessions
FNDA:0,terminateSessionById
FNDA:2,recordFailedAttempt
FNDA:1,clearFailedAttempts
FNDA:0,getFailedAttempts
DA:3,3
DA:4,3
DA:5,3
DA:7,3
DA:10,7
DA:14,7
DA:15,7
DA:19,3
DA:20,6
DA:21,0
DA:22,2
DA:23,6
DA:24,3
DA:33,2
DA:34,2
DA:35,2
DA:38,2
DA:39,2
DA:42,2
DA:43,3
DA:44,3
DA:47,2
DA:48,2
DA:49,0
DA:53,0
DA:54,0
DA:57,2
DA:60,2
DA:68,2
DA:69,2
DA:72,2
DA:79,2
DA:80,2
DA:88,2
DA:89,2
DA:90,2
DA:92,1
DA:93,1
DA:96,1
DA:99,1
DA:107,1
DA:114,1
DA:115,1
DA:122,0
DA:123,0
DA:124,0
DA:126,0
DA:127,0
DA:128,0
DA:129,0
DA:130,0
DA:131,0
DA:138,0
DA:139,0
DA:140,0
DA:142,0
DA:143,0
DA:144,0
DA:146,0
DA:147,0
DA:154,0
DA:155,0
DA:168,0
DA:169,0
DA:170,0
DA:171,0
DA:172,0
DA:174,0
DA:175,0
DA:176,0
DA:177,0
DA:178,0
DA:179,0
DA:180,0
DA:181,0
DA:182,0
DA:183,0
DA:194,0
DA:195,0
DA:196,0
DA:197,0
DA:199,0
DA:200,0
DA:201,0
DA:202,0
DA:203,0
DA:204,0
DA:205,0
DA:207,0
DA:210,0
DA:211,0
DA:212,0
DA:213,0
DA:226,0
DA:234,0
DA:235,0
DA:237,0
DA:245,2
DA:246,2
DA:247,2
DA:249,2
DA:250,1
DA:253,2
DA:254,0
DA:256,2
DA:260,1
DA:261,1
DA:265,0
DA:266,0
DA:267,0
DA:270,3
LF:111
LH:49
BRDA:14,0,0,0
BRDA:14,0,1,7
BRDA:32,1,0,2
BRDA:44,2,0,0
BRDA:44,2,1,3
BRDA:48,3,0,0
BRDA:48,3,1,2
BRDA:90,4,0,1
BRDA:90,4,1,1
BRDA:124,5,0,0
BRDA:124,5,1,0
BRDA:140,6,0,0
BRDA:140,6,1,0
BRDA:180,7,0,0
BRDA:180,7,1,0
BRDA:181,8,0,0
BRDA:181,8,1,0
BRDA:205,9,0,0
BRDA:205,9,1,0
BRDA:207,10,0,0
BRDA:207,10,1,0
BRDA:249,11,0,1
BRDA:249,11,1,1
BRDA:253,12,0,0
BRDA:253,12,1,2
BRDA:267,13,0,0
BRDA:267,13,1,0
BRF:27
BRH:9
end_of_record
TN:
SF:src/services/user.service.js
FN:7,createUser
FN:22,getUserById
FN:33,listUsers
FN:42,updateUser
FN:73,deleteUser
FN:85,changePassword
FNF:6
FNH:0
FNDA:0,createUser
FNDA:0,getUserById
FNDA:0,listUsers
FNDA:0,updateUser
FNDA:0,deleteUser
FNDA:0,changePassword
DA:3,0
DA:4,0
DA:5,0
DA:8,0
DA:9,0
DA:10,0
DA:11,0
DA:12,0
DA:13,0
DA:16,0
DA:17,0
DA:18,0
DA:19,0
DA:23,0
DA:24,0
DA:25,0
DA:26,0
DA:27,0
DA:28,0
DA:30,0
DA:34,0
DA:35,0
DA:39,0
DA:43,0
DA:44,0
DA:45,0
DA:46,0
DA:49,0
DA:50,0
DA:51,0
DA:52,0
DA:53,0
DA:56,0
DA:57,0
DA:58,0
DA:59,0
DA:60,0
DA:61,0
DA:65,0
DA:66,0
DA:67,0
DA:70,0
DA:74,0
DA:75,0
DA:76,0
DA:77,0
DA:78,0
DA:79,0
DA:81,0
DA:82,0
DA:86,0
DA:87,0
DA:88,0
DA:89,0
DA:90,0
DA:91,0
DA:94,0
DA:95,0
DA:96,0
DA:97,0
DA:98,0
DA:99,0
DA:102,0
DA:103,0
DA:104,0
DA:105,0
DA:106,0
DA:107,0
DA:108,0
DA:112,0
DA:113,0
DA:114,0
DA:115,0
DA:118,0
LF:74
LH:0
BRDA:9,0,0,0
BRDA:9,0,1,0
BRDA:16,1,0,0
BRDA:16,1,1,0
BRDA:16,2,0,0
BRDA:16,2,1,0
BRDA:24,3,0,0
BRDA:24,3,1,0
BRDA:33,4,0,0
BRDA:33,5,0,0
BRDA:33,6,0,0
BRDA:46,7,0,0
BRDA:46,7,1,0
BRDA:49,8,0,0
BRDA:49,8,1,0
BRDA:49,9,0,0
BRDA:49,9,1,0
BRDA:57,10,0,0
BRDA:57,10,1,0
BRDA:65,11,0,0
BRDA:65,11,1,0
BRDA:75,12,0,0
BRDA:75,12,1,0
BRDA:87,13,0,0
BRDA:87,13,1,0
BRDA:95,14,0,0
BRDA:95,14,1,0
BRDA:102,15,0,0
BRDA:102,15,1,0
BRDA:104,16,0,0
BRDA:104,16,1,0
BRF:31
BRH:0
end_of_record
TN:
SF:src/utils/logger.js
FN:28,(anonymous_0)
FNF:1
FNH:1
FNDA:6,(anonymous_0)
DA:3,9
DA:4,9
DA:6,9
DA:8,9
DA:28,9
DA:29,6
DA:30,6
DA:31,6
DA:32,6
DA:33,30
DA:35,6
DA:36,6
DA:37,6
DA:39,6
DA:42,9
LF:15
LH:15
BRDA:9,0,0,0
BRDA:9,0,1,9
BRDA:18,1,0,0
BRDA:18,1,1,9
BRDA:29,2,0,0
BRDA:29,2,1,6
BRDA:29,3,0,6
BRDA:29,3,1,6
BRDA:33,4,0,0
BRDA:33,4,1,30
BRDA:35,5,0,6
BRDA:35,5,1,0
BRDA:35,6,0,6
BRDA:35,6,1,6
BRDA:37,7,0,6
BRDA:37,7,1,0
BRF:16
BRH:10
end_of_record
